Log file open, 09/23/19 20:39:53
LogWindows: Failed to load 'aqProf.dll' (GetLastError=126)
LogWindows: File 'aqProf.dll' does not exist
LogWindows: Failed to load 'VtuneApi.dll' (GetLastError=126)
LogWindows: File 'VtuneApi.dll' does not exist
LogWindows: Failed to load 'VtuneApi32e.dll' (GetLastError=126)
LogWindows: File 'VtuneApi32e.dll' does not exist
LogConsoleResponse: Display: Failed to find resolution value strings in scalability ini. Falling back to default.
LogInit: Display: Running engine for game: unrealClass208
LogPlatformFile: Not using cached read wrapper
LogTaskGraph: Started task graph with 5 named threads and 23 total threads with 3 sets of task threads.
LogStats: Stats thread started at 0.073367
LogD3D11RHI: Loaded GFSDK_Aftermath_Lib.x64.dll
LogICUInternationalization: ICU TimeZone Detection - Raw Offset: -5:00, Platform Override: ''
LogPluginManager: Mounting plugin Paper2D
LogPluginManager: Mounting plugin AISupport
LogPluginManager: Mounting plugin LightPropagationVolume
LogPluginManager: Mounting plugin ActorLayerUtilities
LogPluginManager: Mounting plugin AnimationSharing
LogPluginManager: Mounting plugin CLionSourceCodeAccess
LogPluginManager: Mounting plugin CodeLiteSourceCodeAccess
LogPluginManager: Mounting plugin GitSourceControl
LogPluginManager: Mounting plugin KDevelopSourceCodeAccess
LogPluginManager: Mounting plugin NullSourceCodeAccess
LogPluginManager: Mounting plugin PerforceSourceControl
LogPluginManager: Mounting plugin SubversionSourceControl
LogPluginManager: Mounting plugin UObjectPlugin
LogPluginManager: Mounting plugin VisualStudioCodeSourceCodeAccess
LogPluginManager: Mounting plugin VisualStudioSourceCodeAccess
LogPluginManager: Mounting plugin XCodeSourceCodeAccess
LogPluginManager: Mounting plugin AssetManagerEditor
LogPluginManager: Mounting plugin CryptoKeys
LogPluginManager: Mounting plugin CurveEditorTools
LogPluginManager: Mounting plugin DataValidation
LogPluginManager: Mounting plugin FacialAnimation
LogPluginManager: Mounting plugin GameplayTagsEditor
LogPluginManager: Mounting plugin MacGraphicsSwitching
LogPluginManager: Mounting plugin MaterialAnalyzer
LogPluginManager: Mounting plugin MobileLauncherProfileWizard
LogPluginManager: Mounting plugin PluginBrowser
LogPluginManager: Mounting plugin SpeedTreeImporter
LogPluginManager: Mounting plugin DatasmithContent
LogPluginManager: Mounting plugin VariantManagerContent
LogPluginManager: Mounting plugin AlembicImporter
LogPluginManager: Mounting plugin AutomationUtils
LogPluginManager: Mounting plugin BackChannel
LogPluginManager: Mounting plugin CharacterAI
LogPluginManager: Mounting plugin GeometryCache
LogPluginManager: Mounting plugin HTML5Networking
LogPluginManager: Mounting plugin PlatformCrypto
LogPluginManager: Mounting plugin ProxyLODPlugin
LogPluginManager: Mounting plugin SkeletalReduction
LogPluginManager: Mounting plugin Niagara
LogPluginManager: Mounting plugin MagicLeap
LogPluginManager: Mounting plugin MagicLeapMedia
LogPluginManager: Mounting plugin AndroidMedia
LogPluginManager: Mounting plugin AvfMedia
LogPluginManager: Mounting plugin ImgMedia
LogPluginManager: Mounting plugin MediaCompositing
LogPluginManager: Mounting plugin MediaPlayerEditor
LogPluginManager: Mounting plugin WebMMedia
LogPluginManager: Mounting plugin WmfMedia
LogPluginManager: Mounting plugin TcpMessaging
LogPluginManager: Mounting plugin UdpMessaging
LogPluginManager: Mounting plugin ActorSequence
LogPluginManager: Mounting plugin LevelSequenceEditor
LogPluginManager: Mounting plugin MatineeToLevelSequence
LogPluginManager: Mounting plugin NetcodeUnitTest
LogPluginManager: Mounting plugin NUTUnrealEngine4
LogPluginManager: Mounting plugin OnlineSubsystemGooglePlay
LogPluginManager: Mounting plugin OnlineSubsystemIOS
LogPluginManager: Mounting plugin OnlineSubsystem
LogPluginManager: Mounting plugin OnlineSubsystemNull
LogPluginManager: Mounting plugin OnlineSubsystemUtils
LogPluginManager: Mounting plugin LauncherChunkInstaller
LogPluginManager: Mounting plugin AndroidDeviceProfileSelector
LogPluginManager: Mounting plugin AndroidMoviePlayer
LogPluginManager: Mounting plugin AndroidPermission
LogPluginManager: Mounting plugin AppleImageUtils
LogPluginManager: Mounting plugin AppleMoviePlayer
LogPluginManager: Mounting plugin ArchVisCharacter
LogPluginManager: Mounting plugin AudioCapture
LogPluginManager: Mounting plugin CableComponent
LogPluginManager: Mounting plugin CustomMeshComponent
LogPluginManager: Mounting plugin EditableMesh
LogPluginManager: Mounting plugin ExampleDeviceProfileSelector
LogPluginManager: Mounting plugin GoogleCloudMessaging
LogPluginManager: Mounting plugin IOSDeviceProfileSelector
LogPluginManager: Mounting plugin LinuxDeviceProfileSelector
LogPluginManager: Mounting plugin LocationServicesBPLibrary
LogPluginManager: Mounting plugin MobilePatchingUtils
LogPluginManager: Mounting plugin OculusVR
LogPluginManager: Mounting plugin PhysXVehicles
LogPluginManager: Mounting plugin ProceduralMeshComponent
LogPluginManager: Mounting plugin RuntimePhysXCooking
LogPluginManager: Mounting plugin SignificanceManager
LogPluginManager: Mounting plugin SteamVR
LogPluginManager: Mounting plugin WebMMoviePlayer
LogPluginManager: Mounting plugin WindowsMoviePlayer
LogPluginManager: Mounting plugin ScreenshotTools
LogInit: Using libcurl 7.55.1-DEV
LogInit:  - built for x86_64-pc-win32
LogInit:  - supports SSL with OpenSSL/1.1.1
LogInit:  - supports HTTP deflate (compression) using libz 1.2.8
LogInit:  - other features:
LogInit:      CURL_VERSION_SSL
LogInit:      CURL_VERSION_LIBZ
LogInit:      CURL_VERSION_IPV6
LogInit:      CURL_VERSION_ASYNCHDNS
LogInit:      CURL_VERSION_LARGEFILE
LogInit:      CURL_VERSION_IDN
LogInit:  CurlRequestOptions (configurable via config and command line):
LogInit:  - bVerifyPeer = true  - Libcurl will verify peer certificate
LogInit:  - bUseHttpProxy = false  - Libcurl will NOT use HTTP proxy
LogInit:  - bDontReuseConnections = false  - Libcurl will reuse connections
LogInit:  - MaxHostConnections = 16  - Libcurl will limit the number of connections to a host
LogInit:  - LocalHostAddr = Default
LogInit:  - BufferSize = 65536
LogOnline: OSS: Creating online subsystem instance for: NULL
LogInit: WinSock: version 1.1 (2.2), MaxSocks=32767, MaxUdp=65467
LogInit: Build: ++UE4+Release-4.23-CL-8386587
LogInit: Engine Version: 4.23.0-8386587+++UE4+Release-4.23
LogInit: Compatible Engine Version: 4.23.0-8386587+++UE4+Release-4.23
LogInit: Net CL: 8386587
LogInit: OS: Windows 10 (Release 1809) (), CPU: Intel(R) Core(TM) i7-4710HQ CPU @ 2.50GHz, GPU: Intel(R) HD Graphics 4600
LogInit: Compiled (64-bit): Aug 31 2019 02:04:44
LogInit: Compiled with Visual C++: 19.16.27030.01
LogInit: Build Configuration: Development
LogInit: Branch Name: ++UE4+Release-4.23
LogInit: Command Line: 
LogInit: Base Directory: D:/Program Files (x86)/Unreal/UE_4.23/Engine/Binaries/Win64/
LogInit: Installed Engine Build: 1
LogDevObjectVersion: Number of dev versions registered: 23
LogDevObjectVersion:   Dev-Blueprints (B0D832E4-1F89-4F0D-ACCF-7EB736FD4AA2): 10
LogDevObjectVersion:   Dev-Build (E1C64328-A22C-4D53-A36C-8E866417BD8C): 0
LogDevObjectVersion:   Dev-Core (375EC13C-06E4-48FB-B500-84F0262A717E): 3
LogDevObjectVersion:   Dev-Editor (E4B068ED-F494-42E9-A231-DA0B2E46BB41): 34
LogDevObjectVersion:   Dev-Framework (CFFC743F-43B0-4480-9391-14DF171D2073): 35
LogDevObjectVersion:   Dev-Mobile (B02B49B5-BB20-44E9-A304-32B752E40360): 2
LogDevObjectVersion:   Dev-Networking (A4E4105C-59A1-49B5-A7C5-40C4547EDFEE): 0
LogDevObjectVersion:   Dev-Online (39C831C9-5AE6-47DC-9A44-9C173E1C8E7C): 0
LogDevObjectVersion:   Dev-Physics (78F01B33-EBEA-4F98-B9B4-84EACCB95AA2): 0
LogDevObjectVersion:   Dev-Platform (6631380F-2D4D-43E0-8009-CF276956A95A): 0
LogDevObjectVersion:   Dev-Rendering (12F88B9F-8875-4AFC-A67C-D90C383ABD29): 31
LogDevObjectVersion:   Dev-Sequencer (7B5AE74C-D270-4C10-A958-57980B212A5A): 11
LogDevObjectVersion:   Dev-VR (D7296918-1DD6-4BDD-9DE2-64A83CC13884): 2
LogDevObjectVersion:   Dev-LoadTimes (C2A15278-BFE7-4AFE-6C17-90FF531DF755): 1
LogDevObjectVersion:   Private-Geometry (6EACA3D4-40EC-4CC1-B786-8BED09428FC5): 3
LogDevObjectVersion:   Dev-AnimPhys (29E575DD-E0A3-4627-9D10-D276232CDCEA): 17
LogDevObjectVersion:   Dev-Anim (AF43A65D-7FD3-4947-9873-3E8ED9C1BB05): 2
LogDevObjectVersion:   Dev-ReflectionCapture (6B266CEC-1EC7-4B8F-A30B-E4D90942FC07): 1
LogDevObjectVersion:   Dev-Automation (0DF73D61-A23F-47EA-B727-89E90C41499A): 1
LogDevObjectVersion:   FortniteMain (601D1886-AC64-4F84-AA16-D3DE0DEAC7D6): 27
LogDevObjectVersion:   Dev-Enterprise (9DFFBCD6-494F-0158-E221-12823C92A888): 6
LogDevObjectVersion:   Dev-Niagara (F2AED0AC-9AFE-416F-8664-AA7FFA26D6FC): 1
LogDevObjectVersion:   Dev-Destruction (174F1F0B-B4C6-45A5-B13F-2EE8D0FB917D): 9
LogInit: Presizing for max 16777216 objects, including 0 objects not considered by GC, pre-allocating 0 bytes for permanent pool.
LogInit: Object subsystem initialized
LogConfig: Setting CVar [[con.DebugEarlyDefault:1]]
LogConfig: Setting CVar [[r.setres:1280x720]]
[2019.09.24-00.39.53:411][  0]LogConfig: Setting CVar [[r.VSync:0]]
[2019.09.24-00.39.53:411][  0]LogConfig: Setting CVar [[r.RHICmdBypass:0]]
[2019.09.24-00.39.53:411][  0]LogConfig: Applying CVar settings from Section [/Script/Engine.RendererSettings] File [D:/Program Files (x86)/Unreal/Projects/fazio_game208/Saved/Config/Windows/Engine.ini]
[2019.09.24-00.39.53:411][  0]LogConfig: Setting CVar [[r.GPUCrashDebugging:0]]
[2019.09.24-00.39.53:411][  0]LogConfig: Applying CVar settings from Section [/Script/Engine.RendererOverrideSettings] File [D:/Program Files (x86)/Unreal/Projects/fazio_game208/Saved/Config/Windows/Engine.ini]
[2019.09.24-00.39.53:411][  0]LogConfig: Applying CVar settings from Section [/Script/Engine.StreamingSettings] File [D:/Program Files (x86)/Unreal/Projects/fazio_game208/Saved/Config/Windows/Engine.ini]
[2019.09.24-00.39.53:411][  0]LogConfig: Setting CVar [[s.MinBulkDataSizeForAsyncLoading:131072]]
[2019.09.24-00.39.53:411][  0]LogConfig: Setting CVar [[s.AsyncLoadingThreadEnabled:0]]
[2019.09.24-00.39.53:411][  0]LogConfig: Setting CVar [[s.EventDrivenLoaderEnabled:1]]
[2019.09.24-00.39.53:411][  0]LogConfig: Setting CVar [[s.WarnIfTimeLimitExceeded:0]]
[2019.09.24-00.39.53:411][  0]LogConfig: Setting CVar [[s.TimeLimitExceededMultiplier:1.5]]
[2019.09.24-00.39.53:411][  0]LogConfig: Setting CVar [[s.TimeLimitExceededMinTime:0.005]]
[2019.09.24-00.39.53:411][  0]LogConfig: Setting CVar [[s.UseBackgroundLevelStreaming:1]]
[2019.09.24-00.39.53:411][  0]LogConfig: Setting CVar [[s.PriorityAsyncLoadingExtraTime:15.0]]
[2019.09.24-00.39.53:411][  0]LogConfig: Setting CVar [[s.LevelStreamingActorsUpdateTimeLimit:5.0]]
[2019.09.24-00.39.53:411][  0]LogConfig: Setting CVar [[s.PriorityLevelStreamingActorsUpdateExtraTime:5.0]]
[2019.09.24-00.39.53:411][  0]LogConfig: Setting CVar [[s.LevelStreamingComponentsRegistrationGranularity:10]]
[2019.09.24-00.39.53:411][  0]LogConfig: Setting CVar [[s.UnregisterComponentsTimeLimit:1.0]]
[2019.09.24-00.39.53:411][  0]LogConfig: Setting CVar [[s.LevelStreamingComponentsUnregistrationGranularity:5]]
[2019.09.24-00.39.53:411][  0]LogConfig: Applying CVar settings from Section [/Script/Engine.GarbageCollectionSettings] File [D:/Program Files (x86)/Unreal/Projects/fazio_game208/Saved/Config/Windows/Engine.ini]
[2019.09.24-00.39.53:411][  0]LogConfig: Setting CVar [[gc.MaxObjectsNotConsideredByGC:1]]
[2019.09.24-00.39.53:411][  0]LogConfig: Setting CVar [[gc.SizeOfPermanentObjectPool:0]]
[2019.09.24-00.39.53:411][  0]LogConfig: Setting CVar [[gc.FlushStreamingOnGC:0]]
[2019.09.24-00.39.53:411][  0]LogConfig: Setting CVar [[gc.NumRetriesBeforeForcingGC:10]]
[2019.09.24-00.39.53:411][  0]LogConfig: Setting CVar [[gc.AllowParallelGC:1]]
[2019.09.24-00.39.53:411][  0]LogConfig: Setting CVar [[gc.TimeBetweenPurgingPendingKillObjects:61.1]]
[2019.09.24-00.39.53:411][  0]LogConfig: Setting CVar [[gc.MaxObjectsInEditor:16777216]]
[2019.09.24-00.39.53:411][  0]LogConfig: Setting CVar [[gc.IncrementalBeginDestroyEnabled:1]]
[2019.09.24-00.39.53:411][  0]LogConfig: Setting CVar [[gc.CreateGCClusters:1]]
[2019.09.24-00.39.53:411][  0]LogConfig: Setting CVar [[gc.MinGCClusterSize:5]]
[2019.09.24-00.39.53:411][  0]LogConfig: Setting CVar [[gc.ActorClusteringEnabled:0]]
[2019.09.24-00.39.53:411][  0]LogConfig: Setting CVar [[gc.BlueprintClusteringEnabled:0]]
[2019.09.24-00.39.53:411][  0]LogConfig: Setting CVar [[gc.UseDisregardForGCOnDedicatedServers:0]]
[2019.09.24-00.39.53:411][  0]LogConfig: Applying CVar settings from Section [/Script/Engine.NetworkSettings] File [D:/Program Files (x86)/Unreal/Projects/fazio_game208/Saved/Config/Windows/Engine.ini]
[2019.09.24-00.39.53:411][  0]LogConfig: Applying CVar settings from Section [/Script/UnrealEd.CookerSettings] File [D:/Program Files (x86)/Unreal/Projects/fazio_game208/Saved/Config/Windows/Engine.ini]
[2019.09.24-00.39.53:413][  0]LogConfig: Applying CVar settings from Section [ViewDistanceQuality@3] File [D:/Program Files (x86)/Unreal/Projects/fazio_game208/Saved/Config/Windows/Scalability.ini]
[2019.09.24-00.39.53:413][  0]LogConfig: Setting CVar [[r.SkeletalMeshLODBias:0]]
[2019.09.24-00.39.53:413][  0]LogConfig: Setting CVar [[r.ViewDistanceScale:1.0]]
[2019.09.24-00.39.53:413][  0]LogConfig: Applying CVar settings from Section [AntiAliasingQuality@3] File [D:/Program Files (x86)/Unreal/Projects/fazio_game208/Saved/Config/Windows/Scalability.ini]
[2019.09.24-00.39.53:413][  0]LogConfig: Setting CVar [[r.PostProcessAAQuality:4]]
[2019.09.24-00.39.53:413][  0]LogConfig: Applying CVar settings from Section [ShadowQuality@3] File [D:/Program Files (x86)/Unreal/Projects/fazio_game208/Saved/Config/Windows/Scalability.ini]
[2019.09.24-00.39.53:413][  0]LogConfig: Setting CVar [[r.LightFunctionQuality:1]]
[2019.09.24-00.39.53:413][  0]LogConfig: Setting CVar [[r.ShadowQuality:5]]
[2019.09.24-00.39.53:413][  0]LogConfig: Setting CVar [[r.Shadow.CSM.MaxCascades:10]]
[2019.09.24-00.39.53:413][  0]LogConfig: Setting CVar [[r.Shadow.MaxResolution:2048]]
[2019.09.24-00.39.53:413][  0]LogConfig: Setting CVar [[r.Shadow.MaxCSMResolution:2048]]
[2019.09.24-00.39.53:413][  0]LogConfig: Setting CVar [[r.Shadow.RadiusThreshold:0.01]]
[2019.09.24-00.39.53:413][  0]LogConfig: Setting CVar [[r.Shadow.DistanceScale:1.0]]
[2019.09.24-00.39.53:413][  0]LogConfig: Setting CVar [[r.Shadow.CSM.TransitionScale:1.0]]
[2019.09.24-00.39.53:413][  0]LogConfig: Setting CVar [[r.Shadow.PreShadowResolutionFactor:1.0]]
[2019.09.24-00.39.53:413][  0]LogConfig: Setting CVar [[r.DistanceFieldShadowing:1]]
[2019.09.24-00.39.53:413][  0]LogConfig: Setting CVar [[r.DistanceFieldAO:1]]
[2019.09.24-00.39.53:413][  0]LogConfig: Setting CVar [[r.AOQuality:2]]
[2019.09.24-00.39.53:413][  0]LogConfig: Setting CVar [[r.VolumetricFog:1]]
[2019.09.24-00.39.53:413][  0]LogConfig: Setting CVar [[r.VolumetricFog.GridPixelSize:8]]
[2019.09.24-00.39.53:413][  0]LogConfig: Setting CVar [[r.VolumetricFog.GridSizeZ:128]]
[2019.09.24-00.39.53:413][  0]LogConfig: Setting CVar [[r.VolumetricFog.HistoryMissSupersampleCount:4]]
[2019.09.24-00.39.53:414][  0]LogConfig: Setting CVar [[r.LightMaxDrawDistanceScale:1]]
[2019.09.24-00.39.53:414][  0]LogConfig: Setting CVar [[r.CapsuleShadows:1]]
[2019.09.24-00.39.53:414][  0]LogConfig: Applying CVar settings from Section [PostProcessQuality@3] File [D:/Program Files (x86)/Unreal/Projects/fazio_game208/Saved/Config/Windows/Scalability.ini]
[2019.09.24-00.39.53:414][  0]LogConfig: Setting CVar [[r.MotionBlurQuality:4]]
[2019.09.24-00.39.53:414][  0]LogConfig: Setting CVar [[r.AmbientOcclusionMipLevelFactor:0.4]]
[2019.09.24-00.39.53:414][  0]LogConfig: Setting CVar [[r.AmbientOcclusionMaxQuality:100]]
[2019.09.24-00.39.53:414][  0]LogConfig: Setting CVar [[r.AmbientOcclusionLevels:-1]]
[2019.09.24-00.39.53:414][  0]LogConfig: Setting CVar [[r.AmbientOcclusionRadiusScale:1.0]]
[2019.09.24-00.39.53:414][  0]LogConfig: Setting CVar [[r.DepthOfFieldQuality:2]]
[2019.09.24-00.39.53:414][  0]LogConfig: Setting CVar [[r.RenderTargetPoolMin:400]]
[2019.09.24-00.39.53:414][  0]LogConfig: Setting CVar [[r.LensFlareQuality:2]]
[2019.09.24-00.39.53:414][  0]LogConfig: Setting CVar [[r.SceneColorFringeQuality:1]]
[2019.09.24-00.39.53:414][  0]LogConfig: Setting CVar [[r.EyeAdaptationQuality:2]]
[2019.09.24-00.39.53:414][  0]LogConfig: Setting CVar [[r.BloomQuality:5]]
[2019.09.24-00.39.53:414][  0]LogConfig: Setting CVar [[r.FastBlurThreshold:100]]
[2019.09.24-00.39.53:414][  0]LogConfig: Setting CVar [[r.Upscale.Quality:3]]
[2019.09.24-00.39.53:414][  0]LogConfig: Setting CVar [[r.Tonemapper.GrainQuantization:1]]
[2019.09.24-00.39.53:414][  0]LogConfig: Setting CVar [[r.LightShaftQuality:1]]
[2019.09.24-00.39.53:414][  0]LogConfig: Setting CVar [[r.Filter.SizeScale:1]]
[2019.09.24-00.39.53:414][  0]LogConfig: Setting CVar [[r.Tonemapper.Quality:5]]
[2019.09.24-00.39.53:414][  0]LogConfig: Setting CVar [[r.DOF.Gather.AccumulatorQuality:1        ; higher gathering accumulator quality]]
[2019.09.24-00.39.53:414][  0]LogConfig: Setting CVar [[r.DOF.Gather.PostfilterMethod:1          ; Median3x3 postfilering method]]
[2019.09.24-00.39.53:414][  0]LogConfig: Setting CVar [[r.DOF.Gather.EnableBokehSettings:0       ; no bokeh simulation when gathering]]
[2019.09.24-00.39.53:414][  0]LogConfig: Setting CVar [[r.DOF.Gather.RingCount:4                 ; medium number of samples when gathering]]
[2019.09.24-00.39.53:414][  0]LogConfig: Setting CVar [[r.DOF.Scatter.ForegroundCompositing:1    ; additive foreground scattering]]
[2019.09.24-00.39.53:414][  0]LogConfig: Setting CVar [[r.DOF.Scatter.BackgroundCompositing:2    ; additive background scattering]]
[2019.09.24-00.39.53:414][  0]LogConfig: Setting CVar [[r.DOF.Scatter.EnableBokehSettings:1      ; bokeh simulation when scattering]]
[2019.09.24-00.39.53:414][  0]LogConfig: Setting CVar [[r.DOF.Scatter.MaxSpriteRatio:0.1         ; only a maximum of 10% of scattered bokeh]]
[2019.09.24-00.39.53:414][  0]LogConfig: Setting CVar [[r.DOF.Recombine.Quality:1                ; cheap slight out of focus]]
[2019.09.24-00.39.53:414][  0]LogConfig: Setting CVar [[r.DOF.Recombine.EnableBokehSettings:0    ; no bokeh simulation on slight out of focus]]
[2019.09.24-00.39.53:414][  0]LogConfig: Setting CVar [[r.DOF.TemporalAAQuality:1                ; more stable temporal accumulation]]
[2019.09.24-00.39.53:414][  0]LogConfig: Setting CVar [[r.DOF.Kernel.MaxForegroundRadius:0.025]]
[2019.09.24-00.39.53:414][  0]LogConfig: Setting CVar [[r.DOF.Kernel.MaxBackgroundRadius:0.025]]
[2019.09.24-00.39.53:414][  0]LogConfig: Applying CVar settings from Section [TextureQuality@3] File [D:/Program Files (x86)/Unreal/Projects/fazio_game208/Saved/Config/Windows/Scalability.ini]
[2019.09.24-00.39.53:414][  0]LogConfig: Setting CVar [[r.Streaming.MipBias:0]]
[2019.09.24-00.39.53:414][  0]LogConfig: Setting CVar [[r.Streaming.AmortizeCPUToGPUCopy:0]]
[2019.09.24-00.39.53:414][  0]LogConfig: Setting CVar [[r.Streaming.MaxNumTexturesToStreamPerFrame:0]]
[2019.09.24-00.39.53:414][  0]LogConfig: Setting CVar [[r.Streaming.Boost:1]]
[2019.09.24-00.39.53:414][  0]LogConfig: Setting CVar [[r.MaxAnisotropy:8]]
[2019.09.24-00.39.53:414][  0]LogConfig: Setting CVar [[r.Streaming.LimitPoolSizeToVRAM:0]]
[2019.09.24-00.39.53:414][  0]LogConfig: Setting CVar [[r.Streaming.PoolSize:1000]]
[2019.09.24-00.39.53:414][  0]LogConfig: Setting CVar [[r.Streaming.MaxEffectiveScreenSize:0]]
[2019.09.24-00.39.53:414][  0]LogConfig: Applying CVar settings from Section [EffectsQuality@3] File [D:/Program Files (x86)/Unreal/Projects/fazio_game208/Saved/Config/Windows/Scalability.ini]
[2019.09.24-00.39.53:414][  0]LogConfig: Setting CVar [[r.TranslucencyLightingVolumeDim:64]]
[2019.09.24-00.39.53:414][  0]LogConfig: Setting CVar [[r.RefractionQuality:2]]
[2019.09.24-00.39.53:414][  0]LogConfig: Setting CVar [[r.SSR.Quality:3]]
[2019.09.24-00.39.53:414][  0]LogConfig: Setting CVar [[r.SceneColorFormat:4]]
[2019.09.24-00.39.53:414][  0]LogConfig: Setting CVar [[r.DetailMode:2]]
[2019.09.24-00.39.53:414][  0]LogConfig: Setting CVar [[r.TranslucencyVolumeBlur:1]]
[2019.09.24-00.39.53:414][  0]LogConfig: Setting CVar [[r.MaterialQualityLevel:1 ; High quality]]
[2019.09.24-00.39.53:414][  0]LogConfig: Setting CVar [[r.SSS.Scale:1]]
[2019.09.24-00.39.53:414][  0]LogConfig: Setting CVar [[r.SSS.SampleSet:2]]
[2019.09.24-00.39.53:414][  0]LogConfig: Setting CVar [[r.SSS.Quality:1]]
[2019.09.24-00.39.53:414][  0]LogConfig: Setting CVar [[r.SSS.HalfRes:1]]
[2019.09.24-00.39.53:414][  0]LogConfig: Setting CVar [[r.EmitterSpawnRateScale:1.0]]
[2019.09.24-00.39.53:414][  0]LogConfig: Setting CVar [[r.ParticleLightQuality:2]]
[2019.09.24-00.39.53:414][  0]LogConfig: Applying CVar settings from Section [FoliageQuality@3] File [D:/Program Files (x86)/Unreal/Projects/fazio_game208/Saved/Config/Windows/Scalability.ini]
[2019.09.24-00.39.53:414][  0]LogConfig: Setting CVar [[foliage.DensityScale:1.0]]
[2019.09.24-00.39.53:414][  0]LogConfig: Setting CVar [[grass.DensityScale:1.0]]
[2019.09.24-00.39.53:414][  0]LogInit: Selected Device Profile: [Windows]
[2019.09.24-00.39.53:414][  0]LogInit: Applying CVar settings loaded from the selected device profile: [Windows]
[2019.09.24-00.39.53:417][  0]LogHAL: Display: Platform has ~ 12 GB [12800159744 / 17179869184 / 12], which maps to Larger [LargestMinGB=32, LargerMinGB=12, DefaultMinGB=8, SmallerMinGB=6, SmallestMinGB=0)
[2019.09.24-00.39.53:417][  0]LogInit: Going up to parent DeviceProfile []
[2019.09.24-00.39.53:417][  0]LogConfig: Applying CVar settings from Section [ViewDistanceQuality@3] File [D:/Program Files (x86)/Unreal/Projects/fazio_game208/Saved/Config/Windows/Scalability.ini]
[2019.09.24-00.39.53:417][  0]LogConfig: Setting CVar [[r.SkeletalMeshLODBias:0]]
[2019.09.24-00.39.53:417][  0]LogConfig: Setting CVar [[r.ViewDistanceScale:1.0]]
[2019.09.24-00.39.53:417][  0]LogConfig: Applying CVar settings from Section [AntiAliasingQuality@3] File [D:/Program Files (x86)/Unreal/Projects/fazio_game208/Saved/Config/Windows/Scalability.ini]
[2019.09.24-00.39.53:417][  0]LogConfig: Setting CVar [[r.PostProcessAAQuality:4]]
[2019.09.24-00.39.53:417][  0]LogConfig: Applying CVar settings from Section [ShadowQuality@3] File [D:/Program Files (x86)/Unreal/Projects/fazio_game208/Saved/Config/Windows/Scalability.ini]
[2019.09.24-00.39.53:417][  0]LogConfig: Setting CVar [[r.LightFunctionQuality:1]]
[2019.09.24-00.39.53:417][  0]LogConfig: Setting CVar [[r.ShadowQuality:5]]
[2019.09.24-00.39.53:417][  0]LogConfig: Setting CVar [[r.Shadow.CSM.MaxCascades:10]]
[2019.09.24-00.39.53:417][  0]LogConfig: Setting CVar [[r.Shadow.MaxResolution:2048]]
[2019.09.24-00.39.53:417][  0]LogConfig: Setting CVar [[r.Shadow.MaxCSMResolution:2048]]
[2019.09.24-00.39.53:417][  0]LogConfig: Setting CVar [[r.Shadow.RadiusThreshold:0.01]]
[2019.09.24-00.39.53:417][  0]LogConfig: Setting CVar [[r.Shadow.DistanceScale:1.0]]
[2019.09.24-00.39.53:417][  0]LogConfig: Setting CVar [[r.Shadow.CSM.TransitionScale:1.0]]
[2019.09.24-00.39.53:417][  0]LogConfig: Setting CVar [[r.Shadow.PreShadowResolutionFactor:1.0]]
[2019.09.24-00.39.53:417][  0]LogConfig: Setting CVar [[r.DistanceFieldShadowing:1]]
[2019.09.24-00.39.53:417][  0]LogConfig: Setting CVar [[r.DistanceFieldAO:1]]
[2019.09.24-00.39.53:417][  0]LogConfig: Setting CVar [[r.AOQuality:2]]
[2019.09.24-00.39.53:417][  0]LogConfig: Setting CVar [[r.VolumetricFog:1]]
[2019.09.24-00.39.53:417][  0]LogConfig: Setting CVar [[r.VolumetricFog.GridPixelSize:8]]
[2019.09.24-00.39.53:417][  0]LogConfig: Setting CVar [[r.VolumetricFog.GridSizeZ:128]]
[2019.09.24-00.39.53:417][  0]LogConfig: Setting CVar [[r.VolumetricFog.HistoryMissSupersampleCount:4]]
[2019.09.24-00.39.53:417][  0]LogConfig: Setting CVar [[r.LightMaxDrawDistanceScale:1]]
[2019.09.24-00.39.53:417][  0]LogConfig: Setting CVar [[r.CapsuleShadows:1]]
[2019.09.24-00.39.53:417][  0]LogConfig: Applying CVar settings from Section [PostProcessQuality@3] File [D:/Program Files (x86)/Unreal/Projects/fazio_game208/Saved/Config/Windows/Scalability.ini]
[2019.09.24-00.39.53:417][  0]LogConfig: Setting CVar [[r.MotionBlurQuality:4]]
[2019.09.24-00.39.53:417][  0]LogConfig: Setting CVar [[r.AmbientOcclusionMipLevelFactor:0.4]]
[2019.09.24-00.39.53:417][  0]LogConfig: Setting CVar [[r.AmbientOcclusionMaxQuality:100]]
[2019.09.24-00.39.53:417][  0]LogConfig: Setting CVar [[r.AmbientOcclusionLevels:-1]]
[2019.09.24-00.39.53:417][  0]LogConfig: Setting CVar [[r.AmbientOcclusionRadiusScale:1.0]]
[2019.09.24-00.39.53:417][  0]LogConfig: Setting CVar [[r.DepthOfFieldQuality:2]]
[2019.09.24-00.39.53:417][  0]LogConfig: Setting CVar [[r.RenderTargetPoolMin:400]]
[2019.09.24-00.39.53:417][  0]LogConfig: Setting CVar [[r.LensFlareQuality:2]]
[2019.09.24-00.39.53:417][  0]LogConfig: Setting CVar [[r.SceneColorFringeQuality:1]]
[2019.09.24-00.39.53:417][  0]LogConfig: Setting CVar [[r.EyeAdaptationQuality:2]]
[2019.09.24-00.39.53:417][  0]LogConfig: Setting CVar [[r.BloomQuality:5]]
[2019.09.24-00.39.53:417][  0]LogConfig: Setting CVar [[r.FastBlurThreshold:100]]
[2019.09.24-00.39.53:417][  0]LogConfig: Setting CVar [[r.Upscale.Quality:3]]
[2019.09.24-00.39.53:417][  0]LogConfig: Setting CVar [[r.Tonemapper.GrainQuantization:1]]
[2019.09.24-00.39.53:417][  0]LogConfig: Setting CVar [[r.LightShaftQuality:1]]
[2019.09.24-00.39.53:417][  0]LogConfig: Setting CVar [[r.Filter.SizeScale:1]]
[2019.09.24-00.39.53:417][  0]LogConfig: Setting CVar [[r.Tonemapper.Quality:5]]
[2019.09.24-00.39.53:417][  0]LogConfig: Setting CVar [[r.DOF.Gather.AccumulatorQuality:1        ; higher gathering accumulator quality]]
[2019.09.24-00.39.53:417][  0]LogConfig: Setting CVar [[r.DOF.Gather.PostfilterMethod:1          ; Median3x3 postfilering method]]
[2019.09.24-00.39.53:417][  0]LogConfig: Setting CVar [[r.DOF.Gather.EnableBokehSettings:0       ; no bokeh simulation when gathering]]
[2019.09.24-00.39.53:417][  0]LogConfig: Setting CVar [[r.DOF.Gather.RingCount:4                 ; medium number of samples when gathering]]
[2019.09.24-00.39.53:417][  0]LogConfig: Setting CVar [[r.DOF.Scatter.ForegroundCompositing:1    ; additive foreground scattering]]
[2019.09.24-00.39.53:417][  0]LogConfig: Setting CVar [[r.DOF.Scatter.BackgroundCompositing:2    ; additive background scattering]]
[2019.09.24-00.39.53:417][  0]LogConfig: Setting CVar [[r.DOF.Scatter.EnableBokehSettings:1      ; bokeh simulation when scattering]]
[2019.09.24-00.39.53:417][  0]LogConfig: Setting CVar [[r.DOF.Scatter.MaxSpriteRatio:0.1         ; only a maximum of 10% of scattered bokeh]]
[2019.09.24-00.39.53:417][  0]LogConfig: Setting CVar [[r.DOF.Recombine.Quality:1                ; cheap slight out of focus]]
[2019.09.24-00.39.53:417][  0]LogConfig: Setting CVar [[r.DOF.Recombine.EnableBokehSettings:0    ; no bokeh simulation on slight out of focus]]
[2019.09.24-00.39.53:417][  0]LogConfig: Setting CVar [[r.DOF.TemporalAAQuality:1                ; more stable temporal accumulation]]
[2019.09.24-00.39.53:417][  0]LogConfig: Setting CVar [[r.DOF.Kernel.MaxForegroundRadius:0.025]]
[2019.09.24-00.39.53:417][  0]LogConfig: Setting CVar [[r.DOF.Kernel.MaxBackgroundRadius:0.025]]
[2019.09.24-00.39.53:417][  0]LogConfig: Applying CVar settings from Section [TextureQuality@3] File [D:/Program Files (x86)/Unreal/Projects/fazio_game208/Saved/Config/Windows/Scalability.ini]
[2019.09.24-00.39.53:417][  0]LogConfig: Setting CVar [[r.Streaming.MipBias:0]]
[2019.09.24-00.39.53:417][  0]LogConfig: Setting CVar [[r.Streaming.AmortizeCPUToGPUCopy:0]]
[2019.09.24-00.39.53:417][  0]LogConfig: Setting CVar [[r.Streaming.MaxNumTexturesToStreamPerFrame:0]]
[2019.09.24-00.39.53:417][  0]LogConfig: Setting CVar [[r.Streaming.Boost:1]]
[2019.09.24-00.39.53:417][  0]LogConfig: Setting CVar [[r.MaxAnisotropy:8]]
[2019.09.24-00.39.53:417][  0]LogConfig: Setting CVar [[r.Streaming.LimitPoolSizeToVRAM:0]]
[2019.09.24-00.39.53:417][  0]LogConfig: Setting CVar [[r.Streaming.PoolSize:1000]]
[2019.09.24-00.39.53:417][  0]LogConfig: Setting CVar [[r.Streaming.MaxEffectiveScreenSize:0]]
[2019.09.24-00.39.53:417][  0]LogConfig: Applying CVar settings from Section [EffectsQuality@3] File [D:/Program Files (x86)/Unreal/Projects/fazio_game208/Saved/Config/Windows/Scalability.ini]
[2019.09.24-00.39.53:417][  0]LogConfig: Setting CVar [[r.TranslucencyLightingVolumeDim:64]]
[2019.09.24-00.39.53:417][  0]LogConfig: Setting CVar [[r.RefractionQuality:2]]
[2019.09.24-00.39.53:418][  0]LogConfig: Setting CVar [[r.SSR.Quality:3]]
[2019.09.24-00.39.53:418][  0]LogConfig: Setting CVar [[r.SceneColorFormat:4]]
[2019.09.24-00.39.53:418][  0]LogConfig: Setting CVar [[r.DetailMode:2]]
[2019.09.24-00.39.53:418][  0]LogConfig: Setting CVar [[r.TranslucencyVolumeBlur:1]]
[2019.09.24-00.39.53:418][  0]LogConfig: Setting CVar [[r.MaterialQualityLevel:1 ; High quality]]
[2019.09.24-00.39.53:418][  0]LogConfig: Setting CVar [[r.SSS.Scale:1]]
[2019.09.24-00.39.53:418][  0]LogConfig: Setting CVar [[r.SSS.SampleSet:2]]
[2019.09.24-00.39.53:418][  0]LogConfig: Setting CVar [[r.SSS.Quality:1]]
[2019.09.24-00.39.53:418][  0]LogConfig: Setting CVar [[r.SSS.HalfRes:1]]
[2019.09.24-00.39.53:418][  0]LogConfig: Setting CVar [[r.EmitterSpawnRateScale:1.0]]
[2019.09.24-00.39.53:418][  0]LogConfig: Setting CVar [[r.ParticleLightQuality:2]]
[2019.09.24-00.39.53:418][  0]LogConfig: Applying CVar settings from Section [FoliageQuality@3] File [D:/Program Files (x86)/Unreal/Projects/fazio_game208/Saved/Config/Windows/Scalability.ini]
[2019.09.24-00.39.53:418][  0]LogConfig: Setting CVar [[foliage.DensityScale:1.0]]
[2019.09.24-00.39.53:418][  0]LogConfig: Setting CVar [[grass.DensityScale:1.0]]
[2019.09.24-00.39.53:418][  0]LogConfig: Applying CVar settings from Section [Startup] File [../../../Engine/Config/ConsoleVariables.ini]
[2019.09.24-00.39.53:418][  0]LogConfig: Setting CVar [[net.UseAdaptiveNetUpdateFrequency:0]]
[2019.09.24-00.39.53:418][  0]LogConfig: Setting CVar [[p.chaos.AllowCreatePhysxBodies:1]]
[2019.09.24-00.39.53:418][  0]LogConfig: Setting CVar [[fx.SkipVectorVMBackendOptimizations:1]]
[2019.09.24-00.39.53:418][  0]LogConfig: Applying CVar settings from Section [ConsoleVariables] File [D:/Program Files (x86)/Unreal/Projects/fazio_game208/Saved/Config/Windows/Engine.ini]
[2019.09.24-00.39.53:418][  0]LogInit: Computer: DESKTOP-8SPS1VB
[2019.09.24-00.39.53:418][  0]LogInit: User: ene
[2019.09.24-00.39.53:418][  0]LogInit: CPU Page size=4096, Cores=4
[2019.09.24-00.39.53:418][  0]LogInit: High frequency timer resolution =10.000000 MHz
[2019.09.24-00.39.53:418][  0]LogMemory: Memory total: Physical=11.9GB (12GB approx)
[2019.09.24-00.39.53:418][  0]LogMemory: Platform Memory Stats for Windows
[2019.09.24-00.39.53:418][  0]LogMemory: Process Physical Memory: 101.50 MB used, 101.51 MB peak
[2019.09.24-00.39.53:418][  0]LogMemory: Process Virtual Memory: 99.03 MB used, 99.03 MB peak
[2019.09.24-00.39.53:418][  0]LogMemory: Physical Memory: 5830.79 MB used,  6376.39 MB free, 12207.18 MB total
[2019.09.24-00.39.53:418][  0]LogMemory: Virtual Memory: 4682.07 MB used,  134213048.00 MB free, 134217728.00 MB total
[2019.09.24-00.39.53:420][  0]LogWindows: WindowsPlatformFeatures enabled
[2019.09.24-00.39.53:435][  0]LogInit: Using OS detected language (en-US).
[2019.09.24-00.39.53:435][  0]LogInit: Using OS detected locale (en-CA).
[2019.09.24-00.39.53:435][  0]LogTextLocalizationManager: No specific localization for 'en-US' exists, so the 'en' localization will be used.
[2019.09.24-00.39.53:611][  0]LogInit: Setting process to per monitor DPI aware
[2019.09.24-00.39.53:637][  0]LogSlate: New Slate User Created.  User Index 0, Is Virtual User: 0
[2019.09.24-00.39.53:637][  0]LogSlate: Slate User Registered.  User Index 0, Is Virtual User: 0
[2019.09.24-00.39.53:792][  0]LogHMD: Failed to initialize OpenVR with code 110
[2019.09.24-00.39.53:792][  0]LogD3D11RHI: D3D11 adapters:
[2019.09.24-00.39.53:843][  0]LogD3D11RHI:    0. 'NVIDIA GeForce GTX 860M' (Feature Level 11_0)
[2019.09.24-00.39.53:843][  0]LogD3D11RHI:       2010/0/6103 MB DedicatedVideo/DedicatedSystem/SharedSystem, Outputs:1, VendorId:0x10de
[2019.09.24-00.39.53:849][  0]LogD3D11RHI:    1. 'Intel(R) HD Graphics 4600' (Feature Level 11_0)
[2019.09.24-00.39.53:849][  0]LogD3D11RHI:       112/0/2048 MB DedicatedVideo/DedicatedSystem/SharedSystem, Outputs:0, VendorId:0x8086
[2019.09.24-00.39.53:851][  0]LogD3D11RHI:    2. 'Microsoft Basic Render Driver' (Feature Level 11_0)
[2019.09.24-00.39.53:851][  0]LogD3D11RHI:       0/0/6103 MB DedicatedVideo/DedicatedSystem/SharedSystem, Outputs:0, VendorId:0x1414
[2019.09.24-00.39.53:851][  0]LogD3D11RHI: Chosen D3D11 Adapter: 0
[2019.09.24-00.39.53:871][  0]LogD3D11RHI: Creating new Direct3DDevice
[2019.09.24-00.39.53:871][  0]LogD3D11RHI:     GPU DeviceId: 0x1392 (for the marketing name, search the web for "GPU Device Id")
[2019.09.24-00.39.53:871][  0]LogWindows: EnumDisplayDevices:
[2019.09.24-00.39.53:871][  0]LogWindows:    0. 'Intel(R) HD Graphics 4600' (P:1 D:1)
[2019.09.24-00.39.53:872][  0]LogWindows:    1. 'Intel(R) HD Graphics 4600' (P:0 D:0)
[2019.09.24-00.39.53:872][  0]LogWindows:    2. 'Intel(R) HD Graphics 4600' (P:0 D:0)
[2019.09.24-00.39.53:872][  0]LogWindows: DebugString: PrimaryIsNotTheChoosenAdapter PrimaryIsNotTheChoosenAdapter PrimaryIsNotTheChoosenAdapter FoundDriverCount:0 
[2019.09.24-00.39.53:872][  0]LogD3D11RHI:     Adapter Name: NVIDIA GeForce GTX 860M
[2019.09.24-00.39.53:872][  0]LogD3D11RHI:   Driver Version: Unknown (internal:Unknown, unified:Unknown)
[2019.09.24-00.39.53:872][  0]LogD3D11RHI:      Driver Date: Unknown
[2019.09.24-00.39.53:872][  0]LogRHI: Texture pool is 1407 MB (70% of 2010 MB)
[2019.09.24-00.39.53:914][  0]LogD3D11RHI: Async texture creation enabled
[2019.09.24-00.39.53:932][  0]LogD3D11RHI: GPU Timing Frequency: 1000.000000 (Debug: 2 2)
[2019.09.24-00.39.54:219][  0]LogTemp: Display: Module 'AllDesktopTargetPlatform' loaded TargetPlatform 'AllDesktop'
[2019.09.24-00.39.54:227][  0]LogTemp: Display: Module 'MacClientTargetPlatform' loaded TargetPlatform 'MacClient'
[2019.09.24-00.39.54:235][  0]LogTemp: Display: Module 'MacNoEditorTargetPlatform' loaded TargetPlatform 'MacNoEditor'
[2019.09.24-00.39.54:243][  0]LogTemp: Display: Module 'MacServerTargetPlatform' loaded TargetPlatform 'MacServer'
[2019.09.24-00.39.54:251][  0]LogTemp: Display: Module 'MacTargetPlatform' loaded TargetPlatform 'Mac'
[2019.09.24-00.39.54:259][  0]LogTemp: Display: Module 'WindowsClientTargetPlatform' loaded TargetPlatform 'WindowsClient'
[2019.09.24-00.39.54:267][  0]LogTemp: Display: Module 'WindowsNoEditorTargetPlatform' loaded TargetPlatform 'WindowsNoEditor'
[2019.09.24-00.39.54:275][  0]LogTemp: Display: Module 'WindowsServerTargetPlatform' loaded TargetPlatform 'WindowsServer'
[2019.09.24-00.39.54:279][  0]LogTemp: Display: Module 'WindowsTargetPlatform' loaded TargetPlatform 'Windows'
[2019.09.24-00.39.54:311][  0]LogTemp: Display: Module 'AndroidTargetPlatform' loaded TargetPlatform 'Android'
[2019.09.24-00.39.54:311][  0]LogTemp: Display: Module 'AndroidTargetPlatform' loaded TargetPlatform 'Android_ASTC'
[2019.09.24-00.39.54:311][  0]LogTemp: Display: Module 'AndroidTargetPlatform' loaded TargetPlatform 'Android_ATC'
[2019.09.24-00.39.54:311][  0]LogTemp: Display: Module 'AndroidTargetPlatform' loaded TargetPlatform 'Android_DXT'
[2019.09.24-00.39.54:311][  0]LogTemp: Display: Module 'AndroidTargetPlatform' loaded TargetPlatform 'Android_ETC1'
[2019.09.24-00.39.54:311][  0]LogTemp: Display: Module 'AndroidTargetPlatform' loaded TargetPlatform 'Android_ETC1a'
[2019.09.24-00.39.54:311][  0]LogTemp: Display: Module 'AndroidTargetPlatform' loaded TargetPlatform 'Android_ETC2'
[2019.09.24-00.39.54:311][  0]LogTemp: Display: Module 'AndroidTargetPlatform' loaded TargetPlatform 'Android_PVRTC'
[2019.09.24-00.39.54:311][  0]LogTemp: Display: Module 'AndroidTargetPlatform' loaded TargetPlatform 'AndroidClient'
[2019.09.24-00.39.54:311][  0]LogTemp: Display: Module 'AndroidTargetPlatform' loaded TargetPlatform 'Android_ASTCClient'
[2019.09.24-00.39.54:311][  0]LogTemp: Display: Module 'AndroidTargetPlatform' loaded TargetPlatform 'Android_ATCClient'
[2019.09.24-00.39.54:311][  0]LogTemp: Display: Module 'AndroidTargetPlatform' loaded TargetPlatform 'Android_DXTClient'
[2019.09.24-00.39.54:311][  0]LogTemp: Display: Module 'AndroidTargetPlatform' loaded TargetPlatform 'Android_ETC1Client'
[2019.09.24-00.39.54:311][  0]LogTemp: Display: Module 'AndroidTargetPlatform' loaded TargetPlatform 'Android_ETC1aClient'
[2019.09.24-00.39.54:311][  0]LogTemp: Display: Module 'AndroidTargetPlatform' loaded TargetPlatform 'Android_ETC2Client'
[2019.09.24-00.39.54:311][  0]LogTemp: Display: Module 'AndroidTargetPlatform' loaded TargetPlatform 'Android_PVRTCClient'
[2019.09.24-00.39.54:311][  0]LogTemp: Display: Module 'AndroidTargetPlatform' loaded TargetPlatform 'Android_Multi'
[2019.09.24-00.39.54:311][  0]LogTemp: Display: Module 'AndroidTargetPlatform' loaded TargetPlatform 'Android_MultiClient'
[2019.09.24-00.39.54:312][  0]LogTemp: Display: Module 'HTML5TargetPlatform' loaded TargetPlatform 'HTML5'
[2019.09.24-00.39.54:328][  0]LogTemp: Display: Module 'IOSTargetPlatform' loaded TargetPlatform 'IOSClient'
[2019.09.24-00.39.54:328][  0]LogTemp: Display: Module 'IOSTargetPlatform' loaded TargetPlatform 'IOS'
[2019.09.24-00.39.54:341][  0]LogTemp: Display: Module 'TVOSTargetPlatform' loaded TargetPlatform 'TVOSClient'
[2019.09.24-00.39.54:341][  0]LogTemp: Display: Module 'TVOSTargetPlatform' loaded TargetPlatform 'TVOS'
[2019.09.24-00.39.54:348][  0]LogTemp: Display: Module 'LinuxClientTargetPlatform' loaded TargetPlatform 'LinuxClient'
[2019.09.24-00.39.54:355][  0]LogTemp: Display: Module 'LinuxNoEditorTargetPlatform' loaded TargetPlatform 'LinuxNoEditor'
[2019.09.24-00.39.54:362][  0]LogTemp: Display: Module 'LinuxServerTargetPlatform' loaded TargetPlatform 'LinuxServer'
[2019.09.24-00.39.54:369][  0]LogTemp: Display: Module 'LinuxTargetPlatform' loaded TargetPlatform 'Linux'
[2019.09.24-00.39.54:392][  0]LogTemp: Display: Module 'LuminTargetPlatform' loaded TargetPlatform 'Lumin'
[2019.09.24-00.39.54:392][  0]LogTemp: Display: Module 'LuminTargetPlatform' loaded TargetPlatform 'LuminClient'
[2019.09.24-00.39.54:393][  0]LogTargetPlatformManager: Display: Building Assets For Windows
[2019.09.24-00.39.54:400][  0]LogAudioDebug: Display: Lib vorbis DLL was dynamically loaded.
[2019.09.24-00.39.54:441][  0]LogShaderCompilers: Guid format shader working directory is 10 characters bigger than the processId version (../../../../Projects/fazio_game208/Intermediate/Shaders/WorkingDirectory/7548/).
[2019.09.24-00.39.54:442][  0]LogShaderCompilers: Cleaned the shader compiler working directory 'C:/Users/ene/AppData/Local/Temp/UnrealShaderWorkingDir/23251C734489FC0A3C5A4B8A61B18858/'.
[2019.09.24-00.39.54:443][  0]LogXGEController: Cannot use XGE Controller as Incredibuild is not installed on this machine.
[2019.09.24-00.39.54:444][  0]LogShaderCompilers: Cannot use XGE Shader Compiler as Incredibuild is not installed on this machine.
[2019.09.24-00.39.54:444][  0]LogShaderCompilers: Display: Using Local Shader Compiler.
[2019.09.24-00.39.55:305][  0]LogDerivedDataCache: Display: Max Cache Size: 512 MB
[2019.09.24-00.39.55:369][  0]LogDerivedDataCache: Loaded boot cache 0.06s 82MB C:/Users/ene/AppData/Local/UnrealEngine/4.23/DerivedDataCache/Boot.ddc.
[2019.09.24-00.39.55:369][  0]LogDerivedDataCache: Display: Loaded Boot cache: C:/Users/ene/AppData/Local/UnrealEngine/4.23/DerivedDataCache/Boot.ddc
[2019.09.24-00.39.55:369][  0]LogDerivedDataCache: FDerivedDataBackendGraph:  Pak pak cache file ../../../../Projects/fazio_game208/DerivedDataCache/DDC.ddp not found, will not use a pak cache.
[2019.09.24-00.39.55:369][  0]LogDerivedDataCache: Unable to find inner node Pak for hierarchical cache Hierarchy.
[2019.09.24-00.39.55:369][  0]LogDerivedDataCache: FDerivedDataBackendGraph:  CompressedPak pak cache file ../../../../Projects/fazio_game208/DerivedDataCache/Compressed.ddp not found, will not use a pak cache.
[2019.09.24-00.39.55:369][  0]LogDerivedDataCache: Unable to find inner node CompressedPak for hierarchical cache Hierarchy.
[2019.09.24-00.39.55:381][  0]LogDerivedDataCache: Display: Pak cache opened for reading ../../../Engine/DerivedDataCache/Compressed.ddp.
[2019.09.24-00.39.55:381][  0]LogDerivedDataCache: FDerivedDataBackendGraph:  EnterprisePak pak cache file ../../../Enterprise/DerivedDataCache/Compressed.ddp not found, will not use a pak cache.
[2019.09.24-00.39.55:381][  0]LogDerivedDataCache: Unable to find inner node EnterprisePak for hierarchical cache Hierarchy.
[2019.09.24-00.39.55:382][  0]LogDerivedDataCache: Using Local data cache path C:/Users/ene/AppData/Local/UnrealEngine/Common/DerivedDataCache: Writable
[2019.09.24-00.39.55:382][  0]LogDerivedDataCache: Shared data cache path not found in *engine.ini, will not use an Shared cache.
[2019.09.24-00.39.55:382][  0]LogDerivedDataCache: Unable to find inner node Shared for hierarchical cache Hierarchy.
[2019.09.24-00.39.55:405][  0]LogMaterial: Verifying Global Shaders for PCD3D_SM5
[2019.09.24-00.39.55:407][  0]LogSlate: Using FreeType 2.6.0
[2019.09.24-00.39.55:408][  0]LogSlate: SlateFontServices - WITH_FREETYPE: 1, WITH_HARFBUZZ: 1
[2019.09.24-00.39.55:460][  0]LogAssetRegistry: FAssetRegistry took 0.0024 seconds to start up
[2019.09.24-00.39.55:736][  0]LogInit: Selected Device Profile: [Windows]
[2019.09.24-00.39.55:907][  0]LogMeshReduction: Using QuadricMeshReduction for automatic static mesh reduction
[2019.09.24-00.39.55:907][  0]LogMeshReduction: Using SimplygonMeshReduction for automatic skeletal mesh reduction
[2019.09.24-00.39.55:907][  0]LogMeshReduction: Using ProxyLODMeshReduction for automatic mesh merging
[2019.09.24-00.39.55:907][  0]LogMeshReduction: No distributed automatic mesh merging module available
[2019.09.24-00.39.55:907][  0]LogMeshMerging: No distributed automatic mesh merging module available
[2019.09.24-00.39.55:918][  0]LogNetVersion: unrealClass208 1.0.0, NetCL: 8386587, EngineNetVer: 11, GameNetVer: 0 (Checksum: 438573887)
[2019.09.24-00.39.56:374][  0]LogPackageLocalizationCache: Processed 13 localized package path(s) for 1 prioritized culture(s) in 0.075719 seconds
[2019.09.24-00.39.56:381][  0]LogUObjectArray: 43469 objects as part of root set at end of initial load.
[2019.09.24-00.39.56:381][  0]LogUObjectAllocator: 7553416 out of 0 bytes used by permanent object pool.
[2019.09.24-00.39.56:381][  0]LogUObjectArray: CloseDisregardForGC: 0/0 objects in disregard for GC pool
[2019.09.24-00.39.58:547][  0]LogTcpMessaging: Initializing TcpMessaging bridge
[2019.09.24-00.39.58:550][  0]LogUdpMessaging: Initializing bridge on interface 0.0.0.0:0 to multicast group 230.0.0.1:6666.
[2019.09.24-00.39.58:599][  0]SourceControl: Source control is disabled
[2019.09.24-00.39.58:599][  0]SourceControl: Source control is disabled
[2019.09.24-00.39.58:600][  0]SourceControl: Source control is disabled
[2019.09.24-00.39.58:601][  0]SourceControl: Source control is disabled
[2019.09.24-00.39.58:927][  0]LogAndroidPermission: UAndroidPermissionCallbackProxy::GetInstance
[2019.09.24-00.39.59:012][  0]LogOcInput: OculusInput pre-init called
[2019.09.24-00.39.59:017][  0]LogWindows: Failed to load 'OVRPlugin.dll' (GetLastError=126)
[2019.09.24-00.39.59:017][  0]LogWindows: File 'OVRPlugin.dll' does not exist
[2019.09.24-00.39.59:106][  0]LogEngine: Initializing Engine...
[2019.09.24-00.39.59:107][  0]LogHMD: Failed to initialize OpenVR with code 110
[2019.09.24-00.39.59:109][  0]LogStats: UGameplayTagsManager::InitializeManager -  0.000 s
[2019.09.24-00.39.59:362][  0]LogInit: Initializing FReadOnlyCVARCache
[2019.09.24-00.39.59:373][  0]LogAIModule: Creating AISystem for world Untitled
[2019.09.24-00.39.59:387][  0]LogInit: XAudio2 using 'Speakers (Realtek High Definition Audio)' : 2 channels at 48 kHz using 32 bits per sample (channel mask 0x3)
[2019.09.24-00.39.59:433][  0]LogInit: FAudioDevice initialized.
[2019.09.24-00.39.59:433][  0]LogNetVersion: Set ProjectVersion to 1.0.0.0. Version Checksum will be recalculated on next use.
[2019.09.24-00.39.59:541][  0]LogDerivedDataCache: Saved boot cache 0.11s 82MB C:/Users/ene/AppData/Local/UnrealEngine/4.23/DerivedDataCache/Boot.ddc.
[2019.09.24-00.39.59:549][  0]LogInit: Texture streaming: Enabled
[2019.09.24-00.39.59:564][  0]LogEngineSessionManager: EngineSessionManager initialized
[2019.09.24-00.39.59:607][  0]LogInit: Transaction tracking system initialized
[2019.09.24-00.39.59:632][  0]BlueprintLog: New page: Editor Load
[2019.09.24-00.39.59:770][  0]LocalizationService: Localization service is disabled
[2019.09.24-00.40.00:002][  0]LogCook: Display: Max memory allowance for cook 16384mb min free memory 0mb
[2019.09.24-00.40.00:002][  0]LogCook: Display: Mobile HDR setting 1
[2019.09.24-00.40.00:296][  0]LogFileCache: Scanning file cache for directory 'D:/Program Files (x86)/Unreal/Projects/fazio_game208/Content/' took 0.01s
[2019.09.24-00.40.00:296][  0]SourceControl: Source control is disabled
[2019.09.24-00.40.00:296][  0]Cmd: MAP LOAD FILE="../../../../Projects/fazio_game208/Content/ThirdPersonBP/Maps/ThirdPersonExampleMap.umap" TEMPLATE=0 SHOWPROGRESS=1 FEATURELEVEL=3
[2019.09.24-00.40.00:297][  0]LightingResults: New page: Lighting Build
[2019.09.24-00.40.00:299][  0]LogWorld: UWorld::CleanupWorld for Untitled, bSessionEnded=true, bCleanupResources=true
[2019.09.24-00.40.00:299][  0]MapCheck: New page: Map Check
[2019.09.24-00.40.00:299][  0]LightingResults: New page: Lighting Build
[2019.09.24-00.40.00:339][  0]LogUObjectHash: Compacting FUObjectHashTables data took   1.92ms
[2019.09.24-00.40.01:234][  0]LogAIModule: Creating AISystem for world ThirdPersonExampleMap
[2019.09.24-00.40.01:240][  0]LogEditorServer: Finished looking for orphan Actors (0.000 secs)
[2019.09.24-00.40.01:268][  0]LogUObjectHash: Compacting FUObjectHashTables data took   2.52ms
[2019.09.24-00.40.01:268][  0]Cmd: MAP CHECKDEP NOCLEARLOG
[2019.09.24-00.40.01:268][  0]MapCheck: Map check complete: 0 Error(s), 0 Warning(s), took 0.104ms to complete.
[2019.09.24-00.40.01:268][  0]LogFileHelpers: Loading map 'ThirdPersonExampleMap' took 0.972
[2019.09.24-00.40.01:535][  0]LogSlate: Updating window title bar state: overlay mode, drag disabled, window buttons hidden, title bar hidden
[2019.09.24-00.40.01:542][  0]LogSlate: Updating window title bar state: overlay mode, drag disabled, window buttons hidden, title bar hidden
[2019.09.24-00.40.01:550][  0]LogSlate: Updating window title bar state: overlay mode, drag disabled, window buttons hidden, title bar hidden
[2019.09.24-00.40.01:557][  0]LogSlate: Updating window title bar state: overlay mode, drag disabled, window buttons hidden, title bar hidden
[2019.09.24-00.40.01:566][  0]LogCollectionManager: Loaded 0 collections in 0.001299 seconds
[2019.09.24-00.40.01:648][  0]LogFileCache: Scanning file cache for directory 'D:/Program Files (x86)/Unreal/Projects/fazio_game208/Saved/Collections/' took 0.00s
[2019.09.24-00.40.01:648][  0]LogFileCache: Scanning file cache for directory 'D:/Program Files (x86)/Unreal/Projects/fazio_game208/Content/Developers/ene/Collections/' took 0.00s
[2019.09.24-00.40.01:649][  0]LogFileCache: Scanning file cache for directory 'D:/Program Files (x86)/Unreal/Projects/fazio_game208/Content/Collections/' took 0.00s
[2019.09.24-00.40.01:649][  0]LogCollectionManager: Rebuilt the GUID cache for 0 collections in 0.000002 seconds
[2019.09.24-00.40.01:658][  0]LogContentBrowser: Native class hierarchy populated in 0.0089 seconds. Added 2999 classes and 698 folders.
[2019.09.24-00.40.01:736][  0]LogContentBrowser: Native class hierarchy updated for 'WidgetCarousel' in 0.0005 seconds. Added 0 classes and 0 folders.
[2019.09.24-00.40.02:900][  0]LogContentBrowser: Native class hierarchy updated for 'AddContentDialog' in 0.0003 seconds. Added 0 classes and 0 folders.
[2019.09.24-00.40.03:013][  0]LogContentBrowser: Native class hierarchy updated for 'SceneOutliner' in 0.0003 seconds. Added 1 classes and 2 folders.
[2019.09.24-00.40.03:071][  0]LogSlate: Took 0.000178 seconds to synchronously load lazily loaded font '../../../Engine/Content/Slate/Fonts/Roboto-Regular.ttf' (155K)
[2019.09.24-00.40.03:074][  0]LogSlate: Took 0.000199 seconds to synchronously load lazily loaded font '../../../Engine/Content/Slate/Fonts/Roboto-Bold.ttf' (160K)
[2019.09.24-00.40.03:106][  0]LogSlate: Took 0.025981 seconds to synchronously load lazily loaded font '../../../Engine/Content/Editor/Slate/Fonts/FontAwesome.ttf' (139K)
[2019.09.24-00.40.03:286][  0]LogRenderer: Reallocating scene render targets to support 1208x572 Format 10 NumSamples 1 (Frame:1).
[2019.09.24-00.40.03:590][  0]LogContentBrowser: Native class hierarchy updated for 'HierarchicalLODOutliner' in 0.0002 seconds. Added 0 classes and 0 folders.
[2019.09.24-00.40.03:590][  0]LogLoad: (Engine Initialization) Total time: 11.41 seconds
[2019.09.24-00.40.03:590][  0]LogLoad: (Engine Initialization) Total Blueprint compile time: 0.00 seconds
[2019.09.24-00.40.03:679][  0]LogContentStreaming: Texture pool size now 1000 MB
[2019.09.24-00.40.03:754][  0]LogSlate: Took 0.035539 seconds to synchronously load lazily loaded font '../../../Engine/Content/Slate/Fonts/Roboto-Light.ttf' (167K)
[2019.09.24-00.40.05:707][ 26]LogAssetRegistry: Asset discovery search completed in 10.2484 seconds
[2019.09.24-00.40.05:711][ 26]LogCollectionManager: Rebuilt the object cache for 0 collections in 0.000005 seconds (found 0 objects)
[2019.09.24-00.40.05:711][ 26]LogCollectionManager: Fixed up redirectors for 0 collections in 0.000102 seconds (updated 0 objects)
[2019.09.24-00.40.05:980][ 42]LogSlate: FSceneViewport::OnFocusLost() reason 0
[2019.09.24-00.40.06:042][ 46]LogSlate: Window 'Plugins' being destroyed
[2019.09.24-00.40.06:047][ 46]LogSlate: Window 'Plugins' being destroyed
[2019.09.24-00.40.06:047][ 46]LogDirectoryWatcher: A directory notification for '../../../Engine/Plugins/' was aborted.
[2019.09.24-00.40.06:916][ 98]LogSlate: FSceneViewport::OnFocusLost() reason 0
[2019.09.24-00.40.11:692][375]LogSlate: Prevented a slow task dialog from being summoned while a context menu was open
[2019.09.24-00.40.15:725][375]LogTexture: Display: Building textures: tree_bark_variation_02_bsm (AutoDXT, 2048X2048)
[2019.09.24-00.40.15:725][375]LogTexture: Display: Building textures: rock_ground_mud-1_no_puddle_nrm (BC5, 2048X2048)
[2019.09.24-00.40.15:726][375]LogTexture: Display: Building textures: rock_ground_mud-1_no_puddle_plx (AutoDXT, 2048X2048)
[2019.09.24-00.40.15:726][375]LogTexture: Display: Building textures: rock_ground_mud-1_no_puddle_rgm (AutoDXT, 2048X2048)
[2019.09.24-00.40.15:726][375]LogStaticMesh: Loading a staticmesh component that is flag with override vertex color buffer, but the buffer is empty after loading(serializing) it. Resave the map to fix the component override vertex color data.
[2019.09.24-00.40.15:726][375]LogStaticMesh: Loading a staticmesh component that is flag with override vertex color buffer, but the buffer is empty after loading(serializing) it. Resave the map to fix the component override vertex color data.
[2019.09.24-00.40.15:726][375]LogStaticMesh: Loading a staticmesh component that is flag with override vertex color buffer, but the buffer is empty after loading(serializing) it. Resave the map to fix the component override vertex color data.
[2019.09.24-00.40.15:741][375]LogStaticMesh: Loading a staticmesh component that is flag with override vertex color buffer, but the buffer is empty after loading(serializing) it. Resave the map to fix the component override vertex color data.
[2019.09.24-00.40.15:741][375]LogStaticMesh: Loading a staticmesh component that is flag with override vertex color buffer, but the buffer is empty after loading(serializing) it. Resave the map to fix the component override vertex color data.
[2019.09.24-00.40.15:741][375]LogStaticMesh: Loading a staticmesh component that is flag with override vertex color buffer, but the buffer is empty after loading(serializing) it. Resave the map to fix the component override vertex color data.
[2019.09.24-00.40.15:741][375]LogStaticMesh: Loading a staticmesh component that is flag with override vertex color buffer, but the buffer is empty after loading(serializing) it. Resave the map to fix the component override vertex color data.
[2019.09.24-00.40.15:741][375]LogStaticMesh: Loading a staticmesh component that is flag with override vertex color buffer, but the buffer is empty after loading(serializing) it. Resave the map to fix the component override vertex color data.
[2019.09.24-00.40.15:741][375]LogStaticMesh: Loading a staticmesh component that is flag with override vertex color buffer, but the buffer is empty after loading(serializing) it. Resave the map to fix the component override vertex color data.
[2019.09.24-00.40.15:864][375]LogTexture: Display: Building textures: grass_alpha_bsm (AutoDXT, 2048X1024)
[2019.09.24-00.40.17:285][375]LogTexture: Display: Building textures: ground_mud_rgm_8192 (AutoDXT, 8192X8192)
[2019.09.24-00.40.17:286][375]LogTexture: Display: Building textures: grass_alpha_nrm (BC5, 2048X1024)
[2019.09.24-00.40.17:752][375]LogMaterial: Display: Missing cached shader map for material master_foliage, compiling. 
[2019.09.24-00.40.18:126][375]LogTexture: Display: Building textures: ground_mud_bsm_8192 (AutoDXT, 8192X8192)
[2019.09.24-00.40.18:126][375]LogShaderCompilers: Display: Worker (1/5): shaders left to compile 115
[2019.09.24-00.40.18:126][375]LogShaderCompilers: Display: Worker (2/5): shaders left to compile 105
[2019.09.24-00.40.18:126][375]LogShaderCompilers: Display: Worker (3/5): shaders left to compile 95
[2019.09.24-00.40.18:126][375]LogShaderCompilers: Display: Worker (4/5): shaders left to compile 85
[2019.09.24-00.40.18:126][375]LogStaticMesh: Building static mesh leaves_fern_01...
[2019.09.24-00.40.18:188][375]LogStaticMesh: Built static mesh [0.06s] /Game/ProceduralNaturePack/Meshes/leaves/leaves_fern_01.leaves_fern_01
[2019.09.24-00.40.18:352][375]LogStaticMesh: Building static mesh grass_small_01...
[2019.09.24-00.40.18:412][375]LogStaticMesh: Built static mesh [0.06s] /Game/ProceduralNaturePack/Meshes/grass/grass_small_01.grass_small_01
[2019.09.24-00.40.18:423][375]LogMaterial: Display: Missing cached shader map for material master_foliage, compiling. 
[2019.09.24-00.40.18:588][375]LogStaticMesh: Building static mesh rock_group_small_c3...
[2019.09.24-00.40.18:670][375]LogStaticMesh: Built static mesh [0.08s] /Game/ProceduralNaturePack/Meshes/rocks_small/rock_group_small_c3.rock_group_small_c3
[2019.09.24-00.40.18:705][375]LoadErrors: Warning: Linear color curves now accurately handle RGB values > 1. If you were relying on HSV clamping, please update SunlightColorLUT
[2019.09.24-00.40.19:150][375]LogMemory: Warning: Freeing 33554432 bytes from backup pool to handle out of memory.
[2019.09.24-00.40.19:150][375]LogMemory: Warning: MemoryStats:
	AvailablePhysical 1267478528
	 AvailableVirtual 140724889071616
	     UsedPhysical 6229442560
	 PeakUsedPhysical 6241886208
	      UsedVirtual 7207858176
	  PeakUsedVirtual 8299909120
[2019.09.24-00.40.19:150][375]Allocator Stats for TBB: (not implemented)
[2019.09.24-00.40.19:150][375]LogWindows: Windows GetLastError: The operation completed successfully. (0)
[2019.09.24-00.40.19:739][375]LogMaterial: Display: Missing cached shader map for material master_spline_material, compiling. 
[2019.09.24-00.40.25:045][375]LogTexture: Display: Building textures: rock_detail_nrm (BC5, 512X512)
[2019.09.24-00.40.25:045][375]LogTexture: Display: Building textures: ground_mud_nrm_8192 (BC5, 8192X8192)
[2019.09.24-00.40.25:045][375]LogMaterial: Display: Missing cached shader map for material master_spline_material, compiling. 
[2019.09.24-00.40.25:338][375]LogTexture: Display: Building textures: leaves_fern_rgm (AutoDXT, 2048X1024)
[2019.09.24-00.40.25:339][375]LogMaterial: Display: Missing cached shader map for material master_spline_material, compiling. 
[2019.09.24-00.40.25:663][375]LogMaterial: Display: Missing cached shader map for material master_river_flow, compiling. 
[2019.09.24-00.40.26:171][375]LogMaterial: Display: Missing cached shader map for material master_river_flow, compiling. 
[2019.09.24-00.40.26:508][375]LogMaterial: Display: Missing cached shader map for material master_terrain_material, compiling. 
[2019.09.24-00.40.26:664][375]LogMaterial: Display: Missing cached shader map for material master_terrain_material, compiling. 
[2019.09.24-00.40.32:988][375]LogTexture: Display: Building textures: rock_small_tiling4_bsm (AutoDXT, 4096X4096)
[2019.09.24-00.40.33:089][375]LogShaderCompilers: Display: Worker (1/5): shaders left to compile 1462
[2019.09.24-00.40.33:089][375]LogShaderCompilers: Display: Worker (2/5): shaders left to compile 1452
[2019.09.24-00.40.33:089][375]LogShaderCompilers: Display: Worker (3/5): shaders left to compile 1442
[2019.09.24-00.40.33:089][375]LogShaderCompilers: Display: Worker (4/5): shaders left to compile 1432
[2019.09.24-00.40.33:089][375]LogShaderCompilers: Display: Worker (2/5): shaders left to compile 1512
[2019.09.24-00.40.33:089][375]LogStaticMesh: Building static mesh leaves_tree_b_bare_branch_02...
[2019.09.24-00.40.33:808][375]LogStaticMesh: Built static mesh [0.87s] /Game/ProceduralNaturePack/Meshes/leaves/leaves_tree_b_bare_branch_02.leaves_tree_b_bare_branch_02
[2019.09.24-00.40.35:080][375]LogShaderCompilers: Display: Worker (1/5): shaders left to compile 1502
[2019.09.24-00.40.35:080][375]LogShaderCompilers: Display: Worker (2/5): shaders left to compile 1492
[2019.09.24-00.40.35:080][375]LogShaderCompilers: Display: Worker (4/5): shaders left to compile 1482
[2019.09.24-00.40.36:283][375]LogShaderCompilers: Error: Expecting ShaderCompileWorker Single Jobs 83, got 0 instead! Forgot to build ShaderCompileWorker?
[2019.09.24-00.40.36:283][375]LogStaticMesh: Building static mesh grass_small_02...
[2019.09.24-00.40.36:304][375]LogStaticMesh: Built static mesh [0.02s] /Game/ProceduralNaturePack/Meshes/grass/grass_small_02.grass_small_02
[2019.09.24-00.40.36:517][375]LogMaterial: Display: Missing cached shader map for material master_spline_material, compiling. 
[2019.09.24-00.41.19:206][375]LogWindows: FPlatformMisc::RequestExit(0)
[2019.09.24-00.41.19:264][375]LogShaderCompilers: Error: ShaderCompileWorker returned 0 single jobs, 10 expected
[2019.09.24-00.41.19:264][375]LogWindows: FPlatformMisc::RequestExit(0)
[2019.09.24-00.41.19:264][375]LogFileManager: Error: Requested read of 4 bytes when 0 bytes remain (file=C:/Users/ene/AppData/Local/Temp/UnrealShaderWorkingDir/23251C734489FC0A3C5A4B8A61B18858/2/WorkerOutputOnly.out, size=4244)
[2019.09.24-00.41.19:265][375]LogShaderCompilers: Error: Expecting ShaderCompileWorker Pipeline Jobs 80, got -1 instead! Forgot to build ShaderCompileWorker?
[2019.09.24-00.41.19:265][375]LogWindows: FPlatformMisc::RequestExit(0)
[2019.09.24-00.41.19:265][375]LogFileManager: Error: Requested read of 4 bytes when 0 bytes remain (file=C:/Users/ene/AppData/Local/Temp/UnrealShaderWorkingDir/23251C734489FC0A3C5A4B8A61B18858/2/WorkerOutputOnly.out, size=4244)
[2019.09.24-00.41.19:265][375]LogShaderCompilers: Display: Worker (3/5): shaders left to compile 1744
[2019.09.24-00.41.19:265][375]LogShaderCompilers: Display: Worker (4/5): shaders left to compile 1734
[2019.09.24-00.41.19:265][375]LogShaderCompilers: Display: Worker (1/5): shaders left to compile 1724
[2019.09.24-00.41.19:265][375]LogShaderCompilers: Display: Worker (2/5): shaders left to compile 1714
[2019.09.24-00.41.19:265][375]LogShaderCompilers: Display: Worker (4/5): shaders left to compile 1704
[2019.09.24-00.41.19:265][375]LogShaderCompilers: Display: Worker (1/5): shaders left to compile 1694
[2019.09.24-00.41.19:265][375]LogShaderCompilers: Display: Worker (3/5): shaders left to compile 1684
[2019.09.24-00.41.19:265][375]LogShaderCompilers: Display: Worker (2/5): shaders left to compile 1674
[2019.09.24-00.41.19:265][375]LogShaderCompilers: Display: Worker (1/5): shaders left to compile 1664
[2019.09.24-00.41.19:265][375]LogShaderCompilers: Display: Worker (3/5): shaders left to compile 1654
[2019.09.24-00.41.19:265][375]LogShaderCompilers: Display: Worker (2/5): shaders left to compile 1644
[2019.09.24-00.41.19:265][375]LogShaderCompilers: Display: Worker (4/5): shaders left to compile 1634
[2019.09.24-00.41.19:265][375]LogShaderCompilers: Display: Worker (1/5): shaders left to compile 1624
[2019.09.24-00.41.19:265][375]LogShaderCompilers: Display: Worker (3/5): shaders left to compile 1614
[2019.09.24-00.41.19:265][375]LogShaderCompilers: Display: Worker (4/5): shaders left to compile 1604
[2019.09.24-00.41.19:265][375]LogShaderCompilers: Display: Worker (2/5): shaders left to compile 1594
[2019.09.24-00.41.19:265][375]LogShaderCompilers: Display: Worker (1/5): shaders left to compile 1584
[2019.09.24-00.41.19:265][375]LogShaderCompilers: Display: Worker (3/5): shaders left to compile 1574
[2019.09.24-00.41.19:265][375]LogShaderCompilers: Display: Worker (4/5): shaders left to compile 1564
[2019.09.24-00.41.19:266][375]LogShaderCompilers: Display: Worker (1/5): shaders left to compile 1554
[2019.09.24-00.41.19:266][375]LogShaderCompilers: Display: Worker (2/5): shaders left to compile 1544
[2019.09.24-00.41.19:266][375]LogShaderCompilers: Display: Worker (3/5): shaders left to compile 1534
[2019.09.24-00.41.19:266][375]LogShaderCompilers: Display: Worker (4/5): shaders left to compile 1524
[2019.09.24-00.41.19:266][375]LogShaderCompilers: Display: Worker (3/5): shaders left to compile 1514
[2019.09.24-00.41.19:266][375]LogShaderCompilers: Display: Worker (2/5): shaders left to compile 1504
[2019.09.24-00.41.19:266][375]LogShaderCompilers: Display: Worker (1/5): shaders left to compile 1494
[2019.09.24-00.41.19:266][375]LogShaderCompilers: Display: Worker (4/5): shaders left to compile 1484
[2019.09.24-00.41.19:266][375]LogShaderCompilers: Display: Worker (2/5): shaders left to compile 1474
[2019.09.24-00.41.19:266][375]LogShaderCompilers: Display: Worker (1/5): shaders left to compile 1464
[2019.09.24-00.41.19:266][375]LogShaderCompilers: Display: Worker (3/5): shaders left to compile 1454
[2019.09.24-00.41.19:266][375]LogShaderCompilers: Display: Worker (4/5): shaders left to compile 1444
[2019.09.24-00.41.19:266][375]LogShaderCompilers: Display: Worker (3/5): shaders left to compile 1434
[2019.09.24-00.41.19:266][375]LogShaderCompilers: Display: Worker (2/5): shaders left to compile 1424
[2019.09.24-00.41.19:266][375]LogShaderCompilers: Display: Worker (4/5): shaders left to compile 1414
[2019.09.24-00.41.19:266][375]LogShaderCompilers: Display: Worker (1/5): shaders left to compile 1404
[2019.09.24-00.41.19:266][375]LogShaderCompilers: Display: Worker (3/5): shaders left to compile 1394
[2019.09.24-00.41.19:266][375]LogShaderCompilers: Display: Worker (2/5): shaders left to compile 1384
[2019.09.24-00.41.19:266][375]LogShaderCompilers: Display: Worker (4/5): shaders left to compile 1374
[2019.09.24-00.41.19:266][375]LogShaderCompilers: Display: Worker (1/5): shaders left to compile 1364
[2019.09.24-00.41.19:266][375]LogShaderCompilers: Display: Worker (3/5): shaders left to compile 1354
[2019.09.24-00.41.19:266][375]LogShaderCompilers: Display: Worker (2/5): shaders left to compile 1344
[2019.09.24-00.41.19:266][375]LogShaderCompilers: Display: Worker (1/5): shaders left to compile 1334
[2019.09.24-00.41.19:266][375]LogShaderCompilers: Display: Worker (4/5): shaders left to compile 1324
[2019.09.24-00.41.19:266][375]LogShaderCompilers: Display: Worker (3/5): shaders left to compile 1314
[2019.09.24-00.41.19:266][375]LogShaderCompilers: Display: Worker (2/5): shaders left to compile 1304
[2019.09.24-00.41.19:266][375]LogShaderCompilers: Display: Worker (4/5): shaders left to compile 1294
[2019.09.24-00.41.19:266][375]LogShaderCompilers: Display: Worker (1/5): shaders left to compile 1284
[2019.09.24-00.41.19:266][375]LogShaderCompilers: Display: Worker (3/5): shaders left to compile 1274
[2019.09.24-00.41.19:266][375]LogShaderCompilers: Display: Worker (2/5): shaders left to compile 1264
[2019.09.24-00.41.19:266][375]LogShaderCompilers: Display: Worker (4/5): shaders left to compile 1254
[2019.09.24-00.41.19:266][375]LogShaderCompilers: Display: Worker (1/5): shaders left to compile 1244
[2019.09.24-00.41.19:266][375]LogShaderCompilers: Display: Worker (3/5): shaders left to compile 1234
[2019.09.24-00.41.19:266][375]LogShaderCompilers: Display: Worker (2/5): shaders left to compile 1224
[2019.09.24-00.41.19:267][375]LogShaderCompilers: Display: Worker (4/5): shaders left to compile 1214
[2019.09.24-00.41.19:267][375]LogShaderCompilers: Display: Worker (1/5): shaders left to compile 1204
[2019.09.24-00.41.19:267][375]LogShaderCompilers: Display: Worker (3/5): shaders left to compile 1194
[2019.09.24-00.41.19:267][375]LogShaderCompilers: Display: Worker (2/5): shaders left to compile 1184
[2019.09.24-00.41.19:267][375]LogShaderCompilers: Display: Worker (4/5): shaders left to compile 1174
[2019.09.24-00.41.19:267][375]LogShaderCompilers: Display: Worker (1/5): shaders left to compile 1164
[2019.09.24-00.41.19:267][375]LogShaderCompilers: Display: Worker (3/5): shaders left to compile 1154
[2019.09.24-00.41.19:267][375]LogShaderCompilers: Display: Worker (4/5): shaders left to compile 1144
[2019.09.24-00.41.19:267][375]LogShaderCompilers: Display: Worker (2/5): shaders left to compile 1134
[2019.09.24-00.41.19:267][375]LogShaderCompilers: Display: Worker (4/5): shaders left to compile 1124
[2019.09.24-00.41.19:267][375]LogShaderCompilers: Display: Worker (1/5): shaders left to compile 1114
[2019.09.24-00.41.19:267][375]LogShaderCompilers: Display: Worker (3/5): shaders left to compile 1104
[2019.09.24-00.41.19:267][375]LogShaderCompilers: Display: Worker (4/5): shaders left to compile 1094
[2019.09.24-00.41.19:267][375]LogShaderCompilers: Display: Worker (1/5): shaders left to compile 1084
[2019.09.24-00.41.19:267][375]LogShaderCompilers: Display: Worker (2/5): shaders left to compile 1074
[2019.09.24-00.41.19:267][375]LogShaderCompilers: Display: Worker (3/5): shaders left to compile 1064
[2019.09.24-00.41.19:267][375]LogShaderCompilers: Display: Worker (4/5): shaders left to compile 1054
[2019.09.24-00.41.19:267][375]LogShaderCompilers: Display: Worker (2/5): shaders left to compile 1044
[2019.09.24-00.41.19:267][375]LogShaderCompilers: Display: Worker (1/5): shaders left to compile 1034
[2019.09.24-00.41.19:267][375]LogShaderCompilers: Display: Worker (3/5): shaders left to compile 1024
[2019.09.24-00.41.19:267][375]LogShaderCompilers: Display: Worker (4/5): shaders left to compile 1014
[2019.09.24-00.41.19:267][375]LogShaderCompilers: Display: Worker (2/5): shaders left to compile 1004
[2019.09.24-00.41.19:267][375]LogShaderCompilers: Display: Worker (1/5): shaders left to compile 994
[2019.09.24-00.41.19:267][375]LogShaderCompilers: Display: Worker (3/5): shaders left to compile 984
[2019.09.24-00.41.19:267][375]LogShaderCompilers: Display: Worker (4/5): shaders left to compile 974
[2019.09.24-00.41.19:267][375]LogShaderCompilers: Display: Worker (2/5): shaders left to compile 964
[2019.09.24-00.41.19:267][375]LogShaderCompilers: Display: Worker (1/5): shaders left to compile 954
[2019.09.24-00.41.19:267][375]LogShaderCompilers: Display: Worker (3/5): shaders left to compile 944
[2019.09.24-00.41.19:267][375]LogShaderCompilers: Display: Worker (4/5): shaders left to compile 934
[2019.09.24-00.41.19:267][375]LogShaderCompilers: Display: Worker (2/5): shaders left to compile 924
[2019.09.24-00.41.19:267][375]LogShaderCompilers: Display: Worker (1/5): shaders left to compile 914
[2019.09.24-00.41.19:267][375]LogShaderCompilers: Display: Worker (3/5): shaders left to compile 904
[2019.09.24-00.41.19:267][375]LogShaderCompilers: Display: Worker (4/5): shaders left to compile 894
[2019.09.24-00.41.19:267][375]LogShaderCompilers: Display: Worker (1/5): shaders left to compile 884
[2019.09.24-00.41.19:267][375]LogShaderCompilers: Display: Worker (2/5): shaders left to compile 874
[2019.09.24-00.41.19:268][375]LogShaderCompilers: Display: Worker (3/5): shaders left to compile 864
[2019.09.24-00.41.19:268][375]LogShaderCompilers: Display: Worker (4/5): shaders left to compile 854
[2019.09.24-00.41.19:268][375]LogShaderCompilers: Display: Worker (1/5): shaders left to compile 844
[2019.09.24-00.41.19:268][375]LogShaderCompilers: Display: Worker (2/5): shaders left to compile 834
[2019.09.24-00.41.19:268][375]LogShaderCompilers: Display: Worker (3/5): shaders left to compile 824
[2019.09.24-00.41.19:268][375]LogShaderCompilers: Display: Worker (4/5): shaders left to compile 814
[2019.09.24-00.41.19:268][375]LogShaderCompilers: Display: Worker (1/5): shaders left to compile 804
[2019.09.24-00.41.19:268][375]LogThreadingWindows: Error: Runnable thread PoolThread 11 crashed.
[2019.09.24-00.41.19:268][375]LogWindows: Error: === Critical error: ===
[2019.09.24-00.41.19:268][375]LogWindows: Error: 
[2019.09.24-00.41.19:268][375]LogWindows: Error: Fatal error: [File:D:/Build/++UE4/Sync/Engine/Source/Runtime/Engine/Private/ShaderCompiler/ShaderCompiler.cpp] [Line: 306] 
[2019.09.24-00.41.19:268][375]LogWindows: Error: ShaderCompileWorker crashed!
[2019.09.24-00.41.19:268][375]LogWindows: Error: 
[2019.09.24-00.41.19:268][375]LogWindows: Error: 	Fatal error: [File:D:/Build/++UE4/Sync/Engine/Source/Runtime/Core/Private/GenericPlatform/GenericPlatformMemory.cpp] [Line: 186] 
[2019.09.24-00.41.19:268][375]LogWindows: Error: Ran out of memory allocating 525312 bytes with alignment 0
[2019.09.24-00.41.19:268][375]LogWindows: Error: 
[2019.09.24-00.41.19:268][375]LogWindows: Error: 
[2019.09.24-00.41.19:268][375]LogWindows: Error: [Callstack] 0x00007ffc61b29129 KERNELBASE.dll!UnknownFunction []
[2019.09.24-00.41.19:268][375]LogWindows: Error: [Callstack] 0x00007ffbe85f6877 ShaderCompileWorker-Core.dll!ReportAssert() []
[2019.09.24-00.41.19:268][375]LogWindows: Error: [Callstack] 0x00007ffbe85f9281 ShaderCompileWorker-Core.dll!FWindowsErrorOutputDevice::Serialize() []
[2019.09.24-00.41.19:268][375]LogWindows: Error: [Callstack] 0x00007ffbe84c105a ShaderCompileWorker-Core.dll!FOutputDevice::LogfImpl() []
[2019.09.24-00.41.19:268][375]LogWindows: Error: [Callstack] 0x00007ffbe84229c7 ShaderCompileWorker-Core.dll!AssertFailedImplV() []
[2019.09.24-00.41.19:268][375]LogWindows: Error: [Callstack] 0x00007ffbe84228c8 ShaderCompileWorker-Core.dll!FDebug::AssertFailed() []
[2019.09.24-00.41.19:268][375]LogWindows: Error: [Callstack] 0x00007ffbe832a4d7 ShaderCompileWorker-Core.dll!FGenericPlatformMemory::OnOutOfMemory() []
[2019.09.24-00.41.19:268][375]LogWindows: Error: [Callstack] 0x00007ffbe8361cd6 ShaderCompileWorker-Core.dll!FMallocTBB::Malloc() []
[2019.09.24-00.41.19:268][375]LogWindows: Error: [Callstack] 0x00007ffbf0a59e2f ShaderCompileWorker-ShaderPreprocessor.dll!xmalloc() []
[2019.09.24-00.41.19:268][375]LogWindows: Error: [Callstack] 0x00007ffbf0a61c48 ShaderCompileWorker-ShaderPreprocessor.dll!replace() []
[2019.09.24-00.41.19:268][375]LogWindows: Error: [Callstack] 0x00007ffbf0a5fcac ShaderCompileWorker-ShaderPreprocessor.dll!expand_std() []
[2019.09.24-00.41.19:268][375]LogWindows: Error: [Callstack] 0x00007ffbf0a5acc8 ShaderCompileWorker-ShaderPreprocessor.dll!mcpp_main() []
[2019.09.24-00.41.19:268][375]LogWindows: Error: [Callstack] 0x00007ffbf0a5a929 ShaderCompileWorker-ShaderPreprocessor.dll!mcpp_lib_main() []
[2019.09.24-00.41.19:268][375]LogWindows: Error: [Callstack] 0x00007ffbf0a5afc2 ShaderCompileWorker-ShaderPreprocessor.dll!mcpp_run() []
[2019.09.24-00.41.19:268][375]LogWindows: Error: [Callstack] 0x00007ffbf0a5493a ShaderCompileWorker-ShaderPreprocessor.dll!PreprocessShader() []
[2019.09.24-00.41.19:268][375]LogWindows: Error: [Callstack] 0x00007ffbf32d869f ShaderCompileWorker-ShaderFormatD3D.dll!CompileD3DShader() []
[2019.09.24-00.41.19:269][375]LogWindows: Error: [Callstack] 0x00007ffbf32da25b ShaderCompileWorker-ShaderFormatD3D.dll!FShaderFormatD3D::CompileShader() []
[2019.09.24-00.41.19:269][375]LogWindows: Error: [Callstack] 0x00007ff72a996221 ShaderCompileWorker.exe!ProcessCompilationJob() []
[2019.09.24-00.41.19:269][375]LogWindows: Error: [Callstack] 0x00007ff72a997167 ShaderCompileWorker.exe!FWorkLoop::ProcessInputFromArchive() []
[2019.09.24-00.41.19:269][375]LogWindows: Error: [Callstack] 0x00007ff72a992988 ShaderCompileWorker.exe!FWorkLoop::Loop() []
[2019.09.24-00.41.19:269][375]LogWindows: Error: [Callstack] 0x00007ff72a99128f ShaderCompileWorker.exe!GuardedMain() []
[2019.09.24-00.41.19:269][375]LogWindows: Error: [Callstack] 0x00007ff72a9914af ShaderCompileWorker.exe!GuardedMainWrapper() []
[2019.09.24-00.41.19:269][375]LogWindows: Error: [Callstack] 0x00007ff72a99e417 ShaderCompileWorker.exe!wmain() []
[2019.09.24-00.41.19:269][375]LogWindows: Error: [Callstack] 0x00007ff72a99f828 ShaderCompileWorker.exe!__scrt_common_main_seh() []
[2019.09.24-00.41.19:269][375]LogWindows: Error: [Callstack] 0x00007ffc644b7974 KERNEL32.DLL!UnknownFunction []
[2019.09.24-00.41.19:269][375]LogWindows: Error: [Callstack] 0x00007ffc652ca271 ntdll.dll!UnknownFunction []
[2019.09.24-00.41.19:269][375]LogWindows: Error: 
[2019.09.24-00.41.19:269][375]LogWindows: Error: 
[2019.09.24-00.41.19:269][375]LogWindows: Error: 
[2019.09.24-00.41.19:269][375]LogWindows: Error: 
[2019.09.24-00.41.19:269][375]LogWindows: Error: Crash in runnable thread PoolThread 11
[2019.09.24-00.41.23:786][375]LogShaderCompilers: Display: Worker (3/5): shaders left to compile 794
[2019.09.24-00.41.23:786][375]LogExit: Executing StaticShutdownAfterError
[2019.09.24-00.41.23:786][375]LogShaderCompilers: Display: Worker (4/5): shaders left to compile 784
[2019.09.24-00.41.23:786][375]LogShaderCompilers: Display: Worker (2/5): shaders left to compile 774
[2019.09.24-00.41.23:786][375]LogShaderCompilers: Display: Worker (1/5): shaders left to compile 764
[2019.09.24-00.41.23:787][375]LogShaderCompilers: Display: Worker (3/5): shaders left to compile 754
[2019.09.24-00.41.23:787][375]LogShaderCompilers: Display: Worker (4/5): shaders left to compile 744
[2019.09.24-00.41.23:787][375]LogShaderCompilers: Display: Worker (1/5): shaders left to compile 734
[2019.09.24-00.41.23:787][375]LogShaderCompilers: Display: Worker (2/5): shaders left to compile 724
[2019.09.24-00.41.23:787][375]LogShaderCompilers: Display: Worker (3/5): shaders left to compile 714
[2019.09.24-00.41.23:787][375]LogShaderCompilers: Display: Worker (1/5): shaders left to compile 704
[2019.09.24-00.41.23:787][375]LogShaderCompilers: Display: Worker (4/5): shaders left to compile 694
[2019.09.24-00.41.23:787][375]LogShaderCompilers: Display: Worker (2/5): shaders left to compile 684
[2019.09.24-00.41.23:787][375]LogShaderCompilers: Display: Worker (3/5): shaders left to compile 674
[2019.09.24-00.41.23:787][375]LogShaderCompilers: Display: Worker (1/5): shaders left to compile 664
[2019.09.24-00.41.23:787][375]LogShaderCompilers: Display: Worker (4/5): shaders left to compile 654
[2019.09.24-00.41.23:787][375]LogThreadingWindows: Error: Runnable thread PoolThread 8 crashed.
[2019.09.24-00.41.23:787][375]LogWindows: Error: HandleError re-entered.
[2019.09.24-00.41.23:787][375]LogWindows: FPlatformMisc::RequestExit(1)
[2019.09.24-00.41.23:890][375]Log file closed, 09/23/19 20:41:23
