Log file open, 09/23/19 13:38:54
LogWindows: Failed to load 'aqProf.dll' (GetLastError=126)
LogWindows: File 'aqProf.dll' does not exist
LogWindows: Failed to load 'VtuneApi.dll' (GetLastError=126)
LogWindows: File 'VtuneApi.dll' does not exist
LogWindows: Failed to load 'VtuneApi32e.dll' (GetLastError=126)
LogWindows: File 'VtuneApi32e.dll' does not exist
LogConsoleResponse: Display: Failed to find resolution value strings in scalability ini. Falling back to default.
LogInit: Display: Running engine for game: unrealClass208
LogPlatformFile: Not using cached read wrapper
LogTaskGraph: Started task graph with 5 named threads and 35 total threads with 3 sets of task threads.
LogStats: Stats thread started at 0.083451
LogD3D11RHI: Loaded GFSDK_Aftermath_Lib.x64.dll
LogICUInternationalization: ICU TimeZone Detection - Raw Offset: -5:00, Platform Override: ''
LogPluginManager: Mounting plugin Paper2D
LogPluginManager: Mounting plugin AISupport
LogPluginManager: Mounting plugin LightPropagationVolume
LogPluginManager: Mounting plugin ActorLayerUtilities
LogPluginManager: Mounting plugin AnimationSharing
LogPluginManager: Mounting plugin CLionSourceCodeAccess
LogPluginManager: Mounting plugin CodeLiteSourceCodeAccess
LogPluginManager: Mounting plugin GitSourceControl
LogPluginManager: Mounting plugin KDevelopSourceCodeAccess
LogPluginManager: Mounting plugin NullSourceCodeAccess
LogPluginManager: Mounting plugin PerforceSourceControl
LogPluginManager: Mounting plugin SubversionSourceControl
LogPluginManager: Mounting plugin UObjectPlugin
LogPluginManager: Mounting plugin VisualStudioCodeSourceCodeAccess
LogPluginManager: Mounting plugin VisualStudioSourceCodeAccess
LogPluginManager: Mounting plugin XCodeSourceCodeAccess
LogPluginManager: Mounting plugin AssetManagerEditor
LogPluginManager: Mounting plugin CryptoKeys
LogPluginManager: Mounting plugin CurveEditorTools
LogPluginManager: Mounting plugin DataValidation
LogPluginManager: Mounting plugin FacialAnimation
LogPluginManager: Mounting plugin GameplayTagsEditor
LogPluginManager: Mounting plugin MacGraphicsSwitching
LogPluginManager: Mounting plugin MaterialAnalyzer
LogPluginManager: Mounting plugin MobileLauncherProfileWizard
LogPluginManager: Mounting plugin PluginBrowser
LogPluginManager: Mounting plugin SpeedTreeImporter
LogPluginManager: Mounting plugin DatasmithContent
LogPluginManager: Mounting plugin VariantManagerContent
LogPluginManager: Mounting plugin AlembicImporter
LogPluginManager: Mounting plugin AutomationUtils
LogPluginManager: Mounting plugin BackChannel
LogPluginManager: Mounting plugin CharacterAI
LogPluginManager: Mounting plugin GeometryCache
LogPluginManager: Mounting plugin HTML5Networking
LogPluginManager: Mounting plugin PlatformCrypto
LogPluginManager: Mounting plugin ProxyLODPlugin
LogPluginManager: Mounting plugin SkeletalReduction
LogPluginManager: Mounting plugin MagicLeap
LogPluginManager: Mounting plugin MagicLeapMedia
LogPluginManager: Mounting plugin AndroidMedia
LogPluginManager: Mounting plugin AvfMedia
LogPluginManager: Mounting plugin ImgMedia
LogPluginManager: Mounting plugin MediaCompositing
LogPluginManager: Mounting plugin MediaPlayerEditor
LogPluginManager: Mounting plugin WebMMedia
LogPluginManager: Mounting plugin WmfMedia
LogPluginManager: Mounting plugin TcpMessaging
LogPluginManager: Mounting plugin UdpMessaging
LogPluginManager: Mounting plugin ActorSequence
LogPluginManager: Mounting plugin LevelSequenceEditor
LogPluginManager: Mounting plugin MatineeToLevelSequence
LogPluginManager: Mounting plugin NetcodeUnitTest
LogPluginManager: Mounting plugin NUTUnrealEngine4
LogPluginManager: Mounting plugin OnlineSubsystemGooglePlay
LogPluginManager: Mounting plugin OnlineSubsystemIOS
LogPluginManager: Mounting plugin OnlineSubsystem
LogPluginManager: Mounting plugin OnlineSubsystemNull
LogPluginManager: Mounting plugin OnlineSubsystemUtils
LogPluginManager: Mounting plugin LauncherChunkInstaller
LogPluginManager: Mounting plugin AndroidDeviceProfileSelector
LogPluginManager: Mounting plugin AndroidMoviePlayer
LogPluginManager: Mounting plugin AndroidPermission
LogPluginManager: Mounting plugin AppleImageUtils
LogPluginManager: Mounting plugin AppleMoviePlayer
LogPluginManager: Mounting plugin ArchVisCharacter
LogPluginManager: Mounting plugin AudioCapture
LogPluginManager: Mounting plugin CableComponent
LogPluginManager: Mounting plugin CustomMeshComponent
LogPluginManager: Mounting plugin EditableMesh
LogPluginManager: Mounting plugin ExampleDeviceProfileSelector
LogPluginManager: Mounting plugin GoogleCloudMessaging
LogPluginManager: Mounting plugin IOSDeviceProfileSelector
LogPluginManager: Mounting plugin LinuxDeviceProfileSelector
LogPluginManager: Mounting plugin LocationServicesBPLibrary
LogPluginManager: Mounting plugin MobilePatchingUtils
LogPluginManager: Mounting plugin OculusVR
LogPluginManager: Mounting plugin PhysXVehicles
LogPluginManager: Mounting plugin ProceduralMeshComponent
LogPluginManager: Mounting plugin RuntimePhysXCooking
LogPluginManager: Mounting plugin SignificanceManager
LogPluginManager: Mounting plugin SteamVR
LogPluginManager: Mounting plugin WebMMoviePlayer
LogPluginManager: Mounting plugin WindowsMoviePlayer
LogPluginManager: Mounting plugin ScreenshotTools
LogInit: Using libcurl 7.55.1-DEV
LogInit:  - built for x86_64-pc-win32
LogInit:  - supports SSL with OpenSSL/1.1.1
LogInit:  - supports HTTP deflate (compression) using libz 1.2.8
LogInit:  - other features:
LogInit:      CURL_VERSION_SSL
LogInit:      CURL_VERSION_LIBZ
LogInit:      CURL_VERSION_IPV6
LogInit:      CURL_VERSION_ASYNCHDNS
LogInit:      CURL_VERSION_LARGEFILE
LogInit:      CURL_VERSION_IDN
LogInit:  CurlRequestOptions (configurable via config and command line):
LogInit:  - bVerifyPeer = true  - Libcurl will verify peer certificate
LogInit:  - bUseHttpProxy = false  - Libcurl will NOT use HTTP proxy
LogInit:  - bDontReuseConnections = false  - Libcurl will reuse connections
LogInit:  - MaxHostConnections = 16  - Libcurl will limit the number of connections to a host
LogInit:  - LocalHostAddr = Default
LogInit:  - BufferSize = 65536
LogOnline: OSS: Creating online subsystem instance for: NULL
LogInit: WinSock: version 1.1 (2.2), MaxSocks=32767, MaxUdp=65467
LogInit: Build: ++UE4+Release-4.23-CL-8386587
LogInit: Engine Version: 4.23.0-8386587+++UE4+Release-4.23
LogInit: Compatible Engine Version: 4.23.0-8386587+++UE4+Release-4.23
LogInit: Net CL: 8386587
LogInit: OS: Windows 10 (Release 1903) (), CPU: AMD Ryzen 5 2600 Six-Core Processor            , GPU: NVIDIA GeForce GTX 1080
LogInit: Compiled (64-bit): Aug 31 2019 02:04:44
LogInit: Compiled with Visual C++: 19.16.27030.01
LogInit: Build Configuration: Development
LogInit: Branch Name: ++UE4+Release-4.23
LogInit: Command Line: 
LogInit: Base Directory: C:/Program Files/Epic Games/UE_4.23/Engine/Binaries/Win64/
LogInit: Installed Engine Build: 1
LogDevObjectVersion: Number of dev versions registered: 23
LogDevObjectVersion:   Dev-Blueprints (B0D832E4-1F89-4F0D-ACCF-7EB736FD4AA2): 10
LogDevObjectVersion:   Dev-Build (E1C64328-A22C-4D53-A36C-8E866417BD8C): 0
LogDevObjectVersion:   Dev-Core (375EC13C-06E4-48FB-B500-84F0262A717E): 3
LogDevObjectVersion:   Dev-Editor (E4B068ED-F494-42E9-A231-DA0B2E46BB41): 34
LogDevObjectVersion:   Dev-Framework (CFFC743F-43B0-4480-9391-14DF171D2073): 35
LogDevObjectVersion:   Dev-Mobile (B02B49B5-BB20-44E9-A304-32B752E40360): 2
LogDevObjectVersion:   Dev-Networking (A4E4105C-59A1-49B5-A7C5-40C4547EDFEE): 0
LogDevObjectVersion:   Dev-Online (39C831C9-5AE6-47DC-9A44-9C173E1C8E7C): 0
LogDevObjectVersion:   Dev-Physics (78F01B33-EBEA-4F98-B9B4-84EACCB95AA2): 0
LogDevObjectVersion:   Dev-Platform (6631380F-2D4D-43E0-8009-CF276956A95A): 0
LogDevObjectVersion:   Dev-Rendering (12F88B9F-8875-4AFC-A67C-D90C383ABD29): 31
LogDevObjectVersion:   Dev-Sequencer (7B5AE74C-D270-4C10-A958-57980B212A5A): 11
LogDevObjectVersion:   Dev-VR (D7296918-1DD6-4BDD-9DE2-64A83CC13884): 2
LogDevObjectVersion:   Dev-LoadTimes (C2A15278-BFE7-4AFE-6C17-90FF531DF755): 1
LogDevObjectVersion:   Private-Geometry (6EACA3D4-40EC-4CC1-B786-8BED09428FC5): 3
LogDevObjectVersion:   Dev-AnimPhys (29E575DD-E0A3-4627-9D10-D276232CDCEA): 17
LogDevObjectVersion:   Dev-Anim (AF43A65D-7FD3-4947-9873-3E8ED9C1BB05): 2
LogDevObjectVersion:   Dev-ReflectionCapture (6B266CEC-1EC7-4B8F-A30B-E4D90942FC07): 1
LogDevObjectVersion:   Dev-Automation (0DF73D61-A23F-47EA-B727-89E90C41499A): 1
LogDevObjectVersion:   FortniteMain (601D1886-AC64-4F84-AA16-D3DE0DEAC7D6): 27
LogDevObjectVersion:   Dev-Enterprise (9DFFBCD6-494F-0158-E221-12823C92A888): 6
LogDevObjectVersion:   Dev-Niagara (F2AED0AC-9AFE-416F-8664-AA7FFA26D6FC): 1
LogDevObjectVersion:   Dev-Destruction (174F1F0B-B4C6-45A5-B13F-2EE8D0FB917D): 9
LogInit: Presizing for max 16777216 objects, including 0 objects not considered by GC, pre-allocating 0 bytes for permanent pool.
LogInit: Object subsystem initialized
LogConfig: Setting CVar [[con.DebugEarlyDefault:1]]
LogConfig: Setting CVar [[r.setres:1280x720]]
[2019.09.23-17.38.54:864][  0]LogConfig: Setting CVar [[r.VSync:0]]
[2019.09.23-17.38.54:864][  0]LogConfig: Setting CVar [[r.RHICmdBypass:0]]
[2019.09.23-17.38.54:864][  0]LogConfig: Applying CVar settings from Section [/Script/Engine.RendererSettings] File [G:/Documents/Unreal Projects/unrealClass/Saved/Config/Windows/Engine.ini]
[2019.09.23-17.38.54:864][  0]LogConfig: Setting CVar [[r.GPUCrashDebugging:0]]
[2019.09.23-17.38.54:864][  0]LogConfig: Applying CVar settings from Section [/Script/Engine.RendererOverrideSettings] File [G:/Documents/Unreal Projects/unrealClass/Saved/Config/Windows/Engine.ini]
[2019.09.23-17.38.54:864][  0]LogConfig: Applying CVar settings from Section [/Script/Engine.StreamingSettings] File [G:/Documents/Unreal Projects/unrealClass/Saved/Config/Windows/Engine.ini]
[2019.09.23-17.38.54:864][  0]LogConfig: Setting CVar [[s.MinBulkDataSizeForAsyncLoading:131072]]
[2019.09.23-17.38.54:864][  0]LogConfig: Setting CVar [[s.AsyncLoadingThreadEnabled:0]]
[2019.09.23-17.38.54:864][  0]LogConfig: Setting CVar [[s.EventDrivenLoaderEnabled:1]]
[2019.09.23-17.38.54:864][  0]LogConfig: Setting CVar [[s.WarnIfTimeLimitExceeded:0]]
[2019.09.23-17.38.54:864][  0]LogConfig: Setting CVar [[s.TimeLimitExceededMultiplier:1.5]]
[2019.09.23-17.38.54:864][  0]LogConfig: Setting CVar [[s.TimeLimitExceededMinTime:0.005]]
[2019.09.23-17.38.54:864][  0]LogConfig: Setting CVar [[s.UseBackgroundLevelStreaming:1]]
[2019.09.23-17.38.54:864][  0]LogConfig: Setting CVar [[s.PriorityAsyncLoadingExtraTime:15.0]]
[2019.09.23-17.38.54:864][  0]LogConfig: Setting CVar [[s.LevelStreamingActorsUpdateTimeLimit:5.0]]
[2019.09.23-17.38.54:864][  0]LogConfig: Setting CVar [[s.PriorityLevelStreamingActorsUpdateExtraTime:5.0]]
[2019.09.23-17.38.54:864][  0]LogConfig: Setting CVar [[s.LevelStreamingComponentsRegistrationGranularity:10]]
[2019.09.23-17.38.54:864][  0]LogConfig: Setting CVar [[s.UnregisterComponentsTimeLimit:1.0]]
[2019.09.23-17.38.54:864][  0]LogConfig: Setting CVar [[s.LevelStreamingComponentsUnregistrationGranularity:5]]
[2019.09.23-17.38.54:864][  0]LogConfig: Applying CVar settings from Section [/Script/Engine.GarbageCollectionSettings] File [G:/Documents/Unreal Projects/unrealClass/Saved/Config/Windows/Engine.ini]
[2019.09.23-17.38.54:864][  0]LogConfig: Setting CVar [[gc.MaxObjectsNotConsideredByGC:1]]
[2019.09.23-17.38.54:864][  0]LogConfig: Setting CVar [[gc.SizeOfPermanentObjectPool:0]]
[2019.09.23-17.38.54:864][  0]LogConfig: Setting CVar [[gc.FlushStreamingOnGC:0]]
[2019.09.23-17.38.54:864][  0]LogConfig: Setting CVar [[gc.NumRetriesBeforeForcingGC:10]]
[2019.09.23-17.38.54:864][  0]LogConfig: Setting CVar [[gc.AllowParallelGC:1]]
[2019.09.23-17.38.54:864][  0]LogConfig: Setting CVar [[gc.TimeBetweenPurgingPendingKillObjects:61.1]]
[2019.09.23-17.38.54:864][  0]LogConfig: Setting CVar [[gc.MaxObjectsInEditor:16777216]]
[2019.09.23-17.38.54:864][  0]LogConfig: Setting CVar [[gc.IncrementalBeginDestroyEnabled:1]]
[2019.09.23-17.38.54:864][  0]LogConfig: Setting CVar [[gc.CreateGCClusters:1]]
[2019.09.23-17.38.54:864][  0]LogConfig: Setting CVar [[gc.MinGCClusterSize:5]]
[2019.09.23-17.38.54:864][  0]LogConfig: Setting CVar [[gc.ActorClusteringEnabled:0]]
[2019.09.23-17.38.54:864][  0]LogConfig: Setting CVar [[gc.BlueprintClusteringEnabled:0]]
[2019.09.23-17.38.54:864][  0]LogConfig: Setting CVar [[gc.UseDisregardForGCOnDedicatedServers:0]]
[2019.09.23-17.38.54:864][  0]LogConfig: Applying CVar settings from Section [/Script/Engine.NetworkSettings] File [G:/Documents/Unreal Projects/unrealClass/Saved/Config/Windows/Engine.ini]
[2019.09.23-17.38.54:864][  0]LogConfig: Applying CVar settings from Section [/Script/UnrealEd.CookerSettings] File [G:/Documents/Unreal Projects/unrealClass/Saved/Config/Windows/Engine.ini]
[2019.09.23-17.38.54:867][  0]LogConfig: Applying CVar settings from Section [ViewDistanceQuality@3] File [G:/Documents/Unreal Projects/unrealClass/Saved/Config/Windows/Scalability.ini]
[2019.09.23-17.38.54:867][  0]LogConfig: Setting CVar [[r.SkeletalMeshLODBias:0]]
[2019.09.23-17.38.54:867][  0]LogConfig: Setting CVar [[r.ViewDistanceScale:1.0]]
[2019.09.23-17.38.54:867][  0]LogConfig: Applying CVar settings from Section [AntiAliasingQuality@3] File [G:/Documents/Unreal Projects/unrealClass/Saved/Config/Windows/Scalability.ini]
[2019.09.23-17.38.54:867][  0]LogConfig: Setting CVar [[r.PostProcessAAQuality:4]]
[2019.09.23-17.38.54:867][  0]LogConfig: Applying CVar settings from Section [ShadowQuality@3] File [G:/Documents/Unreal Projects/unrealClass/Saved/Config/Windows/Scalability.ini]
[2019.09.23-17.38.54:867][  0]LogConfig: Setting CVar [[r.LightFunctionQuality:1]]
[2019.09.23-17.38.54:867][  0]LogConfig: Setting CVar [[r.ShadowQuality:5]]
[2019.09.23-17.38.54:867][  0]LogConfig: Setting CVar [[r.Shadow.CSM.MaxCascades:10]]
[2019.09.23-17.38.54:867][  0]LogConfig: Setting CVar [[r.Shadow.MaxResolution:2048]]
[2019.09.23-17.38.54:867][  0]LogConfig: Setting CVar [[r.Shadow.MaxCSMResolution:2048]]
[2019.09.23-17.38.54:867][  0]LogConfig: Setting CVar [[r.Shadow.RadiusThreshold:0.01]]
[2019.09.23-17.38.54:867][  0]LogConfig: Setting CVar [[r.Shadow.DistanceScale:1.0]]
[2019.09.23-17.38.54:867][  0]LogConfig: Setting CVar [[r.Shadow.CSM.TransitionScale:1.0]]
[2019.09.23-17.38.54:867][  0]LogConfig: Setting CVar [[r.Shadow.PreShadowResolutionFactor:1.0]]
[2019.09.23-17.38.54:867][  0]LogConfig: Setting CVar [[r.DistanceFieldShadowing:1]]
[2019.09.23-17.38.54:867][  0]LogConfig: Setting CVar [[r.DistanceFieldAO:1]]
[2019.09.23-17.38.54:867][  0]LogConfig: Setting CVar [[r.AOQuality:2]]
[2019.09.23-17.38.54:867][  0]LogConfig: Setting CVar [[r.VolumetricFog:1]]
[2019.09.23-17.38.54:867][  0]LogConfig: Setting CVar [[r.VolumetricFog.GridPixelSize:8]]
[2019.09.23-17.38.54:867][  0]LogConfig: Setting CVar [[r.VolumetricFog.GridSizeZ:128]]
[2019.09.23-17.38.54:867][  0]LogConfig: Setting CVar [[r.VolumetricFog.HistoryMissSupersampleCount:4]]
[2019.09.23-17.38.54:867][  0]LogConfig: Setting CVar [[r.LightMaxDrawDistanceScale:1]]
[2019.09.23-17.38.54:867][  0]LogConfig: Setting CVar [[r.CapsuleShadows:1]]
[2019.09.23-17.38.54:867][  0]LogConfig: Applying CVar settings from Section [PostProcessQuality@3] File [G:/Documents/Unreal Projects/unrealClass/Saved/Config/Windows/Scalability.ini]
[2019.09.23-17.38.54:867][  0]LogConfig: Setting CVar [[r.MotionBlurQuality:4]]
[2019.09.23-17.38.54:867][  0]LogConfig: Setting CVar [[r.AmbientOcclusionMipLevelFactor:0.4]]
[2019.09.23-17.38.54:867][  0]LogConfig: Setting CVar [[r.AmbientOcclusionMaxQuality:100]]
[2019.09.23-17.38.54:867][  0]LogConfig: Setting CVar [[r.AmbientOcclusionLevels:-1]]
[2019.09.23-17.38.54:867][  0]LogConfig: Setting CVar [[r.AmbientOcclusionRadiusScale:1.0]]
[2019.09.23-17.38.54:867][  0]LogConfig: Setting CVar [[r.DepthOfFieldQuality:2]]
[2019.09.23-17.38.54:867][  0]LogConfig: Setting CVar [[r.RenderTargetPoolMin:400]]
[2019.09.23-17.38.54:867][  0]LogConfig: Setting CVar [[r.LensFlareQuality:2]]
[2019.09.23-17.38.54:867][  0]LogConfig: Setting CVar [[r.SceneColorFringeQuality:1]]
[2019.09.23-17.38.54:867][  0]LogConfig: Setting CVar [[r.EyeAdaptationQuality:2]]
[2019.09.23-17.38.54:867][  0]LogConfig: Setting CVar [[r.BloomQuality:5]]
[2019.09.23-17.38.54:867][  0]LogConfig: Setting CVar [[r.FastBlurThreshold:100]]
[2019.09.23-17.38.54:867][  0]LogConfig: Setting CVar [[r.Upscale.Quality:3]]
[2019.09.23-17.38.54:867][  0]LogConfig: Setting CVar [[r.Tonemapper.GrainQuantization:1]]
[2019.09.23-17.38.54:867][  0]LogConfig: Setting CVar [[r.LightShaftQuality:1]]
[2019.09.23-17.38.54:867][  0]LogConfig: Setting CVar [[r.Filter.SizeScale:1]]
[2019.09.23-17.38.54:867][  0]LogConfig: Setting CVar [[r.Tonemapper.Quality:5]]
[2019.09.23-17.38.54:867][  0]LogConfig: Setting CVar [[r.DOF.Gather.AccumulatorQuality:1        ; higher gathering accumulator quality]]
[2019.09.23-17.38.54:867][  0]LogConfig: Setting CVar [[r.DOF.Gather.PostfilterMethod:1          ; Median3x3 postfilering method]]
[2019.09.23-17.38.54:867][  0]LogConfig: Setting CVar [[r.DOF.Gather.EnableBokehSettings:0       ; no bokeh simulation when gathering]]
[2019.09.23-17.38.54:867][  0]LogConfig: Setting CVar [[r.DOF.Gather.RingCount:4                 ; medium number of samples when gathering]]
[2019.09.23-17.38.54:867][  0]LogConfig: Setting CVar [[r.DOF.Scatter.ForegroundCompositing:1    ; additive foreground scattering]]
[2019.09.23-17.38.54:867][  0]LogConfig: Setting CVar [[r.DOF.Scatter.BackgroundCompositing:2    ; additive background scattering]]
[2019.09.23-17.38.54:867][  0]LogConfig: Setting CVar [[r.DOF.Scatter.EnableBokehSettings:1      ; bokeh simulation when scattering]]
[2019.09.23-17.38.54:867][  0]LogConfig: Setting CVar [[r.DOF.Scatter.MaxSpriteRatio:0.1         ; only a maximum of 10% of scattered bokeh]]
[2019.09.23-17.38.54:867][  0]LogConfig: Setting CVar [[r.DOF.Recombine.Quality:1                ; cheap slight out of focus]]
[2019.09.23-17.38.54:867][  0]LogConfig: Setting CVar [[r.DOF.Recombine.EnableBokehSettings:0    ; no bokeh simulation on slight out of focus]]
[2019.09.23-17.38.54:867][  0]LogConfig: Setting CVar [[r.DOF.TemporalAAQuality:1                ; more stable temporal accumulation]]
[2019.09.23-17.38.54:867][  0]LogConfig: Setting CVar [[r.DOF.Kernel.MaxForegroundRadius:0.025]]
[2019.09.23-17.38.54:867][  0]LogConfig: Setting CVar [[r.DOF.Kernel.MaxBackgroundRadius:0.025]]
[2019.09.23-17.38.54:867][  0]LogConfig: Applying CVar settings from Section [TextureQuality@3] File [G:/Documents/Unreal Projects/unrealClass/Saved/Config/Windows/Scalability.ini]
[2019.09.23-17.38.54:867][  0]LogConfig: Setting CVar [[r.Streaming.MipBias:0]]
[2019.09.23-17.38.54:867][  0]LogConfig: Setting CVar [[r.Streaming.AmortizeCPUToGPUCopy:0]]
[2019.09.23-17.38.54:867][  0]LogConfig: Setting CVar [[r.Streaming.MaxNumTexturesToStreamPerFrame:0]]
[2019.09.23-17.38.54:867][  0]LogConfig: Setting CVar [[r.Streaming.Boost:1]]
[2019.09.23-17.38.54:868][  0]LogConfig: Setting CVar [[r.MaxAnisotropy:8]]
[2019.09.23-17.38.54:868][  0]LogConfig: Setting CVar [[r.Streaming.LimitPoolSizeToVRAM:0]]
[2019.09.23-17.38.54:868][  0]LogConfig: Setting CVar [[r.Streaming.PoolSize:1000]]
[2019.09.23-17.38.54:868][  0]LogConfig: Setting CVar [[r.Streaming.MaxEffectiveScreenSize:0]]
[2019.09.23-17.38.54:868][  0]LogConfig: Applying CVar settings from Section [EffectsQuality@3] File [G:/Documents/Unreal Projects/unrealClass/Saved/Config/Windows/Scalability.ini]
[2019.09.23-17.38.54:868][  0]LogConfig: Setting CVar [[r.TranslucencyLightingVolumeDim:64]]
[2019.09.23-17.38.54:868][  0]LogConfig: Setting CVar [[r.RefractionQuality:2]]
[2019.09.23-17.38.54:868][  0]LogConfig: Setting CVar [[r.SSR.Quality:3]]
[2019.09.23-17.38.54:868][  0]LogConfig: Setting CVar [[r.SceneColorFormat:4]]
[2019.09.23-17.38.54:868][  0]LogConfig: Setting CVar [[r.DetailMode:2]]
[2019.09.23-17.38.54:868][  0]LogConfig: Setting CVar [[r.TranslucencyVolumeBlur:1]]
[2019.09.23-17.38.54:868][  0]LogConfig: Setting CVar [[r.MaterialQualityLevel:1 ; High quality]]
[2019.09.23-17.38.54:868][  0]LogConfig: Setting CVar [[r.SSS.Scale:1]]
[2019.09.23-17.38.54:868][  0]LogConfig: Setting CVar [[r.SSS.SampleSet:2]]
[2019.09.23-17.38.54:868][  0]LogConfig: Setting CVar [[r.SSS.Quality:1]]
[2019.09.23-17.38.54:868][  0]LogConfig: Setting CVar [[r.SSS.HalfRes:1]]
[2019.09.23-17.38.54:868][  0]LogConfig: Setting CVar [[r.EmitterSpawnRateScale:1.0]]
[2019.09.23-17.38.54:868][  0]LogConfig: Setting CVar [[r.ParticleLightQuality:2]]
[2019.09.23-17.38.54:868][  0]LogConfig: Applying CVar settings from Section [FoliageQuality@3] File [G:/Documents/Unreal Projects/unrealClass/Saved/Config/Windows/Scalability.ini]
[2019.09.23-17.38.54:868][  0]LogConfig: Setting CVar [[foliage.DensityScale:1.0]]
[2019.09.23-17.38.54:868][  0]LogConfig: Setting CVar [[grass.DensityScale:1.0]]
[2019.09.23-17.38.54:868][  0]LogInit: Selected Device Profile: [Windows]
[2019.09.23-17.38.54:868][  0]LogInit: Applying CVar settings loaded from the selected device profile: [Windows]
[2019.09.23-17.38.54:871][  0]LogHAL: Display: Platform has ~ 16 GB [17109417984 / 17179869184 / 16], which maps to Larger [LargestMinGB=32, LargerMinGB=12, DefaultMinGB=8, SmallerMinGB=6, SmallestMinGB=0)
[2019.09.23-17.38.54:871][  0]LogInit: Going up to parent DeviceProfile []
[2019.09.23-17.38.54:871][  0]LogConfig: Applying CVar settings from Section [ViewDistanceQuality@3] File [G:/Documents/Unreal Projects/unrealClass/Saved/Config/Windows/Scalability.ini]
[2019.09.23-17.38.54:871][  0]LogConfig: Setting CVar [[r.SkeletalMeshLODBias:0]]
[2019.09.23-17.38.54:871][  0]LogConfig: Setting CVar [[r.ViewDistanceScale:1.0]]
[2019.09.23-17.38.54:871][  0]LogConfig: Applying CVar settings from Section [AntiAliasingQuality@3] File [G:/Documents/Unreal Projects/unrealClass/Saved/Config/Windows/Scalability.ini]
[2019.09.23-17.38.54:871][  0]LogConfig: Setting CVar [[r.PostProcessAAQuality:4]]
[2019.09.23-17.38.54:871][  0]LogConfig: Applying CVar settings from Section [ShadowQuality@3] File [G:/Documents/Unreal Projects/unrealClass/Saved/Config/Windows/Scalability.ini]
[2019.09.23-17.38.54:871][  0]LogConfig: Setting CVar [[r.LightFunctionQuality:1]]
[2019.09.23-17.38.54:871][  0]LogConfig: Setting CVar [[r.ShadowQuality:5]]
[2019.09.23-17.38.54:871][  0]LogConfig: Setting CVar [[r.Shadow.CSM.MaxCascades:10]]
[2019.09.23-17.38.54:871][  0]LogConfig: Setting CVar [[r.Shadow.MaxResolution:2048]]
[2019.09.23-17.38.54:871][  0]LogConfig: Setting CVar [[r.Shadow.MaxCSMResolution:2048]]
[2019.09.23-17.38.54:871][  0]LogConfig: Setting CVar [[r.Shadow.RadiusThreshold:0.01]]
[2019.09.23-17.38.54:871][  0]LogConfig: Setting CVar [[r.Shadow.DistanceScale:1.0]]
[2019.09.23-17.38.54:871][  0]LogConfig: Setting CVar [[r.Shadow.CSM.TransitionScale:1.0]]
[2019.09.23-17.38.54:871][  0]LogConfig: Setting CVar [[r.Shadow.PreShadowResolutionFactor:1.0]]
[2019.09.23-17.38.54:871][  0]LogConfig: Setting CVar [[r.DistanceFieldShadowing:1]]
[2019.09.23-17.38.54:871][  0]LogConfig: Setting CVar [[r.DistanceFieldAO:1]]
[2019.09.23-17.38.54:871][  0]LogConfig: Setting CVar [[r.AOQuality:2]]
[2019.09.23-17.38.54:871][  0]LogConfig: Setting CVar [[r.VolumetricFog:1]]
[2019.09.23-17.38.54:871][  0]LogConfig: Setting CVar [[r.VolumetricFog.GridPixelSize:8]]
[2019.09.23-17.38.54:871][  0]LogConfig: Setting CVar [[r.VolumetricFog.GridSizeZ:128]]
[2019.09.23-17.38.54:871][  0]LogConfig: Setting CVar [[r.VolumetricFog.HistoryMissSupersampleCount:4]]
[2019.09.23-17.38.54:871][  0]LogConfig: Setting CVar [[r.LightMaxDrawDistanceScale:1]]
[2019.09.23-17.38.54:871][  0]LogConfig: Setting CVar [[r.CapsuleShadows:1]]
[2019.09.23-17.38.54:871][  0]LogConfig: Applying CVar settings from Section [PostProcessQuality@3] File [G:/Documents/Unreal Projects/unrealClass/Saved/Config/Windows/Scalability.ini]
[2019.09.23-17.38.54:871][  0]LogConfig: Setting CVar [[r.MotionBlurQuality:4]]
[2019.09.23-17.38.54:871][  0]LogConfig: Setting CVar [[r.AmbientOcclusionMipLevelFactor:0.4]]
[2019.09.23-17.38.54:871][  0]LogConfig: Setting CVar [[r.AmbientOcclusionMaxQuality:100]]
[2019.09.23-17.38.54:871][  0]LogConfig: Setting CVar [[r.AmbientOcclusionLevels:-1]]
[2019.09.23-17.38.54:871][  0]LogConfig: Setting CVar [[r.AmbientOcclusionRadiusScale:1.0]]
[2019.09.23-17.38.54:871][  0]LogConfig: Setting CVar [[r.DepthOfFieldQuality:2]]
[2019.09.23-17.38.54:871][  0]LogConfig: Setting CVar [[r.RenderTargetPoolMin:400]]
[2019.09.23-17.38.54:871][  0]LogConfig: Setting CVar [[r.LensFlareQuality:2]]
[2019.09.23-17.38.54:871][  0]LogConfig: Setting CVar [[r.SceneColorFringeQuality:1]]
[2019.09.23-17.38.54:871][  0]LogConfig: Setting CVar [[r.EyeAdaptationQuality:2]]
[2019.09.23-17.38.54:871][  0]LogConfig: Setting CVar [[r.BloomQuality:5]]
[2019.09.23-17.38.54:871][  0]LogConfig: Setting CVar [[r.FastBlurThreshold:100]]
[2019.09.23-17.38.54:871][  0]LogConfig: Setting CVar [[r.Upscale.Quality:3]]
[2019.09.23-17.38.54:871][  0]LogConfig: Setting CVar [[r.Tonemapper.GrainQuantization:1]]
[2019.09.23-17.38.54:871][  0]LogConfig: Setting CVar [[r.LightShaftQuality:1]]
[2019.09.23-17.38.54:871][  0]LogConfig: Setting CVar [[r.Filter.SizeScale:1]]
[2019.09.23-17.38.54:871][  0]LogConfig: Setting CVar [[r.Tonemapper.Quality:5]]
[2019.09.23-17.38.54:871][  0]LogConfig: Setting CVar [[r.DOF.Gather.AccumulatorQuality:1        ; higher gathering accumulator quality]]
[2019.09.23-17.38.54:871][  0]LogConfig: Setting CVar [[r.DOF.Gather.PostfilterMethod:1          ; Median3x3 postfilering method]]
[2019.09.23-17.38.54:871][  0]LogConfig: Setting CVar [[r.DOF.Gather.EnableBokehSettings:0       ; no bokeh simulation when gathering]]
[2019.09.23-17.38.54:871][  0]LogConfig: Setting CVar [[r.DOF.Gather.RingCount:4                 ; medium number of samples when gathering]]
[2019.09.23-17.38.54:872][  0]LogConfig: Setting CVar [[r.DOF.Scatter.ForegroundCompositing:1    ; additive foreground scattering]]
[2019.09.23-17.38.54:872][  0]LogConfig: Setting CVar [[r.DOF.Scatter.BackgroundCompositing:2    ; additive background scattering]]
[2019.09.23-17.38.54:872][  0]LogConfig: Setting CVar [[r.DOF.Scatter.EnableBokehSettings:1      ; bokeh simulation when scattering]]
[2019.09.23-17.38.54:872][  0]LogConfig: Setting CVar [[r.DOF.Scatter.MaxSpriteRatio:0.1         ; only a maximum of 10% of scattered bokeh]]
[2019.09.23-17.38.54:872][  0]LogConfig: Setting CVar [[r.DOF.Recombine.Quality:1                ; cheap slight out of focus]]
[2019.09.23-17.38.54:872][  0]LogConfig: Setting CVar [[r.DOF.Recombine.EnableBokehSettings:0    ; no bokeh simulation on slight out of focus]]
[2019.09.23-17.38.54:872][  0]LogConfig: Setting CVar [[r.DOF.TemporalAAQuality:1                ; more stable temporal accumulation]]
[2019.09.23-17.38.54:872][  0]LogConfig: Setting CVar [[r.DOF.Kernel.MaxForegroundRadius:0.025]]
[2019.09.23-17.38.54:872][  0]LogConfig: Setting CVar [[r.DOF.Kernel.MaxBackgroundRadius:0.025]]
[2019.09.23-17.38.54:872][  0]LogConfig: Applying CVar settings from Section [TextureQuality@3] File [G:/Documents/Unreal Projects/unrealClass/Saved/Config/Windows/Scalability.ini]
[2019.09.23-17.38.54:872][  0]LogConfig: Setting CVar [[r.Streaming.MipBias:0]]
[2019.09.23-17.38.54:872][  0]LogConfig: Setting CVar [[r.Streaming.AmortizeCPUToGPUCopy:0]]
[2019.09.23-17.38.54:872][  0]LogConfig: Setting CVar [[r.Streaming.MaxNumTexturesToStreamPerFrame:0]]
[2019.09.23-17.38.54:872][  0]LogConfig: Setting CVar [[r.Streaming.Boost:1]]
[2019.09.23-17.38.54:872][  0]LogConfig: Setting CVar [[r.MaxAnisotropy:8]]
[2019.09.23-17.38.54:872][  0]LogConfig: Setting CVar [[r.Streaming.LimitPoolSizeToVRAM:0]]
[2019.09.23-17.38.54:872][  0]LogConfig: Setting CVar [[r.Streaming.PoolSize:1000]]
[2019.09.23-17.38.54:872][  0]LogConfig: Setting CVar [[r.Streaming.MaxEffectiveScreenSize:0]]
[2019.09.23-17.38.54:872][  0]LogConfig: Applying CVar settings from Section [EffectsQuality@3] File [G:/Documents/Unreal Projects/unrealClass/Saved/Config/Windows/Scalability.ini]
[2019.09.23-17.38.54:872][  0]LogConfig: Setting CVar [[r.TranslucencyLightingVolumeDim:64]]
[2019.09.23-17.38.54:872][  0]LogConfig: Setting CVar [[r.RefractionQuality:2]]
[2019.09.23-17.38.54:872][  0]LogConfig: Setting CVar [[r.SSR.Quality:3]]
[2019.09.23-17.38.54:872][  0]LogConfig: Setting CVar [[r.SceneColorFormat:4]]
[2019.09.23-17.38.54:872][  0]LogConfig: Setting CVar [[r.DetailMode:2]]
[2019.09.23-17.38.54:872][  0]LogConfig: Setting CVar [[r.TranslucencyVolumeBlur:1]]
[2019.09.23-17.38.54:872][  0]LogConfig: Setting CVar [[r.MaterialQualityLevel:1 ; High quality]]
[2019.09.23-17.38.54:872][  0]LogConfig: Setting CVar [[r.SSS.Scale:1]]
[2019.09.23-17.38.54:872][  0]LogConfig: Setting CVar [[r.SSS.SampleSet:2]]
[2019.09.23-17.38.54:872][  0]LogConfig: Setting CVar [[r.SSS.Quality:1]]
[2019.09.23-17.38.54:872][  0]LogConfig: Setting CVar [[r.SSS.HalfRes:1]]
[2019.09.23-17.38.54:872][  0]LogConfig: Setting CVar [[r.EmitterSpawnRateScale:1.0]]
[2019.09.23-17.38.54:872][  0]LogConfig: Setting CVar [[r.ParticleLightQuality:2]]
[2019.09.23-17.38.54:872][  0]LogConfig: Applying CVar settings from Section [FoliageQuality@3] File [G:/Documents/Unreal Projects/unrealClass/Saved/Config/Windows/Scalability.ini]
[2019.09.23-17.38.54:872][  0]LogConfig: Setting CVar [[foliage.DensityScale:1.0]]
[2019.09.23-17.38.54:872][  0]LogConfig: Setting CVar [[grass.DensityScale:1.0]]
[2019.09.23-17.38.54:872][  0]LogConfig: Applying CVar settings from Section [Startup] File [../../../Engine/Config/ConsoleVariables.ini]
[2019.09.23-17.38.54:872][  0]LogConfig: Setting CVar [[net.UseAdaptiveNetUpdateFrequency:0]]
[2019.09.23-17.38.54:872][  0]LogConfig: Setting CVar [[p.chaos.AllowCreatePhysxBodies:1]]
[2019.09.23-17.38.54:872][  0]LogConfig: Applying CVar settings from Section [ConsoleVariables] File [G:/Documents/Unreal Projects/unrealClass/Saved/Config/Windows/Engine.ini]
[2019.09.23-17.38.54:872][  0]LogInit: Computer: SUPERUSER
[2019.09.23-17.38.54:872][  0]LogInit: User: ene
[2019.09.23-17.38.54:872][  0]LogInit: CPU Page size=4096, Cores=6
[2019.09.23-17.38.54:872][  0]LogInit: High frequency timer resolution =10.000000 MHz
[2019.09.23-17.38.54:873][  0]LogMemory: Memory total: Physical=15.9GB (16GB approx)
[2019.09.23-17.38.54:873][  0]LogMemory: Platform Memory Stats for Windows
[2019.09.23-17.38.54:873][  0]LogMemory: Process Physical Memory: 101.95 MB used, 101.95 MB peak
[2019.09.23-17.38.54:873][  0]LogMemory: Process Virtual Memory: 99.96 MB used, 99.96 MB peak
[2019.09.23-17.38.54:873][  0]LogMemory: Physical Memory: 6612.55 MB used,  9704.26 MB free, 16316.81 MB total
[2019.09.23-17.38.54:873][  0]LogMemory: Virtual Memory: 4684.99 MB used,  134213040.00 MB free, 134217728.00 MB total
[2019.09.23-17.38.54:878][  0]LogWindows: WindowsPlatformFeatures enabled
[2019.09.23-17.38.54:910][  0]LogInit: Using OS detected language (en-US).
[2019.09.23-17.38.54:910][  0]LogInit: Using OS detected locale (en-CA).
[2019.09.23-17.38.54:910][  0]LogTextLocalizationManager: No specific localization for 'en-US' exists, so the 'en' localization will be used.
[2019.09.23-17.38.55:072][  0]LogInit: Setting process to per monitor DPI aware
[2019.09.23-17.38.55:107][  0]LogSlate: New Slate User Created.  User Index 0, Is Virtual User: 0
[2019.09.23-17.38.55:108][  0]LogSlate: Slate User Registered.  User Index 0, Is Virtual User: 0
[2019.09.23-17.38.55:306][  0]LogHMD: Failed to initialize OpenVR with code 126
[2019.09.23-17.38.55:306][  0]LogD3D11RHI: D3D11 adapters:
[2019.09.23-17.38.55:379][  0]LogD3D11RHI:    0. 'NVIDIA GeForce GTX 1080' (Feature Level 11_0)
[2019.09.23-17.38.55:379][  0]LogD3D11RHI:       8079/0/8158 MB DedicatedVideo/DedicatedSystem/SharedSystem, Outputs:1, VendorId:0x10de
[2019.09.23-17.38.55:382][  0]LogD3D11RHI:    1. 'Microsoft Basic Render Driver' (Feature Level 11_0)
[2019.09.23-17.38.55:382][  0]LogD3D11RHI:       0/0/8158 MB DedicatedVideo/DedicatedSystem/SharedSystem, Outputs:0, VendorId:0x1414
[2019.09.23-17.38.55:382][  0]LogD3D11RHI: Chosen D3D11 Adapter: 0
[2019.09.23-17.38.55:391][  0]LogD3D11RHI: Creating new Direct3DDevice
[2019.09.23-17.38.55:391][  0]LogD3D11RHI:     GPU DeviceId: 0x1b80 (for the marketing name, search the web for "GPU Device Id")
[2019.09.23-17.38.55:391][  0]LogWindows: EnumDisplayDevices:
[2019.09.23-17.38.55:392][  0]LogWindows:    0. 'NVIDIA GeForce GTX 1080' (P:1 D:1)
[2019.09.23-17.38.55:392][  0]LogWindows:    1. 'NVIDIA GeForce GTX 1080' (P:0 D:0)
[2019.09.23-17.38.55:392][  0]LogWindows:    2. 'NVIDIA GeForce GTX 1080' (P:0 D:0)
[2019.09.23-17.38.55:392][  0]LogWindows:    3. 'NVIDIA GeForce GTX 1080' (P:0 D:0)
[2019.09.23-17.38.55:393][  0]LogWindows: DebugString: FoundDriverCount:4 
[2019.09.23-17.38.55:393][  0]LogD3D11RHI:     Adapter Name: NVIDIA GeForce GTX 1080
[2019.09.23-17.38.55:393][  0]LogD3D11RHI:   Driver Version: 416.34 (internal:25.21.14.1634, unified:416.34)
[2019.09.23-17.38.55:393][  0]LogD3D11RHI:      Driver Date: 10-10-2018
[2019.09.23-17.38.55:393][  0]LogRHI: Texture pool is 5655 MB (70% of 8079 MB)
[2019.09.23-17.38.55:444][  0]LogD3D11RHI: Async texture creation enabled
[2019.09.23-17.38.55:481][  0]LogD3D11RHI: GPU Timing Frequency: 1000.000000 (Debug: 2 2)
[2019.09.23-17.38.55:850][  0]LogTemp: Display: Module 'AllDesktopTargetPlatform' loaded TargetPlatform 'AllDesktop'
[2019.09.23-17.38.55:861][  0]LogTemp: Display: Module 'MacClientTargetPlatform' loaded TargetPlatform 'MacClient'
[2019.09.23-17.38.55:873][  0]LogTemp: Display: Module 'MacNoEditorTargetPlatform' loaded TargetPlatform 'MacNoEditor'
[2019.09.23-17.38.55:883][  0]LogTemp: Display: Module 'MacServerTargetPlatform' loaded TargetPlatform 'MacServer'
[2019.09.23-17.38.55:894][  0]LogTemp: Display: Module 'MacTargetPlatform' loaded TargetPlatform 'Mac'
[2019.09.23-17.38.55:906][  0]LogTemp: Display: Module 'WindowsClientTargetPlatform' loaded TargetPlatform 'WindowsClient'
[2019.09.23-17.38.55:917][  0]LogTemp: Display: Module 'WindowsNoEditorTargetPlatform' loaded TargetPlatform 'WindowsNoEditor'
[2019.09.23-17.38.55:929][  0]LogTemp: Display: Module 'WindowsServerTargetPlatform' loaded TargetPlatform 'WindowsServer'
[2019.09.23-17.38.55:935][  0]LogTemp: Display: Module 'WindowsTargetPlatform' loaded TargetPlatform 'Windows'
[2019.09.23-17.38.55:972][  0]LogTemp: Display: Module 'AndroidTargetPlatform' loaded TargetPlatform 'Android'
[2019.09.23-17.38.55:972][  0]LogTemp: Display: Module 'AndroidTargetPlatform' loaded TargetPlatform 'Android_ASTC'
[2019.09.23-17.38.55:972][  0]LogTemp: Display: Module 'AndroidTargetPlatform' loaded TargetPlatform 'Android_ATC'
[2019.09.23-17.38.55:972][  0]LogTemp: Display: Module 'AndroidTargetPlatform' loaded TargetPlatform 'Android_DXT'
[2019.09.23-17.38.55:972][  0]LogTemp: Display: Module 'AndroidTargetPlatform' loaded TargetPlatform 'Android_ETC1'
[2019.09.23-17.38.55:972][  0]LogTemp: Display: Module 'AndroidTargetPlatform' loaded TargetPlatform 'Android_ETC1a'
[2019.09.23-17.38.55:972][  0]LogTemp: Display: Module 'AndroidTargetPlatform' loaded TargetPlatform 'Android_ETC2'
[2019.09.23-17.38.55:972][  0]LogTemp: Display: Module 'AndroidTargetPlatform' loaded TargetPlatform 'Android_PVRTC'
[2019.09.23-17.38.55:972][  0]LogTemp: Display: Module 'AndroidTargetPlatform' loaded TargetPlatform 'AndroidClient'
[2019.09.23-17.38.55:972][  0]LogTemp: Display: Module 'AndroidTargetPlatform' loaded TargetPlatform 'Android_ASTCClient'
[2019.09.23-17.38.55:972][  0]LogTemp: Display: Module 'AndroidTargetPlatform' loaded TargetPlatform 'Android_ATCClient'
[2019.09.23-17.38.55:972][  0]LogTemp: Display: Module 'AndroidTargetPlatform' loaded TargetPlatform 'Android_DXTClient'
[2019.09.23-17.38.55:972][  0]LogTemp: Display: Module 'AndroidTargetPlatform' loaded TargetPlatform 'Android_ETC1Client'
[2019.09.23-17.38.55:972][  0]LogTemp: Display: Module 'AndroidTargetPlatform' loaded TargetPlatform 'Android_ETC1aClient'
[2019.09.23-17.38.55:973][  0]LogTemp: Display: Module 'AndroidTargetPlatform' loaded TargetPlatform 'Android_ETC2Client'
[2019.09.23-17.38.55:973][  0]LogTemp: Display: Module 'AndroidTargetPlatform' loaded TargetPlatform 'Android_PVRTCClient'
[2019.09.23-17.38.55:973][  0]LogTemp: Display: Module 'AndroidTargetPlatform' loaded TargetPlatform 'Android_Multi'
[2019.09.23-17.38.55:973][  0]LogTemp: Display: Module 'AndroidTargetPlatform' loaded TargetPlatform 'Android_MultiClient'
[2019.09.23-17.38.55:975][  0]LogTemp: Display: Module 'HTML5TargetPlatform' loaded TargetPlatform 'HTML5'
[2019.09.23-17.38.55:997][  0]LogTemp: Display: Module 'IOSTargetPlatform' loaded TargetPlatform 'IOSClient'
[2019.09.23-17.38.55:997][  0]LogTemp: Display: Module 'IOSTargetPlatform' loaded TargetPlatform 'IOS'
[2019.09.23-17.38.56:012][  0]LogTemp: Display: Module 'TVOSTargetPlatform' loaded TargetPlatform 'TVOSClient'
[2019.09.23-17.38.56:012][  0]LogTemp: Display: Module 'TVOSTargetPlatform' loaded TargetPlatform 'TVOS'
[2019.09.23-17.38.56:020][  0]LogTemp: Display: Module 'LinuxClientTargetPlatform' loaded TargetPlatform 'LinuxClient'
[2019.09.23-17.38.56:028][  0]LogTemp: Display: Module 'LinuxNoEditorTargetPlatform' loaded TargetPlatform 'LinuxNoEditor'
[2019.09.23-17.38.56:035][  0]LogTemp: Display: Module 'LinuxServerTargetPlatform' loaded TargetPlatform 'LinuxServer'
[2019.09.23-17.38.56:043][  0]LogTemp: Display: Module 'LinuxTargetPlatform' loaded TargetPlatform 'Linux'
[2019.09.23-17.38.56:069][  0]LogTemp: Display: Module 'LuminTargetPlatform' loaded TargetPlatform 'Lumin'
[2019.09.23-17.38.56:069][  0]LogTemp: Display: Module 'LuminTargetPlatform' loaded TargetPlatform 'LuminClient'
[2019.09.23-17.38.56:069][  0]LogTargetPlatformManager: Display: Building Assets For Windows
[2019.09.23-17.38.56:082][  0]LogAudioDebug: Display: Lib vorbis DLL was dynamically loaded.
[2019.09.23-17.38.56:155][  0]LogShaderCompilers: Guid format shader working directory is 3 characters bigger than the processId version (G:/Documents/Unreal Projects/unrealClass/Intermediate/Shaders/WorkingDirectory/15972/).
[2019.09.23-17.38.56:155][  0]LogShaderCompilers: Cleaned the shader compiler working directory 'C:/Users/ene/AppData/Local/Temp/UnrealShaderWorkingDir/078F055D46FF7CFAA0937CB30F718D7C/'.
[2019.09.23-17.38.56:159][  0]LogXGEController: Cannot use XGE Controller as Incredibuild is not installed on this machine.
[2019.09.23-17.38.56:159][  0]LogShaderCompilers: Cannot use XGE Shader Compiler as Incredibuild is not installed on this machine.
[2019.09.23-17.38.56:159][  0]LogShaderCompilers: Display: Using Local Shader Compiler.
[2019.09.23-17.38.56:781][  0]LogDerivedDataCache: Display: Max Cache Size: 512 MB
[2019.09.23-17.38.56:827][  0]LogDerivedDataCache: Loaded boot cache 0.05s 73MB C:/Users/ene/AppData/Local/UnrealEngine/4.23/DerivedDataCache/Boot.ddc.
[2019.09.23-17.38.56:827][  0]LogDerivedDataCache: Display: Loaded Boot cache: C:/Users/ene/AppData/Local/UnrealEngine/4.23/DerivedDataCache/Boot.ddc
[2019.09.23-17.38.56:827][  0]LogDerivedDataCache: FDerivedDataBackendGraph:  Pak pak cache file G:/Documents/Unreal Projects/unrealClass/DerivedDataCache/DDC.ddp not found, will not use a pak cache.
[2019.09.23-17.38.56:827][  0]LogDerivedDataCache: Unable to find inner node Pak for hierarchical cache Hierarchy.
[2019.09.23-17.38.56:827][  0]LogDerivedDataCache: FDerivedDataBackendGraph:  CompressedPak pak cache file G:/Documents/Unreal Projects/unrealClass/DerivedDataCache/Compressed.ddp not found, will not use a pak cache.
[2019.09.23-17.38.56:827][  0]LogDerivedDataCache: Unable to find inner node CompressedPak for hierarchical cache Hierarchy.
[2019.09.23-17.38.56:841][  0]LogDerivedDataCache: Display: Pak cache opened for reading ../../../Engine/DerivedDataCache/Compressed.ddp.
[2019.09.23-17.38.56:841][  0]LogDerivedDataCache: FDerivedDataBackendGraph:  EnterprisePak pak cache file ../../../Enterprise/DerivedDataCache/Compressed.ddp not found, will not use a pak cache.
[2019.09.23-17.38.56:841][  0]LogDerivedDataCache: Unable to find inner node EnterprisePak for hierarchical cache Hierarchy.
[2019.09.23-17.38.56:843][  0]LogDerivedDataCache: Using Local data cache path C:/Users/ene/AppData/Local/UnrealEngine/Common/DerivedDataCache: Writable
[2019.09.23-17.38.56:843][  0]LogDerivedDataCache: Shared data cache path not found in *engine.ini, will not use an Shared cache.
[2019.09.23-17.38.56:843][  0]LogDerivedDataCache: Unable to find inner node Shared for hierarchical cache Hierarchy.
[2019.09.23-17.38.56:865][  0]LogMaterial: Verifying Global Shaders for PCD3D_SM5
[2019.09.23-17.38.56:868][  0]LogSlate: Using FreeType 2.6.0
[2019.09.23-17.38.56:869][  0]LogSlate: SlateFontServices - WITH_FREETYPE: 1, WITH_HARFBUZZ: 1
[2019.09.23-17.38.56:932][  0]LogAssetRegistry: FAssetRegistry took 0.0027 seconds to start up
[2019.09.23-17.38.57:223][  0]LogInit: Selected Device Profile: [Windows]
[2019.09.23-17.38.57:382][  0]LogMeshReduction: Using QuadricMeshReduction for automatic static mesh reduction
[2019.09.23-17.38.57:382][  0]LogMeshReduction: Using SimplygonMeshReduction for automatic skeletal mesh reduction
[2019.09.23-17.38.57:382][  0]LogMeshReduction: Using ProxyLODMeshReduction for automatic mesh merging
[2019.09.23-17.38.57:382][  0]LogMeshReduction: No distributed automatic mesh merging module available
[2019.09.23-17.38.57:382][  0]LogMeshMerging: No distributed automatic mesh merging module available
[2019.09.23-17.38.57:392][  0]LogNetVersion: unrealClass208 1.0.0, NetCL: 8386587, EngineNetVer: 11, GameNetVer: 0 (Checksum: 438573887)
[2019.09.23-17.38.57:856][  0]LogPackageLocalizationCache: Processed 12 localized package path(s) for 1 prioritized culture(s) in 0.086611 seconds
[2019.09.23-17.38.57:864][  0]LogUObjectArray: 43444 objects as part of root set at end of initial load.
[2019.09.23-17.38.57:864][  0]LogUObjectAllocator: 7548648 out of 0 bytes used by permanent object pool.
[2019.09.23-17.38.57:864][  0]LogUObjectArray: CloseDisregardForGC: 0/0 objects in disregard for GC pool
[2019.09.23-17.38.58:778][  0]LogTcpMessaging: Initializing TcpMessaging bridge
[2019.09.23-17.38.58:782][  0]LogUdpMessaging: Initializing bridge on interface 0.0.0.0:0 to multicast group 230.0.0.1:6666.
[2019.09.23-17.38.58:847][  0]SourceControl: Source control is disabled
[2019.09.23-17.38.58:847][  0]SourceControl: Source control is disabled
[2019.09.23-17.38.58:849][  0]SourceControl: Source control is disabled
[2019.09.23-17.38.58:850][  0]SourceControl: Source control is disabled
[2019.09.23-17.38.58:986][  0]LogAndroidPermission: UAndroidPermissionCallbackProxy::GetInstance
[2019.09.23-17.38.59:084][  0]LogOcInput: OculusInput pre-init called
[2019.09.23-17.38.59:092][  0]LogWindows: Failed to load 'OVRPlugin.dll' (GetLastError=126)
[2019.09.23-17.38.59:092][  0]LogWindows: File 'OVRPlugin.dll' does not exist
[2019.09.23-17.38.59:170][  0]LogEngine: Initializing Engine...
[2019.09.23-17.38.59:198][  0]LogHMD: Failed to initialize OpenVR with code 126
[2019.09.23-17.38.59:199][  0]LogStats: UGameplayTagsManager::InitializeManager -  0.000 s
[2019.09.23-17.38.59:417][  0]LogInit: Initializing FReadOnlyCVARCache
[2019.09.23-17.38.59:439][  0]LogAIModule: Creating AISystem for world Untitled
[2019.09.23-17.38.59:451][  0]LogInit: XAudio2 using 'Speakers (Logitech G633 Gaming Headset)' : 6 channels at 44.1 kHz using 16 bits per sample (channel mask 0x3f)
[2019.09.23-17.38.59:474][  0]LogInit: FAudioDevice initialized.
[2019.09.23-17.38.59:475][  0]LogNetVersion: Set ProjectVersion to 1.0.0.0. Version Checksum will be recalculated on next use.
[2019.09.23-17.38.59:562][  0]LogDerivedDataCache: Saved boot cache 0.09s 73MB C:/Users/ene/AppData/Local/UnrealEngine/4.23/DerivedDataCache/Boot.ddc.
[2019.09.23-17.38.59:567][  0]LogInit: Texture streaming: Enabled
[2019.09.23-17.38.59:595][  0]LogEngineSessionManager: EngineSessionManager initialized
[2019.09.23-17.38.59:707][  0]LogInit: Transaction tracking system initialized
[2019.09.23-17.38.59:753][  0]BlueprintLog: New page: Editor Load
[2019.09.23-17.38.59:870][  0]LocalizationService: Localization service is disabled
[2019.09.23-17.39.01:339][  0]LogFileCache: Scanning file cache for directory 'G:/Documents/Unreal Projects/unrealClass/Content/' took 0.01s
[2019.09.23-17.39.01:340][  0]LogCook: Display: Max memory allowance for cook 16384mb min free memory 0mb
[2019.09.23-17.39.01:340][  0]LogCook: Display: Mobile HDR setting 1
[2019.09.23-17.39.01:543][  0]SourceControl: Source control is disabled
[2019.09.23-17.39.01:544][  0]Cmd: MAP LOAD FILE="G:/Documents/Unreal Projects/unrealClass/Content/ThirdPersonBP/Maps/ThirdPersonExampleMap.umap" TEMPLATE=0 SHOWPROGRESS=1 FEATURELEVEL=3
[2019.09.23-17.39.01:681][  0]LightingResults: New page: Lighting Build
[2019.09.23-17.39.01:685][  0]LogWorld: UWorld::CleanupWorld for Untitled, bSessionEnded=true, bCleanupResources=true
[2019.09.23-17.39.01:685][  0]MapCheck: New page: Map Check
[2019.09.23-17.39.01:685][  0]LightingResults: New page: Lighting Build
[2019.09.23-17.39.01:720][  0]LogUObjectHash: Compacting FUObjectHashTables data took   1.91ms
[2019.09.23-17.39.02:965][  0]LogAIModule: Creating AISystem for world ThirdPersonExampleMap
[2019.09.23-17.39.02:982][  0]LogEditorServer: Finished looking for orphan Actors (0.000 secs)
[2019.09.23-17.39.03:018][  0]LogUObjectHash: Compacting FUObjectHashTables data took   2.12ms
[2019.09.23-17.39.03:019][  0]Cmd: MAP CHECKDEP NOCLEARLOG
[2019.09.23-17.39.03:019][  0]MapCheck: Map check complete: 0 Error(s), 0 Warning(s), took 0.106ms to complete.
[2019.09.23-17.39.03:019][  0]LogFileHelpers: Loading map 'ThirdPersonExampleMap' took 1.475
[2019.09.23-17.39.03:151][  0]LogSlate: Updating window title bar state: overlay mode, drag disabled, window buttons hidden, title bar hidden
[2019.09.23-17.39.03:158][  0]LogSlate: Updating window title bar state: overlay mode, drag disabled, window buttons hidden, title bar hidden
[2019.09.23-17.39.03:165][  0]LogSlate: Updating window title bar state: overlay mode, drag disabled, window buttons hidden, title bar hidden
[2019.09.23-17.39.03:172][  0]LogSlate: Updating window title bar state: overlay mode, drag disabled, window buttons hidden, title bar hidden
[2019.09.23-17.39.03:225][  0]LogCollectionManager: Loaded 0 collections in 0.039762 seconds
[2019.09.23-17.39.03:245][  0]LogFileCache: Scanning file cache for directory 'G:/Documents/Unreal Projects/unrealClass/Saved/Collections/' took 0.00s
[2019.09.23-17.39.03:245][  0]LogFileCache: Scanning file cache for directory 'G:/Documents/Unreal Projects/unrealClass/Content/Developers/ene/Collections/' took 0.00s
[2019.09.23-17.39.03:245][  0]LogFileCache: Scanning file cache for directory 'G:/Documents/Unreal Projects/unrealClass/Content/Collections/' took 0.00s
[2019.09.23-17.39.03:245][  0]LogCollectionManager: Rebuilt the GUID cache for 0 collections in 0.000003 seconds
[2019.09.23-17.39.03:256][  0]LogContentBrowser: Native class hierarchy populated in 0.0094 seconds. Added 2863 classes and 680 folders.
[2019.09.23-17.39.03:270][  0]LogContentBrowser: Native class hierarchy updated for 'WidgetCarousel' in 0.0002 seconds. Added 0 classes and 0 folders.
[2019.09.23-17.39.03:559][  0]LogContentBrowser: Native class hierarchy updated for 'AddContentDialog' in 0.0002 seconds. Added 0 classes and 0 folders.
[2019.09.23-17.39.03:573][  0]LogContentBrowser: Native class hierarchy updated for 'SceneOutliner' in 0.0003 seconds. Added 1 classes and 2 folders.
[2019.09.23-17.39.03:626][  0]LogSlate: Took 0.000173 seconds to synchronously load lazily loaded font '../../../Engine/Content/Slate/Fonts/Roboto-Regular.ttf' (155K)
[2019.09.23-17.39.03:628][  0]LogSlate: Took 0.000142 seconds to synchronously load lazily loaded font '../../../Engine/Content/Slate/Fonts/Roboto-Bold.ttf' (160K)
[2019.09.23-17.39.03:640][  0]LogSlate: Took 0.006168 seconds to synchronously load lazily loaded font '../../../Engine/Content/Editor/Slate/Fonts/FontAwesome.ttf' (139K)
[2019.09.23-17.39.03:768][  0]LogRenderer: Reallocating scene render targets to support 1208x572 Format 10 NumSamples 1 (Frame:1).
[2019.09.23-17.39.03:885][  0]LogContentBrowser: Native class hierarchy updated for 'HierarchicalLODOutliner' in 0.0003 seconds. Added 0 classes and 0 folders.
[2019.09.23-17.39.03:885][  0]LogLoad: (Engine Initialization) Total time: 10.57 seconds
[2019.09.23-17.39.03:885][  0]LogLoad: (Engine Initialization) Total Blueprint compile time: 0.00 seconds
[2019.09.23-17.39.04:002][  0]LogContentStreaming: Texture pool size now 1000 MB
[2019.09.23-17.39.04:032][  0]LogSlate: Took 0.005125 seconds to synchronously load lazily loaded font '../../../Engine/Content/Slate/Fonts/Roboto-Light.ttf' (167K)
[2019.09.23-17.39.04:379][  5]LogAssetRegistry: Asset discovery search completed in 7.4481 seconds
[2019.09.23-17.39.04:382][  5]LogCollectionManager: Rebuilt the object cache for 0 collections in 0.000005 seconds (found 0 objects)
[2019.09.23-17.39.04:382][  5]LogCollectionManager: Fixed up redirectors for 0 collections in 0.000071 seconds (updated 0 objects)
[2019.09.23-17.39.06:415][235]LogSlate: FSceneViewport::OnFocusLost() reason 0
[2019.09.23-17.39.06:585][255]LogSlate: Took 0.000182 seconds to synchronously load lazily loaded font '../../../Engine/Content/Slate/Fonts/Roboto-Light.ttf' (167K)
[2019.09.23-17.39.06:592][255]LogAssetEditorManager: Opening Asset editor for MapBuildDataRegistry /Game/ThirdPersonBP/Maps/ThirdPersonExampleMap_BuiltData.ThirdPersonExampleMap_BuiltData
[2019.09.23-17.39.10:266][674]LogSlate: Window 'ThirdPersonExampleMap_BuiltData' being destroyed
[2019.09.23-17.39.10:270][674]LogSlate: Window 'ThirdPersonExampleMap_BuiltData' being destroyed
[2019.09.23-17.39.12:335][828]LogAIModule: Creating AISystem for world foliage
[2019.09.23-17.39.12:345][828]LogMaterial: Display: Material /Game/StarterContent/Props/Materials/M_Bush.M_Bush needed to have new flag set bUsedWithInstancedStaticMeshes !
[2019.09.23-17.39.12:350][828]LogMaterial: Display: Missing cached shader map for material M_Bush, compiling. 
[2019.09.23-17.39.12:485][828]MapCheck: Warning: M_Bush Material /Game/StarterContent/Props/Materials/M_Bush.M_Bush was missing the usage flag bUsedWithInstancedStaticMeshes. If the material asset is not re-saved, it may not render correctly when run outside the editor. Fix
[2019.09.23-17.39.12:495][828]LogShaderCompilers: Display: Worker (1/9): shaders left to compile 115
[2019.09.23-17.39.12:495][828]LogShaderCompilers: Display: Worker (2/9): shaders left to compile 105
[2019.09.23-17.39.12:495][828]LogShaderCompilers: Display: Worker (3/9): shaders left to compile 95
[2019.09.23-17.39.12:495][828]LogShaderCompilers: Display: Worker (4/9): shaders left to compile 85
[2019.09.23-17.39.12:496][828]LogShaderCompilers: Display: Worker (5/9): shaders left to compile 75
[2019.09.23-17.39.12:496][828]LogShaderCompilers: Display: Worker (6/9): shaders left to compile 65
[2019.09.23-17.39.12:496][828]LogShaderCompilers: Display: Worker (7/9): shaders left to compile 55
[2019.09.23-17.39.12:496][828]LogShaderCompilers: Display: Worker (8/9): shaders left to compile 45
[2019.09.23-17.39.12:496][828]LogMaterial: Display: Material /Game/StarterContent/Props/Materials/M_Rock.M_Rock needed to have new flag set bUsedWithInstancedStaticMeshes !
[2019.09.23-17.39.12:499][828]LogMaterial: Display: Missing cached shader map for material M_Rock, compiling. 
[2019.09.23-17.39.12:534][828]MapCheck: Warning: M_Rock Material /Game/StarterContent/Props/Materials/M_Rock.M_Rock was missing the usage flag bUsedWithInstancedStaticMeshes. If the material asset is not re-saved, it may not render correctly when run outside the editor. Fix
[2019.09.23-17.39.12:545][828]LogAssetEditorManager: Opening Asset editor for World /Game/ThirdPersonBP/Maps/foliage.foliage
[2019.09.23-17.39.12:589][828]LogUObjectHash: Compacting FUObjectHashTables data took   1.36ms
[2019.09.23-17.39.12:590][828]Cmd: MAP LOAD FILE="G:/Documents/Unreal Projects/unrealClass/Content/ThirdPersonBP/Maps/foliage.umap" TEMPLATE=0 SHOWPROGRESS=1 FEATURELEVEL=3
[2019.09.23-17.39.12:590][828]LightingResults: New page: Lighting Build
[2019.09.23-17.39.12:591][828]LoadErrors: New page: Loading map: foliage.umap
[2019.09.23-17.39.12:591][828]LogWorld: UWorld::CleanupWorld for ThirdPersonExampleMap, bSessionEnded=true, bCleanupResources=true
[2019.09.23-17.39.12:592][828]MapCheck: New page: Map Check
[2019.09.23-17.39.12:592][828]LightingResults: New page: Lighting Build
[2019.09.23-17.39.12:632][828]LogUObjectHash: Compacting FUObjectHashTables data took   2.95ms
[2019.09.23-17.39.13:635][828]LogEditorServer: Finished looking for orphan Actors (0.000 secs)
[2019.09.23-17.39.13:673][828]LogUObjectHash: Compacting FUObjectHashTables data took   3.05ms
[2019.09.23-17.39.13:712][828]Cmd: MAP CHECKDEP NOCLEARLOG
[2019.09.23-17.39.13:712][828]MapCheck: Map check complete: 0 Error(s), 0 Warning(s), took 0.183ms to complete.
[2019.09.23-17.39.13:713][828]LogFileHelpers: Loading map 'foliage' took 1.123
[2019.09.23-17.39.15:396][909]LogShaderCompilers: Display: Worker (7/9): shaders left to compile 96
[2019.09.23-17.39.15:456][913]LogShaderCompilers: Display: Worker (3/9): shaders left to compile 86
[2019.09.23-17.39.15:489][915]LogShaderCompilers: Display: Worker (1/9): shaders left to compile 76
[2019.09.23-17.39.15:831][936]LogShaderCompilers: Display: Worker (8/9): shaders left to compile 66
[2019.09.23-17.39.16:178][959]LogShaderCompilers: Display: Worker (2/9): shaders left to compile 57
[2019.09.23-17.39.17:050][ 14]LogShaderCompilers: Display: Worker (6/9): shaders left to compile 49
[2019.09.23-17.39.17:478][ 41]LogShaderCompilers: Display: Worker (7/9): shaders left to compile 42
[2019.09.23-17.39.17:619][ 51]LogShaderCompilers: Display: Worker (4/9): shaders left to compile 36
[2019.09.23-17.39.18:119][ 82]LogShaderCompilers: Display: Worker (5/9): shaders left to compile 31
[2019.09.23-17.39.18:831][127]LogShaderCompilers: Display: Worker (8/9): shaders left to compile 27
[2019.09.23-17.39.19:090][144]LogShaderCompilers: Display: Worker (2/9): shaders left to compile 23
[2019.09.23-17.39.19:195][151]LogShaderCompilers: Display: Worker (5/9): shaders left to compile 20
[2019.09.23-17.39.19:524][172]LogShaderCompilers: Display: Worker (3/9): shaders left to compile 17
[2019.09.23-17.39.19:670][181]LogShaderCompilers: Display: Worker (1/9): shaders left to compile 14
[2019.09.23-17.39.19:720][183]LogShaderCompilers: Display: Worker (8/9): shaders left to compile 12
[2019.09.23-17.39.19:922][195]LogShaderCompilers: Display: Worker (4/9): shaders left to compile 10
[2019.09.23-17.39.20:274][217]LogShaderCompilers: Display: Worker (2/9): shaders left to compile 8
[2019.09.23-17.39.20:339][221]LogShaderCompilers: Display: Worker (7/9): shaders left to compile 6
[2019.09.23-17.39.20:414][226]LogShaderCompilers: Display: Worker (1/9): shaders left to compile 5
[2019.09.23-17.39.20:430][227]LogShaderCompilers: Display: Worker (5/9): shaders left to compile 4
[2019.09.23-17.39.20:490][231]LogShaderCompilers: Display: Worker (8/9): shaders left to compile 3
[2019.09.23-17.39.20:633][240]LogShaderCompilers: Display: Worker (6/9): shaders left to compile 2
[2019.09.23-17.39.20:690][244]LogShaderCompilers: Display: Worker (3/9): shaders left to compile 1
[2019.09.23-17.40.31:513][681]LogSlate: Window 'Message Log' being destroyed
[2019.09.23-17.40.31:516][681]LogSlate: Window 'Message Log' being destroyed
[2019.09.23-17.40.52:850][222]LogSlate: FSceneViewport::OnFocusLost() reason 0
[2019.09.23-17.40.53:383][232]LogTexture: Display: Building textures: Texture2D_2 (G8, 128X128)
[2019.09.23-17.41.22:843][695]LogSlate: FSceneViewport::OnFocusLost() reason 0
[2019.09.23-17.41.22:928][705]LogActorComponent: UnregisterComponent: (/Engine/Transient.SphereBrushComponent) Not registered. Aborting.
[2019.09.23-17.41.37:357][423]LogSlate: FSceneViewport::OnFocusLost() reason 0
[2019.09.23-17.44.11:890][343]LogUObjectHash: Compacting FUObjectHashTables data took   1.76ms
[2019.09.23-17.44.12:213][343]LogTexture: Display: Building textures: Texture2D_0 (BGRA8, 128X128)
[2019.09.23-17.44.12:214][343]LogTexture: Display: Building textures: Texture2D_10 (BGRA8, 16X16)
[2019.09.23-17.44.12:215][343]LogTexture: Display: Building textures: Texture2D_13 (BGRA8, 16X16)
[2019.09.23-17.44.12:215][343]LogTexture: Display: Building textures: Texture2D_14 (BGRA8, 16X16)
[2019.09.23-17.44.12:216][343]LogTexture: Display: Building textures: Texture2D_15 (BGRA8, 16X16)
[2019.09.23-17.44.12:216][343]LogTexture: Display: Building textures: Texture2D_16 (BGRA8, 16X16)
[2019.09.23-17.44.12:217][343]LogTexture: Display: Building textures: Texture2D_17 (BGRA8, 16X16)
[2019.09.23-17.44.12:217][343]LogTexture: Display: Building textures: Texture2D_18 (BGRA8, 16X16)
[2019.09.23-17.44.12:218][343]LogTexture: Display: Building textures: Texture2D_19 (BGRA8, 16X16)
[2019.09.23-17.44.12:219][343]LogTexture: Display: Building textures: Texture2D_20 (BGRA8, 16X16)
[2019.09.23-17.44.12:219][343]LogTexture: Display: Building textures: Texture2D_21 (BGRA8, 16X16)
[2019.09.23-17.44.12:222][343]LogTexture: Display: Building textures: Texture2D_5 (BGRA8, 16X16)
[2019.09.23-17.44.12:223][343]LogTexture: Display: Building textures: Texture2D_6 (BGRA8, 16X16)
[2019.09.23-17.44.12:224][343]LogTexture: Display: Building textures: Texture2D_7 (BGRA8, 16X16)
[2019.09.23-17.44.12:225][343]LogTexture: Display: Building textures: Texture2D_8 (BGRA8, 16X16)
[2019.09.23-17.44.12:226][343]LogTexture: Display: Building textures: Texture2D_9 (BGRA8, 16X16)
[2019.09.23-17.44.12:509][343]LogSavePackage: Moving 'G:/Documents/Unreal Projects/unrealClass/Saved/foliage_Auto1C7ACFC0F4C09A3DD48AA32B8E34BA7F1.tmp' to 'G:/Documents/Unreal Projects/unrealClass/Saved/Autosaves/Game/ThirdPersonBP/Maps/foliage_Auto1.umap'
[2019.09.23-17.44.12:512][343]LogFileHelpers: Editor autosave (incl. sublevels) for '/Game/ThirdPersonBP/Maps/foliage' took 0.655
[2019.09.23-17.44.12:512][343]LogFileHelpers: Editor autosave (incl. sublevels) for all levels took 0.655
[2019.09.23-17.44.51:554][461]LogAudio: Warning: Current Audio Device with ID {0.0.0.00000000}.{2f02fc96-ffb9-4924-bbfa-5a4f08923ab6} was removed. Shutting down audio device.
[2019.09.23-17.44.51:554][461]LogInit: No audio devices found!
[2019.09.23-17.50.02:641][393]LogInit: XAudio2 using 'Speakers (Logitech G633 Gaming Headset)' : 6 channels at 44.1 kHz using 16 bits per sample (channel mask 0x3f)
[2019.09.23-17.50.02:981][394]LogInit: XAudio2 using 'Speakers (Logitech G633 Gaming Headset)' : 6 channels at 44.1 kHz using 16 bits per sample (channel mask 0x3f)
[2019.09.23-17.53.03:975][938]LogHttp: Warning: 0000022796E27880: invalid HTTP response code received. URL: https://datarouter.ol.epicgames.com/datarouter/api/v1/public/data?SessionID=%7BD552EB0C-49E4-340E-45AC-71B398448275%7D&AppID=UEEditor.Rocket.Release&AppVersion=4.23.0-8386587%2B%2B%2BUE4%2BRelease-4.23&UserID=214355354d53645bcc411f877b68cb30%7C2dabe4d2f5ea4608960b563eeb96625e%7C6e12f9b7-01dc-4b90-814b-689960a7df32&AppEnvironment=datacollector-binary&UploadType=eteventstream, HTTP code: 0, content length: -1, actual payload size: 0
[2019.09.23-17.53.03:975][938]LogHttp: Warning: 0000022796E27880: request failed, libcurl error: 0 (No error)
[2019.09.23-17.53.03:975][938]LogHttp: Warning: 0000022796E27880: libcurl info message cache 0 (Found bundle for host datarouter.ol.epicgames.com: 0x227e2337f70 [can pipeline])
[2019.09.23-17.53.03:975][938]LogHttp: Warning: 0000022796E27880: libcurl info message cache 1 (Re-using existing connection! (#6) with host datarouter.ol.epicgames.com)
[2019.09.23-17.53.03:975][938]LogHttp: Warning: 0000022796E27880: libcurl info message cache 2 (Connected to datarouter.ol.epicgames.com (52.3.90.181) port 443 (#6))
[2019.09.23-17.53.03:975][938]LogHttp: Warning: 0000022796E27880: libcurl info message cache 3 (We are completely uploaded and fine)
[2019.09.23-17.53.03:975][938]LogHttp: Warning: 0000022796E27880: libcurl info message cache 4 (TLSv1.2 (IN), TLS alert, Client hello (1):)
[2019.09.23-17.53.03:975][938]LogHttp: Warning: 0000022796E27880: libcurl info message cache 5 (Connection died, retrying a fresh connect)
[2019.09.23-17.53.03:975][938]LogHttp: Warning: 0000022796E27880: libcurl info message cache 6 (necessary data rewind wasn't possible)
[2019.09.23-17.53.03:975][938]LogHttp: Warning: 0000022796E27880: libcurl info message cache 7 (Closing connection 6)
[2019.09.23-17.53.03:975][938]LogHttp: Warning: 0000022796E27880: libcurl info message cache 8 (TLSv1.2 (OUT), TLS alert, Client hello (1):)
[2019.09.23-17.53.03:975][938]LogHttp: Warning: Retry exhausted on https://datarouter.ol.epicgames.com/datarouter/api/v1/public/data?SessionID=%7BD552EB0C-49E4-340E-45AC-71B398448275%7D&AppID=UEEditor.Rocket.Release&AppVersion=4.23.0-8386587%2B%2B%2BUE4%2BRelease-4.23&UserID=214355354d53645bcc411f877b68cb30%7C2dabe4d2f5ea4608960b563eeb96625e%7C6e12f9b7-01dc-4b90-814b-689960a7df32&AppEnvironment=datacollector-binary&UploadType=eteventstream
[2019.09.23-17.59.04:037][ 18]LogHttp: Warning: 0000022796E27880: invalid HTTP response code received. URL: https://datarouter.ol.epicgames.com/datarouter/api/v1/public/data?SessionID=%7BD552EB0C-49E4-340E-45AC-71B398448275%7D&AppID=UEEditor.Rocket.Release&AppVersion=4.23.0-8386587%2B%2B%2BUE4%2BRelease-4.23&UserID=214355354d53645bcc411f877b68cb30%7C2dabe4d2f5ea4608960b563eeb96625e%7C6e12f9b7-01dc-4b90-814b-689960a7df32&AppEnvironment=datacollector-binary&UploadType=eteventstream, HTTP code: 0, content length: -1, actual payload size: 0
[2019.09.23-17.59.04:037][ 18]LogHttp: Warning: 0000022796E27880: request failed, libcurl error: 0 (No error)
[2019.09.23-17.59.04:037][ 18]LogHttp: Warning: 0000022796E27880: libcurl info message cache 0 (Found bundle for host datarouter.ol.epicgames.com: 0x227e2337f70 [can pipeline])
[2019.09.23-17.59.04:037][ 18]LogHttp: Warning: 0000022796E27880: libcurl info message cache 1 (Re-using existing connection! (#8) with host datarouter.ol.epicgames.com)
[2019.09.23-17.59.04:038][ 18]LogHttp: Warning: 0000022796E27880: libcurl info message cache 2 (Connected to datarouter.ol.epicgames.com (52.71.135.85) port 443 (#8))
[2019.09.23-17.59.04:038][ 18]LogHttp: Warning: 0000022796E27880: libcurl info message cache 3 (We are completely uploaded and fine)
[2019.09.23-17.59.04:038][ 18]LogHttp: Warning: 0000022796E27880: libcurl info message cache 4 (TLSv1.2 (IN), TLS alert, Client hello (1):)
[2019.09.23-17.59.04:038][ 18]LogHttp: Warning: 0000022796E27880: libcurl info message cache 5 (Connection died, retrying a fresh connect)
[2019.09.23-17.59.04:038][ 18]LogHttp: Warning: 0000022796E27880: libcurl info message cache 6 (necessary data rewind wasn't possible)
[2019.09.23-17.59.04:038][ 18]LogHttp: Warning: 0000022796E27880: libcurl info message cache 7 (Closing connection 8)
[2019.09.23-17.59.04:038][ 18]LogHttp: Warning: 0000022796E27880: libcurl info message cache 8 (TLSv1.2 (OUT), TLS alert, Client hello (1):)
[2019.09.23-17.59.04:038][ 18]LogHttp: Warning: Retry exhausted on https://datarouter.ol.epicgames.com/datarouter/api/v1/public/data?SessionID=%7BD552EB0C-49E4-340E-45AC-71B398448275%7D&AppID=UEEditor.Rocket.Release&AppVersion=4.23.0-8386587%2B%2B%2BUE4%2BRelease-4.23&UserID=214355354d53645bcc411f877b68cb30%7C2dabe4d2f5ea4608960b563eeb96625e%7C6e12f9b7-01dc-4b90-814b-689960a7df32&AppEnvironment=datacollector-binary&UploadType=eteventstream
[2019.09.23-18.05.04:103][ 98]LogHttp: Warning: 0000022796E27880: invalid HTTP response code received. URL: https://datarouter.ol.epicgames.com/datarouter/api/v1/public/data?SessionID=%7BD552EB0C-49E4-340E-45AC-71B398448275%7D&AppID=UEEditor.Rocket.Release&AppVersion=4.23.0-8386587%2B%2B%2BUE4%2BRelease-4.23&UserID=214355354d53645bcc411f877b68cb30%7C2dabe4d2f5ea4608960b563eeb96625e%7C6e12f9b7-01dc-4b90-814b-689960a7df32&AppEnvironment=datacollector-binary&UploadType=eteventstream, HTTP code: 0, content length: -1, actual payload size: 0
[2019.09.23-18.05.04:103][ 98]LogHttp: Warning: 0000022796E27880: request failed, libcurl error: 0 (No error)
[2019.09.23-18.05.04:103][ 98]LogHttp: Warning: 0000022796E27880: libcurl info message cache 0 (Found bundle for host datarouter.ol.epicgames.com: 0x227e2337f70 [can pipeline])
[2019.09.23-18.05.04:103][ 98]LogHttp: Warning: 0000022796E27880: libcurl info message cache 1 (Re-using existing connection! (#10) with host datarouter.ol.epicgames.com)
[2019.09.23-18.05.04:103][ 98]LogHttp: Warning: 0000022796E27880: libcurl info message cache 2 (Connected to datarouter.ol.epicgames.com (34.194.74.77) port 443 (#10))
[2019.09.23-18.05.04:103][ 98]LogHttp: Warning: 0000022796E27880: libcurl info message cache 3 (We are completely uploaded and fine)
[2019.09.23-18.05.04:103][ 98]LogHttp: Warning: 0000022796E27880: libcurl info message cache 4 (TLSv1.2 (IN), TLS alert, Client hello (1):)
[2019.09.23-18.05.04:103][ 98]LogHttp: Warning: 0000022796E27880: libcurl info message cache 5 (Connection died, retrying a fresh connect)
[2019.09.23-18.05.04:103][ 98]LogHttp: Warning: 0000022796E27880: libcurl info message cache 6 (necessary data rewind wasn't possible)
[2019.09.23-18.05.04:103][ 98]LogHttp: Warning: 0000022796E27880: libcurl info message cache 7 (Closing connection 10)
[2019.09.23-18.05.04:103][ 98]LogHttp: Warning: 0000022796E27880: libcurl info message cache 8 (TLSv1.2 (OUT), TLS alert, Client hello (1):)
[2019.09.23-18.05.04:104][ 98]LogHttp: Warning: Retry exhausted on https://datarouter.ol.epicgames.com/datarouter/api/v1/public/data?SessionID=%7BD552EB0C-49E4-340E-45AC-71B398448275%7D&AppID=UEEditor.Rocket.Release&AppVersion=4.23.0-8386587%2B%2B%2BUE4%2BRelease-4.23&UserID=214355354d53645bcc411f877b68cb30%7C2dabe4d2f5ea4608960b563eeb96625e%7C6e12f9b7-01dc-4b90-814b-689960a7df32&AppEnvironment=datacollector-binary&UploadType=eteventstream
[2019.09.23-18.11.04:196][178]LogHttp: Warning: 0000022796E27880: invalid HTTP response code received. URL: https://datarouter.ol.epicgames.com/datarouter/api/v1/public/data?SessionID=%7BD552EB0C-49E4-340E-45AC-71B398448275%7D&AppID=UEEditor.Rocket.Release&AppVersion=4.23.0-8386587%2B%2B%2BUE4%2BRelease-4.23&UserID=214355354d53645bcc411f877b68cb30%7C2dabe4d2f5ea4608960b563eeb96625e%7C6e12f9b7-01dc-4b90-814b-689960a7df32&AppEnvironment=datacollector-binary&UploadType=eteventstream, HTTP code: 0, content length: -1, actual payload size: 0
[2019.09.23-18.11.04:196][178]LogHttp: Warning: 0000022796E27880: request failed, libcurl error: 0 (No error)
[2019.09.23-18.11.04:196][178]LogHttp: Warning: 0000022796E27880: libcurl info message cache 0 (Found bundle for host datarouter.ol.epicgames.com: 0x227e2337f70 [can pipeline])
[2019.09.23-18.11.04:196][178]LogHttp: Warning: 0000022796E27880: libcurl info message cache 1 (Re-using existing connection! (#12) with host datarouter.ol.epicgames.com)
[2019.09.23-18.11.04:196][178]LogHttp: Warning: 0000022796E27880: libcurl info message cache 2 (Connected to datarouter.ol.epicgames.com (52.22.91.178) port 443 (#12))
[2019.09.23-18.11.04:196][178]LogHttp: Warning: 0000022796E27880: libcurl info message cache 3 (We are completely uploaded and fine)
[2019.09.23-18.11.04:196][178]LogHttp: Warning: 0000022796E27880: libcurl info message cache 4 (TLSv1.2 (IN), TLS alert, Client hello (1):)
[2019.09.23-18.11.04:196][178]LogHttp: Warning: 0000022796E27880: libcurl info message cache 5 (Connection died, retrying a fresh connect)
[2019.09.23-18.11.04:196][178]LogHttp: Warning: 0000022796E27880: libcurl info message cache 6 (necessary data rewind wasn't possible)
[2019.09.23-18.11.04:196][178]LogHttp: Warning: 0000022796E27880: libcurl info message cache 7 (Closing connection 12)
[2019.09.23-18.11.04:196][178]LogHttp: Warning: 0000022796E27880: libcurl info message cache 8 (TLSv1.2 (OUT), TLS alert, Client hello (1):)
[2019.09.23-18.11.04:196][178]LogHttp: Warning: Retry exhausted on https://datarouter.ol.epicgames.com/datarouter/api/v1/public/data?SessionID=%7BD552EB0C-49E4-340E-45AC-71B398448275%7D&AppID=UEEditor.Rocket.Release&AppVersion=4.23.0-8386587%2B%2B%2BUE4%2BRelease-4.23&UserID=214355354d53645bcc411f877b68cb30%7C2dabe4d2f5ea4608960b563eeb96625e%7C6e12f9b7-01dc-4b90-814b-689960a7df32&AppEnvironment=datacollector-binary&UploadType=eteventstream
[2019.09.23-18.14.03:219][714]LogSlate: FSceneViewport::OnFocusLost() reason 5
[2019.09.23-18.14.14:045][409]LogSlate: Took 0.005236 seconds to synchronously load lazily loaded font '../../../Engine/Content/Slate/Fonts/Roboto-Italic.ttf' (157K)
[2019.09.23-18.14.31:269][449]LogSlate: FSceneViewport::OnFocusLost() reason 0
[2019.09.23-18.15.00:620][ 62]LogUObjectHash: Compacting FUObjectHashTables data took   2.05ms
[2019.09.23-18.15.00:896][ 62]LogSavePackage: Moving 'G:/Documents/Unreal Projects/unrealClass/Saved/foliage_Auto2F1B3C40D404645C246AB459031A53017.tmp' to 'G:/Documents/Unreal Projects/unrealClass/Saved/Autosaves/Game/ThirdPersonBP/Maps/foliage_Auto2.umap'
[2019.09.23-18.15.00:899][ 62]LogFileHelpers: Editor autosave (incl. sublevels) for '/Game/ThirdPersonBP/Maps/foliage' took 0.315
[2019.09.23-18.15.00:899][ 62]LogFileHelpers: Editor autosave (incl. sublevels) for all levels took 0.315
[2019.09.23-18.15.02:685][274]LogSlate: Window 'Color Picker' being destroyed
[2019.09.23-18.15.14:760][698]LogSlate: FSceneViewport::OnFocusLost() reason 0
[2019.09.23-18.15.14:850][709]LogSlate: Window 'Color Picker' being destroyed
[2019.09.23-18.15.24:485][859]LogSlate: Window 'Color Picker' being destroyed
[2019.09.23-18.15.29:925][506]LogSlate: Window 'Color Picker' being destroyed
[2019.09.23-18.15.33:884][978]LogSlate: FSceneViewport::OnFocusLost() reason 5
[2019.09.23-18.15.46:304][450]LogSlate: Window 'Color Picker' being destroyed
[2019.09.23-18.15.50:989][  9]LogSlate: FSceneViewport::OnFocusLost() reason 5
[2019.09.23-18.16.00:433][128]LogSlate: Window 'Color Picker' being destroyed
[2019.09.23-18.16.19:234][355]LogSlate: Window 'Color Picker' being destroyed
[2019.09.23-18.16.20:448][499]LogSlate: FSceneViewport::OnFocusLost() reason 0
[2019.09.23-18.16.39:101][726]LogSlate: FSceneViewport::OnFocusLost() reason 0
[2019.09.23-18.16.49:949][984]LogSlate: FSceneViewport::OnFocusLost() reason 0
[2019.09.23-18.17.07:940][116]LogSlate: FSceneViewport::OnFocusLost() reason 0
[2019.09.23-18.17.26:377][302]LogEditorViewport: Clicking on Actor (LMB): Landscape (Landscape)
[2019.09.23-18.17.30:356][772]LogSlate: FSceneViewport::OnFocusLost() reason 0
[2019.09.23-18.17.58:564][ 96]LogSlate: FSceneViewport::OnFocusLost() reason 0
[2019.09.23-18.19.03:944][933]LogHttp: Warning: 00000227CF865940: invalid HTTP response code received. URL: https://datarouter.ol.epicgames.com/datarouter/api/v1/public/data?SessionID=%7BD552EB0C-49E4-340E-45AC-71B398448275%7D&AppID=UEEditor.Rocket.Release&AppVersion=4.23.0-8386587%2B%2B%2BUE4%2BRelease-4.23&UserID=214355354d53645bcc411f877b68cb30%7C2dabe4d2f5ea4608960b563eeb96625e%7C6e12f9b7-01dc-4b90-814b-689960a7df32&AppEnvironment=datacollector-binary&UploadType=eteventstream, HTTP code: 0, content length: -1, actual payload size: 0
[2019.09.23-18.19.03:944][933]LogHttp: Warning: 00000227CF865940: request failed, libcurl error: 0 (No error)
[2019.09.23-18.19.03:944][933]LogHttp: Warning: 00000227CF865940: libcurl info message cache 0 (Found bundle for host datarouter.ol.epicgames.com: 0x227e2337f70 [can pipeline])
[2019.09.23-18.19.03:944][933]LogHttp: Warning: 00000227CF865940: libcurl info message cache 1 (Re-using existing connection! (#15) with host datarouter.ol.epicgames.com)
[2019.09.23-18.19.03:944][933]LogHttp: Warning: 00000227CF865940: libcurl info message cache 2 (Connected to datarouter.ol.epicgames.com (34.195.131.10) port 443 (#15))
[2019.09.23-18.19.03:944][933]LogHttp: Warning: 00000227CF865940: libcurl info message cache 3 (We are completely uploaded and fine)
[2019.09.23-18.19.03:944][933]LogHttp: Warning: 00000227CF865940: libcurl info message cache 4 (TLSv1.2 (IN), TLS alert, Client hello (1):)
[2019.09.23-18.19.03:944][933]LogHttp: Warning: 00000227CF865940: libcurl info message cache 5 (Connection died, retrying a fresh connect)
[2019.09.23-18.19.03:944][933]LogHttp: Warning: 00000227CF865940: libcurl info message cache 6 (necessary data rewind wasn't possible)
[2019.09.23-18.19.03:944][933]LogHttp: Warning: 00000227CF865940: libcurl info message cache 7 (Closing connection 15)
[2019.09.23-18.19.03:944][933]LogHttp: Warning: 00000227CF865940: libcurl info message cache 8 (TLSv1.2 (OUT), TLS alert, Client hello (1):)
[2019.09.23-18.19.03:952][934]LogHttp: Warning: Retry exhausted on https://datarouter.ol.epicgames.com/datarouter/api/v1/public/data?SessionID=%7BD552EB0C-49E4-340E-45AC-71B398448275%7D&AppID=UEEditor.Rocket.Release&AppVersion=4.23.0-8386587%2B%2B%2BUE4%2BRelease-4.23&UserID=214355354d53645bcc411f877b68cb30%7C2dabe4d2f5ea4608960b563eeb96625e%7C6e12f9b7-01dc-4b90-814b-689960a7df32&AppEnvironment=datacollector-binary&UploadType=eteventstream
[2019.09.23-18.20.01:075][422]LogSlate: FSceneViewport::OnFocusLost() reason 5
[2019.09.23-18.20.01:141][422]LogUObjectHash: Compacting FUObjectHashTables data took   2.18ms
[2019.09.23-18.20.01:427][422]LogSavePackage: Moving 'G:/Documents/Unreal Projects/unrealClass/Saved/foliage_Auto395B138A341504AED712C3BA80FDDEEC1.tmp' to 'G:/Documents/Unreal Projects/unrealClass/Saved/Autosaves/Game/ThirdPersonBP/Maps/foliage_Auto3.umap'
[2019.09.23-18.20.01:429][422]LogFileHelpers: Editor autosave (incl. sublevels) for '/Game/ThirdPersonBP/Maps/foliage' took 0.344
[2019.09.23-18.20.01:429][422]LogFileHelpers: Editor autosave (incl. sublevels) for all levels took 0.344
[2019.09.23-18.20.05:515][894]LogSlate: FSceneViewport::OnFocusLost() reason 0
[2019.09.23-18.20.30:261][ 57]LogAssetEditorManager: Opening Asset editor for LevelScriptBlueprint /Game/ThirdPersonBP/Maps/foliage.foliage:PersistentLevel.foliage
[2019.09.23-18.20.30:588][ 57]LogContentBrowser: Native class hierarchy updated for 'BlueprintGraph' in 0.0006 seconds. Added 121 classes and 0 folders.
[2019.09.23-18.20.31:409][ 57]LogSlate: Took 0.004864 seconds to synchronously load lazily loaded font '../../../Engine/Content/Slate/Fonts/Roboto-BoldCondensed.ttf' (158K)
[2019.09.23-18.25.01:757][  2]LogUObjectHash: Compacting FUObjectHashTables data took   4.25ms
[2019.09.23-18.25.02:119][  2]LogSavePackage: Moving 'G:/Documents/Unreal Projects/unrealClass/Saved/foliage_Auto4259E52C147AF4CDB05B305BEED6AAAC3.tmp' to 'G:/Documents/Unreal Projects/unrealClass/Saved/Autosaves/Game/ThirdPersonBP/Maps/foliage_Auto4.umap'
[2019.09.23-18.25.02:121][  2]LogFileHelpers: Editor autosave (incl. sublevels) for '/Game/ThirdPersonBP/Maps/foliage' took 0.412
[2019.09.23-18.25.02:121][  2]LogFileHelpers: Editor autosave (incl. sublevels) for all levels took 0.412
[2019.09.23-18.33.04:385][439]LogHttp: Warning: 00000227CF676C00: invalid HTTP response code received. URL: https://datarouter.ol.epicgames.com/datarouter/api/v1/public/data?SessionID=%7BD552EB0C-49E4-340E-45AC-71B398448275%7D&AppID=UEEditor.Rocket.Release&AppVersion=4.23.0-8386587%2B%2B%2BUE4%2BRelease-4.23&UserID=214355354d53645bcc411f877b68cb30%7C2dabe4d2f5ea4608960b563eeb96625e%7C6e12f9b7-01dc-4b90-814b-689960a7df32&AppEnvironment=datacollector-binary&UploadType=eteventstream, HTTP code: 0, content length: -1, actual payload size: 0
[2019.09.23-18.33.04:385][439]LogHttp: Warning: 00000227CF676C00: request failed, libcurl error: 0 (No error)
[2019.09.23-18.33.04:385][439]LogHttp: Warning: 00000227CF676C00: libcurl info message cache 0 (Found bundle for host datarouter.ol.epicgames.com: 0x227e2337f70 [can pipeline])
[2019.09.23-18.33.04:385][439]LogHttp: Warning: 00000227CF676C00: libcurl info message cache 1 (Re-using existing connection! (#21) with host datarouter.ol.epicgames.com)
[2019.09.23-18.33.04:385][439]LogHttp: Warning: 00000227CF676C00: libcurl info message cache 2 (Connected to datarouter.ol.epicgames.com (54.88.198.7) port 443 (#21))
[2019.09.23-18.33.04:385][439]LogHttp: Warning: 00000227CF676C00: libcurl info message cache 3 (We are completely uploaded and fine)
[2019.09.23-18.33.04:385][439]LogHttp: Warning: 00000227CF676C00: libcurl info message cache 4 (TLSv1.2 (IN), TLS alert, Client hello (1):)
[2019.09.23-18.33.04:385][439]LogHttp: Warning: 00000227CF676C00: libcurl info message cache 5 (Connection died, retrying a fresh connect)
[2019.09.23-18.33.04:385][439]LogHttp: Warning: 00000227CF676C00: libcurl info message cache 6 (necessary data rewind wasn't possible)
[2019.09.23-18.33.04:385][439]LogHttp: Warning: 00000227CF676C00: libcurl info message cache 7 (Closing connection 21)
[2019.09.23-18.33.04:385][439]LogHttp: Warning: 00000227CF676C00: libcurl info message cache 8 (TLSv1.2 (OUT), TLS alert, Client hello (1):)
[2019.09.23-18.33.04:720][440]LogHttp: Warning: Retry exhausted on https://datarouter.ol.epicgames.com/datarouter/api/v1/public/data?SessionID=%7BD552EB0C-49E4-340E-45AC-71B398448275%7D&AppID=UEEditor.Rocket.Release&AppVersion=4.23.0-8386587%2B%2B%2BUE4%2BRelease-4.23&UserID=214355354d53645bcc411f877b68cb30%7C2dabe4d2f5ea4608960b563eeb96625e%7C6e12f9b7-01dc-4b90-814b-689960a7df32&AppEnvironment=datacollector-binary&UploadType=eteventstream
[2019.09.23-18.45.04:210][593]LogHttp: Warning: 00000227CF676C00: invalid HTTP response code received. URL: https://datarouter.ol.epicgames.com/datarouter/api/v1/public/data?SessionID=%7BD552EB0C-49E4-340E-45AC-71B398448275%7D&AppID=UEEditor.Rocket.Release&AppVersion=4.23.0-8386587%2B%2B%2BUE4%2BRelease-4.23&UserID=214355354d53645bcc411f877b68cb30%7C2dabe4d2f5ea4608960b563eeb96625e%7C6e12f9b7-01dc-4b90-814b-689960a7df32&AppEnvironment=datacollector-binary&UploadType=eteventstream, HTTP code: 0, content length: -1, actual payload size: 0
[2019.09.23-18.45.04:210][593]LogHttp: Warning: 00000227CF676C00: request failed, libcurl error: 0 (No error)
[2019.09.23-18.45.04:210][593]LogHttp: Warning: 00000227CF676C00: libcurl info message cache 0 (Found bundle for host datarouter.ol.epicgames.com: 0x227e2337f70 [can pipeline])
[2019.09.23-18.45.04:210][593]LogHttp: Warning: 00000227CF676C00: libcurl info message cache 1 (Re-using existing connection! (#26) with host datarouter.ol.epicgames.com)
[2019.09.23-18.45.04:210][593]LogHttp: Warning: 00000227CF676C00: libcurl info message cache 2 (Connected to datarouter.ol.epicgames.com (52.204.243.49) port 443 (#26))
[2019.09.23-18.45.04:210][593]LogHttp: Warning: 00000227CF676C00: libcurl info message cache 3 (We are completely uploaded and fine)
[2019.09.23-18.45.04:210][593]LogHttp: Warning: 00000227CF676C00: libcurl info message cache 4 (TLSv1.2 (IN), TLS alert, Client hello (1):)
[2019.09.23-18.45.04:210][593]LogHttp: Warning: 00000227CF676C00: libcurl info message cache 5 (Connection died, retrying a fresh connect)
[2019.09.23-18.45.04:210][593]LogHttp: Warning: 00000227CF676C00: libcurl info message cache 6 (necessary data rewind wasn't possible)
[2019.09.23-18.45.04:210][593]LogHttp: Warning: 00000227CF676C00: libcurl info message cache 7 (Closing connection 26)
[2019.09.23-18.45.04:210][593]LogHttp: Warning: 00000227CF676C00: libcurl info message cache 8 (TLSv1.2 (OUT), TLS alert, Client hello (1):)
[2019.09.23-18.45.04:544][594]LogHttp: Warning: Retry exhausted on https://datarouter.ol.epicgames.com/datarouter/api/v1/public/data?SessionID=%7BD552EB0C-49E4-340E-45AC-71B398448275%7D&AppID=UEEditor.Rocket.Release&AppVersion=4.23.0-8386587%2B%2B%2BUE4%2BRelease-4.23&UserID=214355354d53645bcc411f877b68cb30%7C2dabe4d2f5ea4608960b563eeb96625e%7C6e12f9b7-01dc-4b90-814b-689960a7df32&AppEnvironment=datacollector-binary&UploadType=eteventstream
[2019.09.23-19.26.03:944][950]LogHttp: Warning: 00000227CF676C00: invalid HTTP response code received. URL: https://datarouter.ol.epicgames.com/datarouter/api/v1/public/data?SessionID=%7BD552EB0C-49E4-340E-45AC-71B398448275%7D&AppID=UEEditor.Rocket.Release&AppVersion=4.23.0-8386587%2B%2B%2BUE4%2BRelease-4.23&UserID=214355354d53645bcc411f877b68cb30%7C2dabe4d2f5ea4608960b563eeb96625e%7C6e12f9b7-01dc-4b90-814b-689960a7df32&AppEnvironment=datacollector-binary&UploadType=eteventstream, HTTP code: 0, content length: -1, actual payload size: 0
[2019.09.23-19.26.03:944][950]LogHttp: Warning: 00000227CF676C00: request failed, libcurl error: 0 (No error)
[2019.09.23-19.26.03:944][950]LogHttp: Warning: 00000227CF676C00: libcurl info message cache 0 (Found bundle for host datarouter.ol.epicgames.com: 0x227e2337f70 [can pipeline])
[2019.09.23-19.26.03:944][950]LogHttp: Warning: 00000227CF676C00: libcurl info message cache 1 (Re-using existing connection! (#45) with host datarouter.ol.epicgames.com)
[2019.09.23-19.26.03:944][950]LogHttp: Warning: 00000227CF676C00: libcurl info message cache 2 (Connected to datarouter.ol.epicgames.com (52.55.229.147) port 443 (#45))
[2019.09.23-19.26.03:944][950]LogHttp: Warning: 00000227CF676C00: libcurl info message cache 3 (We are completely uploaded and fine)
[2019.09.23-19.26.03:944][950]LogHttp: Warning: 00000227CF676C00: libcurl info message cache 4 (TLSv1.2 (IN), TLS alert, Client hello (1):)
[2019.09.23-19.26.03:944][950]LogHttp: Warning: 00000227CF676C00: libcurl info message cache 5 (Connection died, retrying a fresh connect)
[2019.09.23-19.26.03:944][950]LogHttp: Warning: 00000227CF676C00: libcurl info message cache 6 (necessary data rewind wasn't possible)
[2019.09.23-19.26.03:944][950]LogHttp: Warning: 00000227CF676C00: libcurl info message cache 7 (Closing connection 45)
[2019.09.23-19.26.03:944][950]LogHttp: Warning: 00000227CF676C00: libcurl info message cache 8 (TLSv1.2 (OUT), TLS alert, Client hello (1):)
[2019.09.23-19.26.03:944][950]LogHttp: Warning: Retry exhausted on https://datarouter.ol.epicgames.com/datarouter/api/v1/public/data?SessionID=%7BD552EB0C-49E4-340E-45AC-71B398448275%7D&AppID=UEEditor.Rocket.Release&AppVersion=4.23.0-8386587%2B%2B%2BUE4%2BRelease-4.23&UserID=214355354d53645bcc411f877b68cb30%7C2dabe4d2f5ea4608960b563eeb96625e%7C6e12f9b7-01dc-4b90-814b-689960a7df32&AppEnvironment=datacollector-binary&UploadType=eteventstream
[2019.09.23-19.29.15:915][ 77]LogAudio: Warning: Current Audio Device with ID {0.0.0.00000000}.{2f02fc96-ffb9-4924-bbfa-5a4f08923ab6} was removed. Shutting down audio device.
